[0.341s] Invoking command in '/home/yumasgmt/ros2_ws/build/cpp_pubsub': AMENT_PREFIX_PATH=/home/yumasgmt/ros2_ws/install/can_plugins2:${AMENT_PREFIX_PATH} CMAKE_PREFIX_PATH=/home/yumasgmt/ros2_ws/install/can_plugins2:/opt/ros/humble LD_LIBRARY_PATH=/home/yumasgmt/ros2_ws/install/can_plugins2/lib:${LD_LIBRARY_PATH} PYTHONPATH=/home/yumasgmt/ros2_ws/install/can_plugins2/local/lib/python3.10/dist-packages:${PYTHONPATH} /usr/bin/cmake --build /home/yumasgmt/ros2_ws/build/cpp_pubsub -- -j4 -l4
[0.451s] [ 50%] Built target listener
[0.464s] [ 75%] [32mBuilding CXX object CMakeFiles/talker.dir/src/pub_hello_can.cpp.o[0m
[4.762s] In file included from [01m[K/opt/ros/humble/include/rclcpp/rclcpp/logging.hpp:24[m[K,
[4.762s]                  from [01m[K/opt/ros/humble/include/rclcpp/rclcpp/client.hpp:40[m[K,
[4.762s]                  from [01m[K/opt/ros/humble/include/rclcpp/rclcpp/callback_group.hpp:24[m[K,
[4.762s]                  from [01m[K/opt/ros/humble/include/rclcpp/rclcpp/any_executable.hpp:20[m[K,
[4.762s]                  from [01m[K/opt/ros/humble/include/rclcpp/rclcpp/memory_strategy.hpp:25[m[K,
[4.762s]                  from [01m[K/opt/ros/humble/include/rclcpp/rclcpp/memory_strategies.hpp:18[m[K,
[4.762s]                  from [01m[K/opt/ros/humble/include/rclcpp/rclcpp/executor_options.hpp:20[m[K,
[4.762s]                  from [01m[K/opt/ros/humble/include/rclcpp/rclcpp/executor.hpp:37[m[K,
[4.762s]                  from [01m[K/opt/ros/humble/include/rclcpp/rclcpp/executors/multi_threaded_executor.hpp:25[m[K,
[4.762s]                  from [01m[K/opt/ros/humble/include/rclcpp/rclcpp/executors.hpp:21[m[K,
[4.763s]                  from [01m[K/opt/ros/humble/include/rclcpp/rclcpp/rclcpp.hpp:155[m[K,
[4.763s]                  from [01m[K/home/yumasgmt/ros2_ws/src/cpp_pubsub/src/pub_hello_can.cpp:6[m[K:
[4.763s] [01m[K/home/yumasgmt/ros2_ws/src/cpp_pubsub/src/pub_hello_can.cpp:[m[K In member function ‘[01m[Kvoid MinimalPublisher::joy_callback(sensor_msgs::msg::Joy_<std::allocator<void> >::SharedPtr)[m[K’:
[4.763s] [01m[K/home/yumasgmt/ros2_ws/src/cpp_pubsub/src/pub_hello_can.cpp:86:39:[m[K [01;35m[Kwarning: [m[Kformat ‘[01m[K%f[m[K’ expects argument of type ‘[01m[Kdouble[m[K’, but argument 5 has type ‘[01m[Kint[m[K’ [[01;35m[K]8;;https://gcc.gnu.org/onlinedocs/gcc/Warning-Options.html#index-Wformat=-Wformat=]8;;[m[K]
[4.763s]    86 |       RCLCPP_INFO(this->get_logger(), [01;35m[K"Published Shirasu Mode: '%f'"[m[K, mode_msg.data[0]);
[4.763s]       |                                       [01;35m[K^~~~~~~~~~~~~~~~~~~~~~~~~~~~~~[m[K
[4.763s] [01m[K/home/yumasgmt/ros2_ws/src/cpp_pubsub/src/pub_hello_can.cpp:86:66:[m[K [01;36m[Knote: [m[Kformat string is defined here
[4.763s]    86 |       RCLCPP_INFO(this->get_logger(), "Published Shirasu Mode: '[01;36m[K%f[m[K'", mode_msg.data[0]);
[4.763s]       |                                                                 [01;36m[K~^[m[K
[4.763s]       |                                                                  [01;36m[K|[m[K
[4.763s]       |                                                                  [01;36m[Kdouble[m[K
[4.764s]       |                                                                 [32m[K%d[m[K
[4.765s] In file included from [01m[K/opt/ros/humble/include/rclcpp/rclcpp/logging.hpp:24[m[K,
[4.765s]                  from [01m[K/opt/ros/humble/include/rclcpp/rclcpp/client.hpp:40[m[K,
[4.765s]                  from [01m[K/opt/ros/humble/include/rclcpp/rclcpp/callback_group.hpp:24[m[K,
[4.765s]                  from [01m[K/opt/ros/humble/include/rclcpp/rclcpp/any_executable.hpp:20[m[K,
[4.765s]                  from [01m[K/opt/ros/humble/include/rclcpp/rclcpp/memory_strategy.hpp:25[m[K,
[4.765s]                  from [01m[K/opt/ros/humble/include/rclcpp/rclcpp/memory_strategies.hpp:18[m[K,
[4.765s]                  from [01m[K/opt/ros/humble/include/rclcpp/rclcpp/executor_options.hpp:20[m[K,
[4.765s]                  from [01m[K/opt/ros/humble/include/rclcpp/rclcpp/executor.hpp:37[m[K,
[4.765s]                  from [01m[K/opt/ros/humble/include/rclcpp/rclcpp/executors/multi_threaded_executor.hpp:25[m[K,
[4.765s]                  from [01m[K/opt/ros/humble/include/rclcpp/rclcpp/executors.hpp:21[m[K,
[4.765s]                  from [01m[K/opt/ros/humble/include/rclcpp/rclcpp/rclcpp.hpp:155[m[K,
[4.766s]                  from [01m[K/home/yumasgmt/ros2_ws/src/cpp_pubsub/src/pub_hello_can.cpp:6[m[K:
[4.766s] [01m[K/home/yumasgmt/ros2_ws/src/cpp_pubsub/src/pub_hello_can.cpp:[m[K In member function ‘[01m[Kvoid MinimalPublisher::timer_target_callback()[m[K’:
[4.766s] [01m[K/home/yumasgmt/ros2_ws/src/cpp_pubsub/src/pub_hello_can.cpp:94:36:[m[K [01;35m[Kwarning: [m[Kformat ‘[01m[K%f[m[K’ expects argument of type ‘[01m[Kdouble[m[K’, but argument 5 has type ‘[01m[Kcan_plugins2::msg::Frame_<std::allocator<void> >::_data_type[m[K’ {aka ‘[01m[Kstd::array<unsigned char, 8>[m[K’} [[01;35m[K]8;;https://gcc.gnu.org/onlinedocs/gcc/Warning-Options.html#index-Wformat=-Wformat=]8;;[m[K]
[4.766s]    94 |     RCLCPP_INFO(this->get_logger(),[01;35m[K"Published Shirasu Target: '%f'"[m[K, [32m[Ktarget_msg.data[m[K);
[4.766s]       |                                    [01;35m[K^~~~~~~~~~~~~~~~~~~~~~~~~~~~~~~~[m[K  [32m[K~~~~~~~~~~~~~~~[m[K
[4.766s]       |                                                                                 [32m[K|[m[K
[4.766s]       |                                                                                 [32m[Kcan_plugins2::msg::Frame_<std::allocator<void> >::_data_type {aka std::array<unsigned char, 8>}[m[K
[4.766s] [01m[K/home/yumasgmt/ros2_ws/src/cpp_pubsub/src/pub_hello_can.cpp:94:65:[m[K [01;36m[Knote: [m[Kformat string is defined here
[4.766s]    94 |     RCLCPP_INFO(this->get_logger(),"Published Shirasu Target: '[01;36m[K%f[m[K'", target_msg.data);
[4.766s]       |                                                                [01;36m[K~^[m[K
[4.766s]       |                                                                 [01;36m[K|[m[K
[4.766s]       |                                                                 [01;36m[Kdouble[m[K
[14.864s] [100%] [32m[1mLinking CXX executable talker[0m
[16.159s] [100%] Built target talker
[16.175s] Invoked command in '/home/yumasgmt/ros2_ws/build/cpp_pubsub' returned '0': AMENT_PREFIX_PATH=/home/yumasgmt/ros2_ws/install/can_plugins2:${AMENT_PREFIX_PATH} CMAKE_PREFIX_PATH=/home/yumasgmt/ros2_ws/install/can_plugins2:/opt/ros/humble LD_LIBRARY_PATH=/home/yumasgmt/ros2_ws/install/can_plugins2/lib:${LD_LIBRARY_PATH} PYTHONPATH=/home/yumasgmt/ros2_ws/install/can_plugins2/local/lib/python3.10/dist-packages:${PYTHONPATH} /usr/bin/cmake --build /home/yumasgmt/ros2_ws/build/cpp_pubsub -- -j4 -l4
[16.234s] Invoking command in '/home/yumasgmt/ros2_ws/build/cpp_pubsub': AMENT_PREFIX_PATH=/home/yumasgmt/ros2_ws/install/can_plugins2:${AMENT_PREFIX_PATH} CMAKE_PREFIX_PATH=/home/yumasgmt/ros2_ws/install/can_plugins2:/opt/ros/humble LD_LIBRARY_PATH=/home/yumasgmt/ros2_ws/install/can_plugins2/lib:${LD_LIBRARY_PATH} PYTHONPATH=/home/yumasgmt/ros2_ws/install/can_plugins2/local/lib/python3.10/dist-packages:${PYTHONPATH} /usr/bin/cmake --install /home/yumasgmt/ros2_ws/build/cpp_pubsub
[16.250s] -- Install configuration: ""
[16.252s] -- Installing: /home/yumasgmt/ros2_ws/install/cpp_pubsub/lib/cpp_pubsub/talker
[16.261s] -- Set runtime path of "/home/yumasgmt/ros2_ws/install/cpp_pubsub/lib/cpp_pubsub/talker" to ""
[16.261s] -- Up-to-date: /home/yumasgmt/ros2_ws/install/cpp_pubsub/lib/cpp_pubsub/listener
[16.262s] -- Up-to-date: /home/yumasgmt/ros2_ws/install/cpp_pubsub/share/ament_index/resource_index/package_run_dependencies/cpp_pubsub
[16.262s] -- Up-to-date: /home/yumasgmt/ros2_ws/install/cpp_pubsub/share/ament_index/resource_index/parent_prefix_path/cpp_pubsub
[16.262s] -- Up-to-date: /home/yumasgmt/ros2_ws/install/cpp_pubsub/share/cpp_pubsub/environment/ament_prefix_path.sh
[16.262s] -- Up-to-date: /home/yumasgmt/ros2_ws/install/cpp_pubsub/share/cpp_pubsub/environment/ament_prefix_path.dsv
[16.263s] -- Up-to-date: /home/yumasgmt/ros2_ws/install/cpp_pubsub/share/cpp_pubsub/environment/path.sh
[16.263s] -- Up-to-date: /home/yumasgmt/ros2_ws/install/cpp_pubsub/share/cpp_pubsub/environment/path.dsv
[16.267s] -- Up-to-date: /home/yumasgmt/ros2_ws/install/cpp_pubsub/share/cpp_pubsub/local_setup.bash
[16.268s] -- Up-to-date: /home/yumasgmt/ros2_ws/install/cpp_pubsub/share/cpp_pubsub/local_setup.sh
[16.268s] -- Up-to-date: /home/yumasgmt/ros2_ws/install/cpp_pubsub/share/cpp_pubsub/local_setup.zsh
[16.269s] -- Up-to-date: /home/yumasgmt/ros2_ws/install/cpp_pubsub/share/cpp_pubsub/local_setup.dsv
[16.270s] -- Installing: /home/yumasgmt/ros2_ws/install/cpp_pubsub/share/cpp_pubsub/package.dsv
[16.270s] -- Up-to-date: /home/yumasgmt/ros2_ws/install/cpp_pubsub/share/ament_index/resource_index/packages/cpp_pubsub
[16.270s] -- Up-to-date: /home/yumasgmt/ros2_ws/install/cpp_pubsub/share/cpp_pubsub/cmake/cpp_pubsubConfig.cmake
[16.271s] -- Up-to-date: /home/yumasgmt/ros2_ws/install/cpp_pubsub/share/cpp_pubsub/cmake/cpp_pubsubConfig-version.cmake
[16.271s] -- Up-to-date: /home/yumasgmt/ros2_ws/install/cpp_pubsub/share/cpp_pubsub/package.xml
[16.277s] Invoked command in '/home/yumasgmt/ros2_ws/build/cpp_pubsub' returned '0': AMENT_PREFIX_PATH=/home/yumasgmt/ros2_ws/install/can_plugins2:${AMENT_PREFIX_PATH} CMAKE_PREFIX_PATH=/home/yumasgmt/ros2_ws/install/can_plugins2:/opt/ros/humble LD_LIBRARY_PATH=/home/yumasgmt/ros2_ws/install/can_plugins2/lib:${LD_LIBRARY_PATH} PYTHONPATH=/home/yumasgmt/ros2_ws/install/can_plugins2/local/lib/python3.10/dist-packages:${PYTHONPATH} /usr/bin/cmake --install /home/yumasgmt/ros2_ws/build/cpp_pubsub
