[1.798s] DEBUG:colcon:Command line arguments: ['/usr/bin/colcon', 'build', '--packages-select', 'omni_4']
[1.799s] DEBUG:colcon:Parsed command line arguments: Namespace(log_base=None, log_level=None, verb_name='build', build_base='build', install_base='install', merge_install=False, symlink_install=False, test_result_base=None, continue_on_error=False, executor='parallel', parallel_workers=4, event_handlers=None, ignore_user_meta=False, metas=['./colcon.meta'], base_paths=['.'], packages_ignore=None, packages_ignore_regex=None, paths=None, packages_up_to=None, packages_up_to_regex=None, packages_above=None, packages_above_and_dependencies=None, packages_above_depth=None, packages_select_by_dep=None, packages_skip_by_dep=None, packages_skip_up_to=None, packages_select_build_failed=False, packages_skip_build_finished=False, packages_select_test_failures=False, packages_skip_test_passed=False, packages_select=['omni_4'], packages_skip=None, packages_select_regex=None, packages_skip_regex=None, packages_start=None, packages_end=None, allow_overriding=[], cmake_args=None, cmake_target=None, cmake_target_skip_unavailable=False, cmake_clean_cache=False, cmake_clean_first=False, cmake_force_configure=False, ament_cmake_args=None, catkin_cmake_args=None, catkin_skip_building_tests=False, verb_parser=<colcon_defaults.argument_parser.defaults.DefaultArgumentsDecorator object at 0x7f12f50cd630>, verb_extension=<colcon_core.verb.build.BuildVerb object at 0x7f12f535b7c0>, main=<bound method BuildVerb.main of <colcon_core.verb.build.BuildVerb object at 0x7f12f535b7c0>>)
[1.901s] Level 1:colcon.colcon_core.package_discovery:discover_packages(colcon_meta) check parameters
[1.901s] Level 1:colcon.colcon_core.package_discovery:discover_packages(recursive) check parameters
[1.901s] Level 1:colcon.colcon_core.package_discovery:discover_packages(ignore) check parameters
[1.901s] Level 1:colcon.colcon_core.package_discovery:discover_packages(path) check parameters
[1.901s] Level 1:colcon.colcon_core.package_discovery:discover_packages(colcon_meta) discover
[1.901s] Level 1:colcon.colcon_core.package_discovery:discover_packages(recursive) discover
[1.902s] INFO:colcon.colcon_core.package_discovery:Crawling recursively for packages in '/home/yumasgmt/ros2_ws'
[1.902s] Level 1:colcon.colcon_core.package_identification:_identify(.) by extensions ['ignore', 'ignore_ament_install']
[1.902s] Level 1:colcon.colcon_core.package_identification:_identify(.) by extension 'ignore'
[1.902s] Level 1:colcon.colcon_core.package_identification:_identify(.) by extension 'ignore_ament_install'
[1.902s] Level 1:colcon.colcon_core.package_identification:_identify(.) by extensions ['colcon_pkg']
[1.902s] Level 1:colcon.colcon_core.package_identification:_identify(.) by extension 'colcon_pkg'
[1.903s] Level 1:colcon.colcon_core.package_identification:_identify(.) by extensions ['colcon_meta']
[1.903s] Level 1:colcon.colcon_core.package_identification:_identify(.) by extension 'colcon_meta'
[1.904s] Level 1:colcon.colcon_core.package_identification:_identify(.) by extensions ['ros']
[1.904s] Level 1:colcon.colcon_core.package_identification:_identify(.) by extension 'ros'
[1.959s] Level 1:colcon.colcon_core.package_identification:_identify(.) by extensions ['cmake', 'python']
[1.959s] Level 1:colcon.colcon_core.package_identification:_identify(.) by extension 'cmake'
[1.960s] Level 1:colcon.colcon_core.package_identification:_identify(.) by extension 'python'
[1.960s] Level 1:colcon.colcon_core.package_identification:_identify(.) by extensions ['python_setup_py']
[1.960s] Level 1:colcon.colcon_core.package_identification:_identify(.) by extension 'python_setup_py'
[1.960s] Level 1:colcon.colcon_core.package_identification:_identify(build) by extensions ['ignore', 'ignore_ament_install']
[1.960s] Level 1:colcon.colcon_core.package_identification:_identify(build) by extension 'ignore'
[1.961s] Level 1:colcon.colcon_core.package_identification:_identify(build) ignored
[1.961s] Level 1:colcon.colcon_core.package_identification:_identify(install) by extensions ['ignore', 'ignore_ament_install']
[1.961s] Level 1:colcon.colcon_core.package_identification:_identify(install) by extension 'ignore'
[1.962s] Level 1:colcon.colcon_core.package_identification:_identify(install) ignored
[1.962s] Level 1:colcon.colcon_core.package_identification:_identify(log) by extensions ['ignore', 'ignore_ament_install']
[1.963s] Level 1:colcon.colcon_core.package_identification:_identify(log) by extension 'ignore'
[1.963s] Level 1:colcon.colcon_core.package_identification:_identify(log) ignored
[1.963s] Level 1:colcon.colcon_core.package_identification:_identify(src) by extensions ['ignore', 'ignore_ament_install']
[1.963s] Level 1:colcon.colcon_core.package_identification:_identify(src) by extension 'ignore'
[1.963s] Level 1:colcon.colcon_core.package_identification:_identify(src) by extension 'ignore_ament_install'
[1.963s] Level 1:colcon.colcon_core.package_identification:_identify(src) by extensions ['colcon_pkg']
[1.964s] Level 1:colcon.colcon_core.package_identification:_identify(src) by extension 'colcon_pkg'
[1.964s] Level 1:colcon.colcon_core.package_identification:_identify(src) by extensions ['colcon_meta']
[1.964s] Level 1:colcon.colcon_core.package_identification:_identify(src) by extension 'colcon_meta'
[1.965s] Level 1:colcon.colcon_core.package_identification:_identify(src) by extensions ['ros']
[1.965s] Level 1:colcon.colcon_core.package_identification:_identify(src) by extension 'ros'
[1.966s] Level 1:colcon.colcon_core.package_identification:_identify(src) by extensions ['cmake', 'python']
[1.966s] Level 1:colcon.colcon_core.package_identification:_identify(src) by extension 'cmake'
[1.967s] Level 1:colcon.colcon_core.package_identification:_identify(src) by extension 'python'
[1.967s] Level 1:colcon.colcon_core.package_identification:_identify(src) by extensions ['python_setup_py']
[1.967s] Level 1:colcon.colcon_core.package_identification:_identify(src) by extension 'python_setup_py'
[1.967s] Level 1:colcon.colcon_core.package_identification:_identify(src/can_plugins2) by extensions ['ignore', 'ignore_ament_install']
[1.968s] Level 1:colcon.colcon_core.package_identification:_identify(src/can_plugins2) by extension 'ignore'
[1.968s] Level 1:colcon.colcon_core.package_identification:_identify(src/can_plugins2) by extension 'ignore_ament_install'
[1.968s] Level 1:colcon.colcon_core.package_identification:_identify(src/can_plugins2) by extensions ['colcon_pkg']
[1.968s] Level 1:colcon.colcon_core.package_identification:_identify(src/can_plugins2) by extension 'colcon_pkg'
[1.968s] Level 1:colcon.colcon_core.package_identification:_identify(src/can_plugins2) by extensions ['colcon_meta']
[1.969s] Level 1:colcon.colcon_core.package_identification:_identify(src/can_plugins2) by extension 'colcon_meta'
[1.969s] Level 1:colcon.colcon_core.package_identification:_identify(src/can_plugins2) by extensions ['ros']
[1.969s] Level 1:colcon.colcon_core.package_identification:_identify(src/can_plugins2) by extension 'ros'
[1.987s] DEBUG:colcon.colcon_core.package_identification:Package 'src/can_plugins2' with type 'ros.ament_cmake' and name 'can_plugins2'
[1.987s] Level 1:colcon.colcon_core.package_identification:_identify(src/cpp_pubsub) by extensions ['ignore', 'ignore_ament_install']
[1.987s] Level 1:colcon.colcon_core.package_identification:_identify(src/cpp_pubsub) by extension 'ignore'
[1.988s] Level 1:colcon.colcon_core.package_identification:_identify(src/cpp_pubsub) by extension 'ignore_ament_install'
[1.988s] Level 1:colcon.colcon_core.package_identification:_identify(src/cpp_pubsub) by extensions ['colcon_pkg']
[1.988s] Level 1:colcon.colcon_core.package_identification:_identify(src/cpp_pubsub) by extension 'colcon_pkg'
[1.988s] Level 1:colcon.colcon_core.package_identification:_identify(src/cpp_pubsub) by extensions ['colcon_meta']
[1.988s] Level 1:colcon.colcon_core.package_identification:_identify(src/cpp_pubsub) by extension 'colcon_meta'
[1.988s] Level 1:colcon.colcon_core.package_identification:_identify(src/cpp_pubsub) by extensions ['ros']
[1.988s] Level 1:colcon.colcon_core.package_identification:_identify(src/cpp_pubsub) by extension 'ros'
[1.992s] DEBUG:colcon.colcon_core.package_identification:Package 'src/cpp_pubsub' with type 'ros.ament_cmake' and name 'cpp_pubsub'
[1.992s] Level 1:colcon.colcon_core.package_identification:_identify(src/omni_4) by extensions ['ignore', 'ignore_ament_install']
[1.992s] Level 1:colcon.colcon_core.package_identification:_identify(src/omni_4) by extension 'ignore'
[1.992s] Level 1:colcon.colcon_core.package_identification:_identify(src/omni_4) by extension 'ignore_ament_install'
[1.993s] Level 1:colcon.colcon_core.package_identification:_identify(src/omni_4) by extensions ['colcon_pkg']
[1.993s] Level 1:colcon.colcon_core.package_identification:_identify(src/omni_4) by extension 'colcon_pkg'
[1.993s] Level 1:colcon.colcon_core.package_identification:_identify(src/omni_4) by extensions ['colcon_meta']
[1.993s] Level 1:colcon.colcon_core.package_identification:_identify(src/omni_4) by extension 'colcon_meta'
[1.993s] Level 1:colcon.colcon_core.package_identification:_identify(src/omni_4) by extensions ['ros']
[1.993s] Level 1:colcon.colcon_core.package_identification:_identify(src/omni_4) by extension 'ros'
[1.994s] DEBUG:colcon.colcon_core.package_identification:Package 'src/omni_4' with type 'ros.ament_cmake' and name 'omni_4'
[1.994s] Level 1:colcon.colcon_core.package_identification:_identify(tmp_src) by extensions ['ignore', 'ignore_ament_install']
[1.995s] Level 1:colcon.colcon_core.package_identification:_identify(tmp_src) by extension 'ignore'
[1.995s] Level 1:colcon.colcon_core.package_identification:_identify(tmp_src) by extension 'ignore_ament_install'
[1.995s] Level 1:colcon.colcon_core.package_identification:_identify(tmp_src) by extensions ['colcon_pkg']
[1.995s] Level 1:colcon.colcon_core.package_identification:_identify(tmp_src) by extension 'colcon_pkg'
[1.995s] Level 1:colcon.colcon_core.package_identification:_identify(tmp_src) by extensions ['colcon_meta']
[1.995s] Level 1:colcon.colcon_core.package_identification:_identify(tmp_src) by extension 'colcon_meta'
[1.995s] Level 1:colcon.colcon_core.package_identification:_identify(tmp_src) by extensions ['ros']
[1.995s] Level 1:colcon.colcon_core.package_identification:_identify(tmp_src) by extension 'ros'
[1.995s] Level 1:colcon.colcon_core.package_identification:_identify(tmp_src) by extensions ['cmake', 'python']
[1.995s] Level 1:colcon.colcon_core.package_identification:_identify(tmp_src) by extension 'cmake'
[1.995s] Level 1:colcon.colcon_core.package_identification:_identify(tmp_src) by extension 'python'
[1.995s] Level 1:colcon.colcon_core.package_identification:_identify(tmp_src) by extensions ['python_setup_py']
[1.995s] Level 1:colcon.colcon_core.package_identification:_identify(tmp_src) by extension 'python_setup_py'
[1.995s] Level 1:colcon.colcon_core.package_identification:_identify(tmp_src/underc_package) by extensions ['ignore', 'ignore_ament_install']
[1.996s] Level 1:colcon.colcon_core.package_identification:_identify(tmp_src/underc_package) by extension 'ignore'
[1.996s] Level 1:colcon.colcon_core.package_identification:_identify(tmp_src/underc_package) by extension 'ignore_ament_install'
[1.996s] Level 1:colcon.colcon_core.package_identification:_identify(tmp_src/underc_package) by extensions ['colcon_pkg']
[1.996s] Level 1:colcon.colcon_core.package_identification:_identify(tmp_src/underc_package) by extension 'colcon_pkg'
[1.996s] Level 1:colcon.colcon_core.package_identification:_identify(tmp_src/underc_package) by extensions ['colcon_meta']
[1.996s] Level 1:colcon.colcon_core.package_identification:_identify(tmp_src/underc_package) by extension 'colcon_meta'
[1.996s] Level 1:colcon.colcon_core.package_identification:_identify(tmp_src/underc_package) by extensions ['ros']
[1.996s] Level 1:colcon.colcon_core.package_identification:_identify(tmp_src/underc_package) by extension 'ros'
[1.997s] DEBUG:colcon.colcon_core.package_identification:Package 'tmp_src/underc_package' with type 'ros.ament_cmake' and name 'underc_package'
[1.997s] Level 1:colcon.colcon_core.package_discovery:discover_packages(recursive) using defaults
[1.997s] Level 1:colcon.colcon_core.package_discovery:discover_packages(ignore) discover
[1.998s] Level 1:colcon.colcon_core.package_discovery:discover_packages(ignore) using defaults
[1.998s] Level 1:colcon.colcon_core.package_discovery:discover_packages(path) discover
[1.998s] Level 1:colcon.colcon_core.package_discovery:discover_packages(path) using defaults
[2.185s] INFO:colcon.colcon_core.package_selection:Skipping not selected package 'can_plugins2' in 'src/can_plugins2'
[2.185s] INFO:colcon.colcon_core.package_selection:Skipping not selected package 'underc_package' in 'tmp_src/underc_package'
[2.185s] INFO:colcon.colcon_core.package_selection:Skipping not selected package 'cpp_pubsub' in 'src/cpp_pubsub'
[2.220s] Level 1:colcon.colcon_core.package_discovery:discover_packages(prefix_path) check parameters
[2.220s] Level 1:colcon.colcon_core.package_discovery:discover_packages(prefix_path) discover
[2.259s] DEBUG:colcon.colcon_installed_package_information.package_discovery:Found 284 installed packages in /opt/ros/humble
[2.269s] Level 1:colcon.colcon_core.package_discovery:discover_packages(prefix_path) using defaults
[2.611s] Level 5:colcon.colcon_core.verb:set package 'omni_4' build argument 'cmake_args' from command line to 'None'
[2.612s] Level 5:colcon.colcon_core.verb:set package 'omni_4' build argument 'cmake_target' from command line to 'None'
[2.612s] Level 5:colcon.colcon_core.verb:set package 'omni_4' build argument 'cmake_target_skip_unavailable' from command line to 'False'
[2.612s] Level 5:colcon.colcon_core.verb:set package 'omni_4' build argument 'cmake_clean_cache' from command line to 'False'
[2.612s] Level 5:colcon.colcon_core.verb:set package 'omni_4' build argument 'cmake_clean_first' from command line to 'False'
[2.612s] Level 5:colcon.colcon_core.verb:set package 'omni_4' build argument 'cmake_force_configure' from command line to 'False'
[2.612s] Level 5:colcon.colcon_core.verb:set package 'omni_4' build argument 'ament_cmake_args' from command line to 'None'
[2.612s] Level 5:colcon.colcon_core.verb:set package 'omni_4' build argument 'catkin_cmake_args' from command line to 'None'
[2.612s] Level 5:colcon.colcon_core.verb:set package 'omni_4' build argument 'catkin_skip_building_tests' from command line to 'False'
[2.612s] DEBUG:colcon.colcon_core.verb:Building package 'omni_4' with the following arguments: {'ament_cmake_args': None, 'build_base': '/home/yumasgmt/ros2_ws/build/omni_4', 'catkin_cmake_args': None, 'catkin_skip_building_tests': False, 'cmake_args': None, 'cmake_clean_cache': False, 'cmake_clean_first': False, 'cmake_force_configure': False, 'cmake_target': None, 'cmake_target_skip_unavailable': False, 'install_base': '/home/yumasgmt/ros2_ws/install/omni_4', 'merge_install': False, 'path': '/home/yumasgmt/ros2_ws/src/omni_4', 'symlink_install': False, 'test_result_base': None}
[2.633s] INFO:colcon.colcon_core.executor:Executing jobs using 'parallel' executor
[2.652s] DEBUG:colcon.colcon_parallel_executor.executor.parallel:run_until_complete
[2.652s] INFO:colcon.colcon_ros.task.ament_cmake.build:Building ROS package in '/home/yumasgmt/ros2_ws/src/omni_4' with build type 'ament_cmake'
[2.653s] INFO:colcon.colcon_cmake.task.cmake.build:Building CMake package in '/home/yumasgmt/ros2_ws/src/omni_4'
[2.685s] INFO:colcon.colcon_core.plugin_system:Skipping extension 'colcon_core.shell.bat': Not used on non-Windows systems
[2.686s] INFO:colcon.colcon_core.shell:Skip shell extension 'powershell' for command environment: Not usable outside of PowerShell
[2.686s] DEBUG:colcon.colcon_core.shell:Skip shell extension 'dsv' for command environment
[2.865s] DEBUG:colcon.colcon_core.event_handler.log_command:Invoking command in '/home/yumasgmt/ros2_ws/build/omni_4': AMENT_PREFIX_PATH=/home/yumasgmt/ros2_ws/install/can_plugins2:${AMENT_PREFIX_PATH} CMAKE_PREFIX_PATH=/home/yumasgmt/ros2_ws/install/can_plugins2:/opt/ros/humble LD_LIBRARY_PATH=/home/yumasgmt/ros2_ws/install/can_plugins2/lib:${LD_LIBRARY_PATH} PYTHONPATH=/home/yumasgmt/ros2_ws/install/can_plugins2/local/lib/python3.10/dist-packages:${PYTHONPATH} /usr/bin/cmake /home/yumasgmt/ros2_ws/src/omni_4 -DCMAKE_INSTALL_PREFIX=/home/yumasgmt/ros2_ws/install/omni_4
[10.824s] DEBUG:colcon.colcon_core.event_handler.log_command:Invoked command in '/home/yumasgmt/ros2_ws/build/omni_4' returned '0': AMENT_PREFIX_PATH=/home/yumasgmt/ros2_ws/install/can_plugins2:${AMENT_PREFIX_PATH} CMAKE_PREFIX_PATH=/home/yumasgmt/ros2_ws/install/can_plugins2:/opt/ros/humble LD_LIBRARY_PATH=/home/yumasgmt/ros2_ws/install/can_plugins2/lib:${LD_LIBRARY_PATH} PYTHONPATH=/home/yumasgmt/ros2_ws/install/can_plugins2/local/lib/python3.10/dist-packages:${PYTHONPATH} /usr/bin/cmake /home/yumasgmt/ros2_ws/src/omni_4 -DCMAKE_INSTALL_PREFIX=/home/yumasgmt/ros2_ws/install/omni_4
[10.827s] DEBUG:colcon.colcon_core.event_handler.log_command:Invoking command in '/home/yumasgmt/ros2_ws/build/omni_4': AMENT_PREFIX_PATH=/home/yumasgmt/ros2_ws/install/can_plugins2:${AMENT_PREFIX_PATH} CMAKE_PREFIX_PATH=/home/yumasgmt/ros2_ws/install/can_plugins2:/opt/ros/humble LD_LIBRARY_PATH=/home/yumasgmt/ros2_ws/install/can_plugins2/lib:${LD_LIBRARY_PATH} PYTHONPATH=/home/yumasgmt/ros2_ws/install/can_plugins2/local/lib/python3.10/dist-packages:${PYTHONPATH} /usr/bin/cmake --build /home/yumasgmt/ros2_ws/build/omni_4 -- -j4 -l4
[33.755s] DEBUG:colcon.colcon_core.event_handler.log_command:Invoked command in '/home/yumasgmt/ros2_ws/build/omni_4' returned '0': AMENT_PREFIX_PATH=/home/yumasgmt/ros2_ws/install/can_plugins2:${AMENT_PREFIX_PATH} CMAKE_PREFIX_PATH=/home/yumasgmt/ros2_ws/install/can_plugins2:/opt/ros/humble LD_LIBRARY_PATH=/home/yumasgmt/ros2_ws/install/can_plugins2/lib:${LD_LIBRARY_PATH} PYTHONPATH=/home/yumasgmt/ros2_ws/install/can_plugins2/local/lib/python3.10/dist-packages:${PYTHONPATH} /usr/bin/cmake --build /home/yumasgmt/ros2_ws/build/omni_4 -- -j4 -l4
[33.816s] DEBUG:colcon.colcon_core.event_handler.log_command:Invoking command in '/home/yumasgmt/ros2_ws/build/omni_4': AMENT_PREFIX_PATH=/home/yumasgmt/ros2_ws/install/can_plugins2:${AMENT_PREFIX_PATH} CMAKE_PREFIX_PATH=/home/yumasgmt/ros2_ws/install/can_plugins2:/opt/ros/humble LD_LIBRARY_PATH=/home/yumasgmt/ros2_ws/install/can_plugins2/lib:${LD_LIBRARY_PATH} PYTHONPATH=/home/yumasgmt/ros2_ws/install/can_plugins2/local/lib/python3.10/dist-packages:${PYTHONPATH} /usr/bin/cmake --install /home/yumasgmt/ros2_ws/build/omni_4
[33.855s] Level 1:colcon.colcon_core.environment:create_environment_scripts_only(omni_4)
[33.856s] DEBUG:colcon.colcon_core.event_handler.log_command:Invoked command in '/home/yumasgmt/ros2_ws/build/omni_4' returned '0': AMENT_PREFIX_PATH=/home/yumasgmt/ros2_ws/install/can_plugins2:${AMENT_PREFIX_PATH} CMAKE_PREFIX_PATH=/home/yumasgmt/ros2_ws/install/can_plugins2:/opt/ros/humble LD_LIBRARY_PATH=/home/yumasgmt/ros2_ws/install/can_plugins2/lib:${LD_LIBRARY_PATH} PYTHONPATH=/home/yumasgmt/ros2_ws/install/can_plugins2/local/lib/python3.10/dist-packages:${PYTHONPATH} /usr/bin/cmake --install /home/yumasgmt/ros2_ws/build/omni_4
[33.892s] Level 1:colcon.colcon_core.environment:checking '/home/yumasgmt/ros2_ws/install/omni_4' for CMake module files
[33.893s] Level 1:colcon.colcon_core.environment:checking '/home/yumasgmt/ros2_ws/install/omni_4' for CMake config files
[33.894s] Level 1:colcon.colcon_core.shell:create_environment_hook('omni_4', 'cmake_prefix_path')
[33.918s] INFO:colcon.colcon_core.shell:Creating environment hook '/home/yumasgmt/ros2_ws/install/omni_4/share/omni_4/hook/cmake_prefix_path.ps1'
[33.920s] INFO:colcon.colcon_core.shell:Creating environment descriptor '/home/yumasgmt/ros2_ws/install/omni_4/share/omni_4/hook/cmake_prefix_path.dsv'
[33.921s] INFO:colcon.colcon_core.shell:Creating environment hook '/home/yumasgmt/ros2_ws/install/omni_4/share/omni_4/hook/cmake_prefix_path.sh'
[33.924s] Level 1:colcon.colcon_core.environment:checking '/home/yumasgmt/ros2_ws/install/omni_4/lib'
[33.925s] Level 1:colcon.colcon_core.environment:checking '/home/yumasgmt/ros2_ws/install/omni_4/bin'
[33.925s] Level 1:colcon.colcon_core.environment:checking '/home/yumasgmt/ros2_ws/install/omni_4/lib/pkgconfig/omni_4.pc'
[33.926s] Level 1:colcon.colcon_core.environment:checking '/home/yumasgmt/ros2_ws/install/omni_4/lib/python3.10/site-packages'
[33.926s] Level 1:colcon.colcon_core.environment:checking '/home/yumasgmt/ros2_ws/install/omni_4/bin'
[33.972s] INFO:colcon.colcon_core.shell:Creating package script '/home/yumasgmt/ros2_ws/install/omni_4/share/omni_4/package.ps1'
[33.974s] INFO:colcon.colcon_core.shell:Creating package descriptor '/home/yumasgmt/ros2_ws/install/omni_4/share/omni_4/package.dsv'
[33.986s] INFO:colcon.colcon_core.shell:Creating package script '/home/yumasgmt/ros2_ws/install/omni_4/share/omni_4/package.sh'
[33.987s] INFO:colcon.colcon_core.shell:Creating package script '/home/yumasgmt/ros2_ws/install/omni_4/share/omni_4/package.bash'
[33.989s] INFO:colcon.colcon_core.shell:Creating package script '/home/yumasgmt/ros2_ws/install/omni_4/share/omni_4/package.zsh'
[33.991s] Level 1:colcon.colcon_core.environment:create_file_with_runtime_dependencies(/home/yumasgmt/ros2_ws/install/omni_4/share/colcon-core/packages/omni_4)
[34.109s] Level 1:colcon.colcon_core.environment:create_environment_scripts_only(omni_4)
[34.147s] Level 1:colcon.colcon_core.environment:checking '/home/yumasgmt/ros2_ws/install/omni_4' for CMake module files
[34.148s] Level 1:colcon.colcon_core.environment:checking '/home/yumasgmt/ros2_ws/install/omni_4' for CMake config files
[34.148s] Level 1:colcon.colcon_core.shell:create_environment_hook('omni_4', 'cmake_prefix_path')
[34.168s] INFO:colcon.colcon_core.shell:Creating environment hook '/home/yumasgmt/ros2_ws/install/omni_4/share/omni_4/hook/cmake_prefix_path.ps1'
[34.169s] INFO:colcon.colcon_core.shell:Creating environment descriptor '/home/yumasgmt/ros2_ws/install/omni_4/share/omni_4/hook/cmake_prefix_path.dsv'
[34.170s] INFO:colcon.colcon_core.shell:Creating environment hook '/home/yumasgmt/ros2_ws/install/omni_4/share/omni_4/hook/cmake_prefix_path.sh'
[34.171s] Level 1:colcon.colcon_core.environment:checking '/home/yumasgmt/ros2_ws/install/omni_4/lib'
[34.172s] Level 1:colcon.colcon_core.environment:checking '/home/yumasgmt/ros2_ws/install/omni_4/bin'
[34.172s] Level 1:colcon.colcon_core.environment:checking '/home/yumasgmt/ros2_ws/install/omni_4/lib/pkgconfig/omni_4.pc'
[34.173s] Level 1:colcon.colcon_core.environment:checking '/home/yumasgmt/ros2_ws/install/omni_4/lib/python3.10/site-packages'
[34.173s] Level 1:colcon.colcon_core.environment:checking '/home/yumasgmt/ros2_ws/install/omni_4/bin'
[34.203s] INFO:colcon.colcon_core.shell:Creating package script '/home/yumasgmt/ros2_ws/install/omni_4/share/omni_4/package.ps1'
[34.205s] INFO:colcon.colcon_core.shell:Creating package descriptor '/home/yumasgmt/ros2_ws/install/omni_4/share/omni_4/package.dsv'
[34.206s] INFO:colcon.colcon_core.shell:Creating package script '/home/yumasgmt/ros2_ws/install/omni_4/share/omni_4/package.sh'
[34.207s] INFO:colcon.colcon_core.shell:Creating package script '/home/yumasgmt/ros2_ws/install/omni_4/share/omni_4/package.bash'
[34.208s] INFO:colcon.colcon_core.shell:Creating package script '/home/yumasgmt/ros2_ws/install/omni_4/share/omni_4/package.zsh'
[34.209s] Level 1:colcon.colcon_core.environment:create_file_with_runtime_dependencies(/home/yumasgmt/ros2_ws/install/omni_4/share/colcon-core/packages/omni_4)
[34.210s] DEBUG:colcon.colcon_parallel_executor.executor.parallel:closing loop
[34.211s] DEBUG:colcon.colcon_parallel_executor.executor.parallel:loop closed
[34.211s] DEBUG:colcon.colcon_parallel_executor.executor.parallel:run_until_complete finished with '0'
[34.212s] DEBUG:colcon.colcon_core.event_reactor:joining thread
[34.291s] INFO:colcon.colcon_core.plugin_system:Skipping extension 'colcon_notification.desktop_notification.notify_send': Could not find 'notify-send'
[34.291s] INFO:colcon.colcon_core.plugin_system:Skipping extension 'colcon_notification.desktop_notification.terminal_notifier': Not used on non-Darwin systems
[34.291s] INFO:colcon.colcon_core.plugin_system:Skipping extension 'colcon_notification.desktop_notification.win32': Not used on non-Windows systems
[34.291s] INFO:colcon.colcon_notification.desktop_notification:Sending desktop notification using 'notify2'
