[35m[1mConsolidate compiler generated dependencies of target talker[0m
[ 50%] Built target listener
[ 75%] [32mBuilding CXX object CMakeFiles/talker.dir/src/pub_hello_can.cpp.o[0m
In file included from [01m[K/opt/ros/humble/include/rclcpp/rclcpp/logging.hpp:24[m[K,
                 from [01m[K/opt/ros/humble/include/rclcpp/rclcpp/client.hpp:40[m[K,
                 from [01m[K/opt/ros/humble/include/rclcpp/rclcpp/callback_group.hpp:24[m[K,
                 from [01m[K/opt/ros/humble/include/rclcpp/rclcpp/any_executable.hpp:20[m[K,
                 from [01m[K/opt/ros/humble/include/rclcpp/rclcpp/memory_strategy.hpp:25[m[K,
                 from [01m[K/opt/ros/humble/include/rclcpp/rclcpp/memory_strategies.hpp:18[m[K,
                 from [01m[K/opt/ros/humble/include/rclcpp/rclcpp/executor_options.hpp:20[m[K,
                 from [01m[K/opt/ros/humble/include/rclcpp/rclcpp/executor.hpp:37[m[K,
                 from [01m[K/opt/ros/humble/include/rclcpp/rclcpp/executors/multi_threaded_executor.hpp:25[m[K,
                 from [01m[K/opt/ros/humble/include/rclcpp/rclcpp/executors.hpp:21[m[K,
                 from [01m[K/opt/ros/humble/include/rclcpp/rclcpp/rclcpp.hpp:155[m[K,
                 from [01m[K/home/yumasgmt/ros2_ws/src/cpp_pubsub/src/pub_hello_can.cpp:6[m[K:
[01m[K/home/yumasgmt/ros2_ws/src/cpp_pubsub/src/pub_hello_can.cpp:[m[K In member function ‘[01m[Kvoid MinimalPublisher::joy_callback(sensor_msgs::msg::Joy_<std::allocator<void> >::SharedPtr)[m[K’:
[01m[K/home/yumasgmt/ros2_ws/src/cpp_pubsub/src/pub_hello_can.cpp:86:39:[m[K [01;35m[Kwarning: [m[Kformat ‘[01m[K%u[m[K’ expects argument of type ‘[01m[Kunsigned int[m[K’, but argument 5 has type ‘[01m[Kstd::array<unsigned char, 8>::value_type*[m[K’ {aka ‘[01m[Kunsigned char*[m[K’} [[01;35m[K]8;;https://gcc.gnu.org/onlinedocs/gcc/Warning-Options.html#index-Wformat=-Wformat=]8;;[m[K]
   86 |       RCLCPP_INFO(this->get_logger(), [01;35m[K"Published Shirasu Mode: %u"[m[K, &mode_msg.data[0]);
      |                                       [01;35m[K^~~~~~~~~~~~~~~~~~~~~~~~~~~~[m[K
[01m[K/home/yumasgmt/ros2_ws/src/cpp_pubsub/src/pub_hello_can.cpp:86:65:[m[K [01;36m[Knote: [m[Kformat string is defined here
   86 |       RCLCPP_INFO(this->get_logger(), "Published Shirasu Mode: [01;36m[K%u[m[K", &mode_msg.data[0]);
      |                                                                [01;36m[K~^[m[K
      |                                                                 [01;36m[K|[m[K
      |                                                                 [01;36m[Kunsigned int[m[K
      |                                                                [32m[K%hhn[m[K
In file included from [01m[K/opt/ros/humble/include/rclcpp/rclcpp/logging.hpp:24[m[K,
                 from [01m[K/opt/ros/humble/include/rclcpp/rclcpp/client.hpp:40[m[K,
                 from [01m[K/opt/ros/humble/include/rclcpp/rclcpp/callback_group.hpp:24[m[K,
                 from [01m[K/opt/ros/humble/include/rclcpp/rclcpp/any_executable.hpp:20[m[K,
                 from [01m[K/opt/ros/humble/include/rclcpp/rclcpp/memory_strategy.hpp:25[m[K,
                 from [01m[K/opt/ros/humble/include/rclcpp/rclcpp/memory_strategies.hpp:18[m[K,
                 from [01m[K/opt/ros/humble/include/rclcpp/rclcpp/executor_options.hpp:20[m[K,
                 from [01m[K/opt/ros/humble/include/rclcpp/rclcpp/executor.hpp:37[m[K,
                 from [01m[K/opt/ros/humble/include/rclcpp/rclcpp/executors/multi_threaded_executor.hpp:25[m[K,
                 from [01m[K/opt/ros/humble/include/rclcpp/rclcpp/executors.hpp:21[m[K,
                 from [01m[K/opt/ros/humble/include/rclcpp/rclcpp/rclcpp.hpp:155[m[K,
                 from [01m[K/home/yumasgmt/ros2_ws/src/cpp_pubsub/src/pub_hello_can.cpp:6[m[K:
[01m[K/home/yumasgmt/ros2_ws/src/cpp_pubsub/src/pub_hello_can.cpp:[m[K In member function ‘[01m[Kvoid MinimalPublisher::timer_target_callback()[m[K’:
[01m[K/home/yumasgmt/ros2_ws/src/cpp_pubsub/src/pub_hello_can.cpp:94:36:[m[K [01;35m[Kwarning: [m[Kformat ‘[01m[K%u[m[K’ expects argument of type ‘[01m[Kunsigned int[m[K’, but argument 5 has type ‘[01m[Kcan_plugins2::msg::Frame_<std::allocator<void> >::_data_type*[m[K’ {aka ‘[01m[Kstd::array<unsigned char, 8>*[m[K’} [[01;35m[K]8;;https://gcc.gnu.org/onlinedocs/gcc/Warning-Options.html#index-Wformat=-Wformat=]8;;[m[K]
   94 |     RCLCPP_INFO(this->get_logger(),[01;35m[K"Published Shirasu Target: %u"[m[K, [32m[K&target_msg.data[m[K);
      |                                    [01;35m[K^~~~~~~~~~~~~~~~~~~~~~~~~~~~~~[m[K  [32m[K~~~~~~~~~~~~~~~~[m[K
      |                                                                    [32m[K|[m[K
      |                                                                    [32m[Kcan_plugins2::msg::Frame_<std::allocator<void> >::_data_type* {aka std::array<unsigned char, 8>*}[m[K
[01m[K/home/yumasgmt/ros2_ws/src/cpp_pubsub/src/pub_hello_can.cpp:94:64:[m[K [01;36m[Knote: [m[Kformat string is defined here
   94 |     RCLCPP_INFO(this->get_logger(),"Published Shirasu Target: [01;36m[K%u[m[K", &target_msg.data);
      |                                                               [01;36m[K~^[m[K
      |                                                                [01;36m[K|[m[K
      |                                                                [01;36m[Kunsigned int[m[K
[100%] [32m[1mLinking CXX executable talker[0m
[100%] Built target talker
-- Install configuration: ""
-- Installing: /home/yumasgmt/ros2_ws/install/cpp_pubsub/lib/cpp_pubsub/talker
-- Set runtime path of "/home/yumasgmt/ros2_ws/install/cpp_pubsub/lib/cpp_pubsub/talker" to ""
-- Up-to-date: /home/yumasgmt/ros2_ws/install/cpp_pubsub/lib/cpp_pubsub/listener
-- Up-to-date: /home/yumasgmt/ros2_ws/install/cpp_pubsub/share/ament_index/resource_index/package_run_dependencies/cpp_pubsub
-- Up-to-date: /home/yumasgmt/ros2_ws/install/cpp_pubsub/share/ament_index/resource_index/parent_prefix_path/cpp_pubsub
-- Up-to-date: /home/yumasgmt/ros2_ws/install/cpp_pubsub/share/cpp_pubsub/environment/ament_prefix_path.sh
-- Up-to-date: /home/yumasgmt/ros2_ws/install/cpp_pubsub/share/cpp_pubsub/environment/ament_prefix_path.dsv
-- Up-to-date: /home/yumasgmt/ros2_ws/install/cpp_pubsub/share/cpp_pubsub/environment/path.sh
-- Up-to-date: /home/yumasgmt/ros2_ws/install/cpp_pubsub/share/cpp_pubsub/environment/path.dsv
-- Up-to-date: /home/yumasgmt/ros2_ws/install/cpp_pubsub/share/cpp_pubsub/local_setup.bash
-- Up-to-date: /home/yumasgmt/ros2_ws/install/cpp_pubsub/share/cpp_pubsub/local_setup.sh
-- Up-to-date: /home/yumasgmt/ros2_ws/install/cpp_pubsub/share/cpp_pubsub/local_setup.zsh
-- Up-to-date: /home/yumasgmt/ros2_ws/install/cpp_pubsub/share/cpp_pubsub/local_setup.dsv
-- Installing: /home/yumasgmt/ros2_ws/install/cpp_pubsub/share/cpp_pubsub/package.dsv
-- Up-to-date: /home/yumasgmt/ros2_ws/install/cpp_pubsub/share/ament_index/resource_index/packages/cpp_pubsub
-- Up-to-date: /home/yumasgmt/ros2_ws/install/cpp_pubsub/share/cpp_pubsub/cmake/cpp_pubsubConfig.cmake
-- Up-to-date: /home/yumasgmt/ros2_ws/install/cpp_pubsub/share/cpp_pubsub/cmake/cpp_pubsubConfig-version.cmake
-- Up-to-date: /home/yumasgmt/ros2_ws/install/cpp_pubsub/share/cpp_pubsub/package.xml
