[0.273s] Invoking command in '/home/yumasgmt/ros2_ws/build/cpp_pubsub': AMENT_PREFIX_PATH=/home/yumasgmt/ros2_ws/install/can_plugins2:${AMENT_PREFIX_PATH} CMAKE_PREFIX_PATH=/home/yumasgmt/ros2_ws/install/can_plugins2:/opt/ros/humble LD_LIBRARY_PATH=/home/yumasgmt/ros2_ws/install/can_plugins2/lib:${LD_LIBRARY_PATH} PYTHONPATH=/home/yumasgmt/ros2_ws/install/can_plugins2/local/lib/python3.10/dist-packages:${PYTHONPATH} /usr/bin/cmake --build /home/yumasgmt/ros2_ws/build/cpp_pubsub -- -j4 -l4
[0.342s] [35m[1mConsolidate compiler generated dependencies of target talker[0m
[0.369s] [ 50%] Built target listener
[0.377s] [ 75%] [32mBuilding CXX object CMakeFiles/talker.dir/src/pub_hello_can.cpp.o[0m
[5.909s] In file included from [01m[K/opt/ros/humble/include/rclcpp/rclcpp/logging.hpp:24[m[K,
[5.910s]                  from [01m[K/opt/ros/humble/include/rclcpp/rclcpp/client.hpp:40[m[K,
[5.910s]                  from [01m[K/opt/ros/humble/include/rclcpp/rclcpp/callback_group.hpp:24[m[K,
[5.910s]                  from [01m[K/opt/ros/humble/include/rclcpp/rclcpp/any_executable.hpp:20[m[K,
[5.910s]                  from [01m[K/opt/ros/humble/include/rclcpp/rclcpp/memory_strategy.hpp:25[m[K,
[5.910s]                  from [01m[K/opt/ros/humble/include/rclcpp/rclcpp/memory_strategies.hpp:18[m[K,
[5.910s]                  from [01m[K/opt/ros/humble/include/rclcpp/rclcpp/executor_options.hpp:20[m[K,
[5.910s]                  from [01m[K/opt/ros/humble/include/rclcpp/rclcpp/executor.hpp:37[m[K,
[5.910s]                  from [01m[K/opt/ros/humble/include/rclcpp/rclcpp/executors/multi_threaded_executor.hpp:25[m[K,
[5.910s]                  from [01m[K/opt/ros/humble/include/rclcpp/rclcpp/executors.hpp:21[m[K,
[5.911s]                  from [01m[K/opt/ros/humble/include/rclcpp/rclcpp/rclcpp.hpp:155[m[K,
[5.911s]                  from [01m[K/home/yumasgmt/ros2_ws/src/cpp_pubsub/src/pub_hello_can.cpp:6[m[K:
[5.911s] [01m[K/home/yumasgmt/ros2_ws/src/cpp_pubsub/src/pub_hello_can.cpp:[m[K In member function ‘[01m[Kvoid MinimalPublisher::joy_callback(sensor_msgs::msg::Joy_<std::allocator<void> >::SharedPtr)[m[K’:
[5.911s] [01m[K/home/yumasgmt/ros2_ws/src/cpp_pubsub/src/pub_hello_can.cpp:86:39:[m[K [01;35m[Kwarning: [m[Kformat ‘[01m[K%s[m[K’ expects argument of type ‘[01m[Kchar*[m[K’, but argument 5 has type ‘[01m[Kint[m[K’ [[01;35m[K]8;;https://gcc.gnu.org/onlinedocs/gcc/Warning-Options.html#index-Wformat=-Wformat=]8;;[m[K]
[5.911s]    86 |       RCLCPP_INFO(this->get_logger(), [01;35m[K"Published Shirasu Mode: '%s'"[m[K, mode_msg.data[0]);
[5.912s]       |                                       [01;35m[K^~~~~~~~~~~~~~~~~~~~~~~~~~~~~~[m[K
[5.912s] [01m[K/home/yumasgmt/ros2_ws/src/cpp_pubsub/src/pub_hello_can.cpp:86:66:[m[K [01;36m[Knote: [m[Kformat string is defined here
[5.912s]    86 |       RCLCPP_INFO(this->get_logger(), "Published Shirasu Mode: '[01;36m[K%s[m[K'", mode_msg.data[0]);
[5.912s]       |                                                                 [01;36m[K~^[m[K
[5.912s]       |                                                                  [01;36m[K|[m[K
[5.912s]       |                                                                  [01;36m[Kchar*[m[K
[5.912s]       |                                                                 [32m[K%d[m[K
[5.912s] In file included from [01m[K/opt/ros/humble/include/rclcpp/rclcpp/logging.hpp:24[m[K,
[5.913s]                  from [01m[K/opt/ros/humble/include/rclcpp/rclcpp/client.hpp:40[m[K,
[5.913s]                  from [01m[K/opt/ros/humble/include/rclcpp/rclcpp/callback_group.hpp:24[m[K,
[5.913s]                  from [01m[K/opt/ros/humble/include/rclcpp/rclcpp/any_executable.hpp:20[m[K,
[5.913s]                  from [01m[K/opt/ros/humble/include/rclcpp/rclcpp/memory_strategy.hpp:25[m[K,
[5.913s]                  from [01m[K/opt/ros/humble/include/rclcpp/rclcpp/memory_strategies.hpp:18[m[K,
[5.913s]                  from [01m[K/opt/ros/humble/include/rclcpp/rclcpp/executor_options.hpp:20[m[K,
[5.913s]                  from [01m[K/opt/ros/humble/include/rclcpp/rclcpp/executor.hpp:37[m[K,
[5.913s]                  from [01m[K/opt/ros/humble/include/rclcpp/rclcpp/executors/multi_threaded_executor.hpp:25[m[K,
[5.913s]                  from [01m[K/opt/ros/humble/include/rclcpp/rclcpp/executors.hpp:21[m[K,
[5.913s]                  from [01m[K/opt/ros/humble/include/rclcpp/rclcpp/rclcpp.hpp:155[m[K,
[5.914s]                  from [01m[K/home/yumasgmt/ros2_ws/src/cpp_pubsub/src/pub_hello_can.cpp:6[m[K:
[5.914s] [01m[K/home/yumasgmt/ros2_ws/src/cpp_pubsub/src/pub_hello_can.cpp:[m[K In member function ‘[01m[Kvoid MinimalPublisher::timer_target_callback()[m[K’:
[5.914s] [01m[K/home/yumasgmt/ros2_ws/src/cpp_pubsub/src/pub_hello_can.cpp:94:36:[m[K [01;35m[Kwarning: [m[Kformat ‘[01m[K%s[m[K’ expects argument of type ‘[01m[Kchar*[m[K’, but argument 5 has type ‘[01m[Kcan_plugins2::msg::Frame_<std::allocator<void> >::_data_type[m[K’ {aka ‘[01m[Kstd::array<unsigned char, 8>[m[K’} [[01;35m[K]8;;https://gcc.gnu.org/onlinedocs/gcc/Warning-Options.html#index-Wformat=-Wformat=]8;;[m[K]
[5.914s]    94 |     RCLCPP_INFO(this->get_logger(),[01;35m[K"Published Shirasu Target: '%s'"[m[K, [32m[Ktarget_msg.data[m[K);
[5.914s]       |                                    [01;35m[K^~~~~~~~~~~~~~~~~~~~~~~~~~~~~~~~[m[K  [32m[K~~~~~~~~~~~~~~~[m[K
[5.914s]       |                                                                                 [32m[K|[m[K
[5.914s]       |                                                                                 [32m[Kcan_plugins2::msg::Frame_<std::allocator<void> >::_data_type {aka std::array<unsigned char, 8>}[m[K
[5.914s] [01m[K/home/yumasgmt/ros2_ws/src/cpp_pubsub/src/pub_hello_can.cpp:94:65:[m[K [01;36m[Knote: [m[Kformat string is defined here
[5.914s]    94 |     RCLCPP_INFO(this->get_logger(),"Published Shirasu Target: '[01;36m[K%s[m[K'", target_msg.data);
[5.914s]       |                                                                [01;36m[K~^[m[K
[5.915s]       |                                                                 [01;36m[K|[m[K
[5.915s]       |                                                                 [01;36m[Kchar*[m[K
[18.355s] [100%] [32m[1mLinking CXX executable talker[0m
[19.671s] [100%] Built target talker
[19.807s] Invoked command in '/home/yumasgmt/ros2_ws/build/cpp_pubsub' returned '0': AMENT_PREFIX_PATH=/home/yumasgmt/ros2_ws/install/can_plugins2:${AMENT_PREFIX_PATH} CMAKE_PREFIX_PATH=/home/yumasgmt/ros2_ws/install/can_plugins2:/opt/ros/humble LD_LIBRARY_PATH=/home/yumasgmt/ros2_ws/install/can_plugins2/lib:${LD_LIBRARY_PATH} PYTHONPATH=/home/yumasgmt/ros2_ws/install/can_plugins2/local/lib/python3.10/dist-packages:${PYTHONPATH} /usr/bin/cmake --build /home/yumasgmt/ros2_ws/build/cpp_pubsub -- -j4 -l4
[19.954s] Invoking command in '/home/yumasgmt/ros2_ws/build/cpp_pubsub': AMENT_PREFIX_PATH=/home/yumasgmt/ros2_ws/install/can_plugins2:${AMENT_PREFIX_PATH} CMAKE_PREFIX_PATH=/home/yumasgmt/ros2_ws/install/can_plugins2:/opt/ros/humble LD_LIBRARY_PATH=/home/yumasgmt/ros2_ws/install/can_plugins2/lib:${LD_LIBRARY_PATH} PYTHONPATH=/home/yumasgmt/ros2_ws/install/can_plugins2/local/lib/python3.10/dist-packages:${PYTHONPATH} /usr/bin/cmake --install /home/yumasgmt/ros2_ws/build/cpp_pubsub
[19.976s] -- Install configuration: ""
[19.976s] -- Installing: /home/yumasgmt/ros2_ws/install/cpp_pubsub/lib/cpp_pubsub/talker
[19.993s] -- Set runtime path of "/home/yumasgmt/ros2_ws/install/cpp_pubsub/lib/cpp_pubsub/talker" to ""
[19.993s] -- Up-to-date: /home/yumasgmt/ros2_ws/install/cpp_pubsub/lib/cpp_pubsub/listener
[19.994s] -- Up-to-date: /home/yumasgmt/ros2_ws/install/cpp_pubsub/share/ament_index/resource_index/package_run_dependencies/cpp_pubsub
[19.995s] -- Up-to-date: /home/yumasgmt/ros2_ws/install/cpp_pubsub/share/ament_index/resource_index/parent_prefix_path/cpp_pubsub
[19.995s] -- Up-to-date: /home/yumasgmt/ros2_ws/install/cpp_pubsub/share/cpp_pubsub/environment/ament_prefix_path.sh
[19.995s] -- Up-to-date: /home/yumasgmt/ros2_ws/install/cpp_pubsub/share/cpp_pubsub/environment/ament_prefix_path.dsv
[19.996s] -- Up-to-date: /home/yumasgmt/ros2_ws/install/cpp_pubsub/share/cpp_pubsub/environment/path.sh
[19.996s] -- Up-to-date: /home/yumasgmt/ros2_ws/install/cpp_pubsub/share/cpp_pubsub/environment/path.dsv
[19.996s] -- Up-to-date: /home/yumasgmt/ros2_ws/install/cpp_pubsub/share/cpp_pubsub/local_setup.bash
[19.996s] -- Up-to-date: /home/yumasgmt/ros2_ws/install/cpp_pubsub/share/cpp_pubsub/local_setup.sh
[19.996s] -- Up-to-date: /home/yumasgmt/ros2_ws/install/cpp_pubsub/share/cpp_pubsub/local_setup.zsh
[19.997s] -- Up-to-date: /home/yumasgmt/ros2_ws/install/cpp_pubsub/share/cpp_pubsub/local_setup.dsv
[19.997s] -- Installing: /home/yumasgmt/ros2_ws/install/cpp_pubsub/share/cpp_pubsub/package.dsv
[19.997s] -- Up-to-date: /home/yumasgmt/ros2_ws/install/cpp_pubsub/share/ament_index/resource_index/packages/cpp_pubsub
[20.000s] -- Up-to-date: /home/yumasgmt/ros2_ws/install/cpp_pubsub/share/cpp_pubsub/cmake/cpp_pubsubConfig.cmake
[20.003s] -- Up-to-date: /home/yumasgmt/ros2_ws/install/cpp_pubsub/share/cpp_pubsub/cmake/cpp_pubsubConfig-version.cmake
[20.004s] -- Up-to-date: /home/yumasgmt/ros2_ws/install/cpp_pubsub/share/cpp_pubsub/package.xml
[20.011s] Invoked command in '/home/yumasgmt/ros2_ws/build/cpp_pubsub' returned '0': AMENT_PREFIX_PATH=/home/yumasgmt/ros2_ws/install/can_plugins2:${AMENT_PREFIX_PATH} CMAKE_PREFIX_PATH=/home/yumasgmt/ros2_ws/install/can_plugins2:/opt/ros/humble LD_LIBRARY_PATH=/home/yumasgmt/ros2_ws/install/can_plugins2/lib:${LD_LIBRARY_PATH} PYTHONPATH=/home/yumasgmt/ros2_ws/install/can_plugins2/local/lib/python3.10/dist-packages:${PYTHONPATH} /usr/bin/cmake --install /home/yumasgmt/ros2_ws/build/cpp_pubsub
