[0.391s] Invoking command in '/home/yumasgmt/ros2_ws/build/my_package': CMAKE_PREFIX_PATH=${CMAKE_PREFIX_PATH}:/opt/ros/humble /usr/bin/cmake --build /home/yumasgmt/ros2_ws/build/my_package -- -j4 -l4
[0.453s] Invoked command in '/home/yumasgmt/ros2_ws/build/my_package' returned '0': CMAKE_PREFIX_PATH=${CMAKE_PREFIX_PATH}:/opt/ros/humble /usr/bin/cmake --build /home/yumasgmt/ros2_ws/build/my_package -- -j4 -l4
[0.541s] Invoking command in '/home/yumasgmt/ros2_ws/build/my_package': CMAKE_PREFIX_PATH=${CMAKE_PREFIX_PATH}:/opt/ros/humble /usr/bin/cmake --install /home/yumasgmt/ros2_ws/build/my_package
[0.561s] -- Install configuration: ""
[0.561s] -- Up-to-date: /home/yumasgmt/ros2_ws/install/my_package/share/ament_index/resource_index/package_run_dependencies/my_package
[0.562s] -- Up-to-date: /home/yumasgmt/ros2_ws/install/my_package/share/ament_index/resource_index/parent_prefix_path/my_package
[0.562s] -- Up-to-date: /home/yumasgmt/ros2_ws/install/my_package/share/my_package/environment/ament_prefix_path.sh
[0.562s] -- Up-to-date: /home/yumasgmt/ros2_ws/install/my_package/share/my_package/environment/ament_prefix_path.dsv
[0.562s] -- Up-to-date: /home/yumasgmt/ros2_ws/install/my_package/share/my_package/environment/path.sh
[0.562s] -- Up-to-date: /home/yumasgmt/ros2_ws/install/my_package/share/my_package/environment/path.dsv
[0.562s] -- Up-to-date: /home/yumasgmt/ros2_ws/install/my_package/share/my_package/local_setup.bash
[0.562s] -- Up-to-date: /home/yumasgmt/ros2_ws/install/my_package/share/my_package/local_setup.sh
[0.562s] -- Up-to-date: /home/yumasgmt/ros2_ws/install/my_package/share/my_package/local_setup.zsh
[0.563s] -- Up-to-date: /home/yumasgmt/ros2_ws/install/my_package/share/my_package/local_setup.dsv
[0.563s] -- Installing: /home/yumasgmt/ros2_ws/install/my_package/share/my_package/package.dsv
[0.563s] -- Up-to-date: /home/yumasgmt/ros2_ws/install/my_package/share/ament_index/resource_index/packages/my_package
[0.564s] -- Up-to-date: /home/yumasgmt/ros2_ws/install/my_package/share/my_package/cmake/my_packageConfig.cmake
[0.564s] -- Up-to-date: /home/yumasgmt/ros2_ws/install/my_package/share/my_package/cmake/my_packageConfig-version.cmake
[0.565s] -- Up-to-date: /home/yumasgmt/ros2_ws/install/my_package/share/my_package/package.xml
[0.584s] Invoked command in '/home/yumasgmt/ros2_ws/build/my_package' returned '0': CMAKE_PREFIX_PATH=${CMAKE_PREFIX_PATH}:/opt/ros/humble /usr/bin/cmake --install /home/yumasgmt/ros2_ws/build/my_package
