[0.084s] Invoking command in '/home/yumasgmt/ros2_ws/build/cpp_pubsub': CMAKE_PREFIX_PATH=/opt/ros/humble /usr/bin/cmake --build /home/yumasgmt/ros2_ws/build/cpp_pubsub -- -j4 -l4
[0.126s] -- Found ament_cmake: 1.3.5 (/opt/ros/humble/share/ament_cmake/cmake)
[0.369s] -- Found rclcpp: 16.0.6 (/opt/ros/humble/share/rclcpp/cmake)
[0.505s] -- Found rosidl_generator_c: 3.1.5 (/opt/ros/humble/share/rosidl_generator_c/cmake)
[0.508s] -- Found rosidl_adapter: 3.1.5 (/opt/ros/humble/share/rosidl_adapter/cmake)
[0.517s] -- Found rosidl_generator_cpp: 3.1.5 (/opt/ros/humble/share/rosidl_generator_cpp/cmake)
[0.535s] -- Using all available rosidl_typesupport_c: rosidl_typesupport_fastrtps_c;rosidl_typesupport_introspection_c
[0.554s] -- Using all available rosidl_typesupport_cpp: rosidl_typesupport_fastrtps_cpp;rosidl_typesupport_introspection_cpp
[0.631s] -- Found rmw_implementation_cmake: 6.1.1 (/opt/ros/humble/share/rmw_implementation_cmake/cmake)
[0.633s] -- Found rmw_fastrtps_cpp: 6.2.4 (/opt/ros/humble/share/rmw_fastrtps_cpp/cmake)
[5.820s] -- Using RMW implementation 'rmw_fastrtps_cpp' as default
[6.045s] -- Found sensor_msgs: 4.2.3 (/opt/ros/humble/share/sensor_msgs/cmake)
[6.297s] -- Configuring done
[6.341s] -- Generating done
[6.343s] -- Build files have been written to: /home/yumasgmt/ros2_ws/build/cpp_pubsub
[6.382s] [35m[1mConsolidate compiler generated dependencies of target listener[0m
[6.382s] [35m[1mConsolidate compiler generated dependencies of target talker[0m
[6.403s] [ 25%] [32mBuilding CXX object CMakeFiles/talker.dir/src/publisher_member_function.cpp.o[0m
[6.409s] [ 75%] Built target listener
[12.932s] [100%] [32m[1mLinking CXX executable talker[0m
[13.583s] [100%] Built target talker
[13.606s] Invoked command in '/home/yumasgmt/ros2_ws/build/cpp_pubsub' returned '0': CMAKE_PREFIX_PATH=/opt/ros/humble /usr/bin/cmake --build /home/yumasgmt/ros2_ws/build/cpp_pubsub -- -j4 -l4
[13.658s] Invoking command in '/home/yumasgmt/ros2_ws/build/cpp_pubsub': CMAKE_PREFIX_PATH=/opt/ros/humble /usr/bin/cmake --install /home/yumasgmt/ros2_ws/build/cpp_pubsub
[13.667s] -- Install configuration: ""
[13.670s] -- Installing: /home/yumasgmt/ros2_ws/install/cpp_pubsub/lib/cpp_pubsub/talker
[13.672s] -- Set runtime path of "/home/yumasgmt/ros2_ws/install/cpp_pubsub/lib/cpp_pubsub/talker" to ""
[13.674s] -- Up-to-date: /home/yumasgmt/ros2_ws/install/cpp_pubsub/lib/cpp_pubsub/listener
[13.675s] -- Installing: /home/yumasgmt/ros2_ws/install/cpp_pubsub/share/ament_index/resource_index/package_run_dependencies/cpp_pubsub
[13.676s] -- Up-to-date: /home/yumasgmt/ros2_ws/install/cpp_pubsub/share/ament_index/resource_index/parent_prefix_path/cpp_pubsub
[13.676s] -- Up-to-date: /home/yumasgmt/ros2_ws/install/cpp_pubsub/share/cpp_pubsub/environment/ament_prefix_path.sh
[13.676s] -- Installing: /home/yumasgmt/ros2_ws/install/cpp_pubsub/share/cpp_pubsub/environment/ament_prefix_path.dsv
[13.678s] -- Up-to-date: /home/yumasgmt/ros2_ws/install/cpp_pubsub/share/cpp_pubsub/environment/path.sh
[13.678s] -- Installing: /home/yumasgmt/ros2_ws/install/cpp_pubsub/share/cpp_pubsub/environment/path.dsv
[13.679s] -- Up-to-date: /home/yumasgmt/ros2_ws/install/cpp_pubsub/share/cpp_pubsub/local_setup.bash
[13.679s] -- Up-to-date: /home/yumasgmt/ros2_ws/install/cpp_pubsub/share/cpp_pubsub/local_setup.sh
[13.679s] -- Up-to-date: /home/yumasgmt/ros2_ws/install/cpp_pubsub/share/cpp_pubsub/local_setup.zsh
[13.679s] -- Installing: /home/yumasgmt/ros2_ws/install/cpp_pubsub/share/cpp_pubsub/local_setup.dsv
[13.682s] -- Installing: /home/yumasgmt/ros2_ws/install/cpp_pubsub/share/cpp_pubsub/package.dsv
[13.683s] -- Up-to-date: /home/yumasgmt/ros2_ws/install/cpp_pubsub/share/ament_index/resource_index/packages/cpp_pubsub
[13.684s] -- Up-to-date: /home/yumasgmt/ros2_ws/install/cpp_pubsub/share/cpp_pubsub/cmake/cpp_pubsubConfig.cmake
[13.686s] -- Up-to-date: /home/yumasgmt/ros2_ws/install/cpp_pubsub/share/cpp_pubsub/cmake/cpp_pubsubConfig-version.cmake
[13.688s] -- Installing: /home/yumasgmt/ros2_ws/install/cpp_pubsub/share/cpp_pubsub/package.xml
[13.689s] Invoked command in '/home/yumasgmt/ros2_ws/build/cpp_pubsub' returned '0': CMAKE_PREFIX_PATH=/opt/ros/humble /usr/bin/cmake --install /home/yumasgmt/ros2_ws/build/cpp_pubsub
