[1.931s] DEBUG:colcon:Command line arguments: ['/usr/bin/colcon', 'build', '--packages-select', 'cpp_pubsub']
[1.931s] DEBUG:colcon:Parsed command line arguments: Namespace(log_base=None, log_level=None, verb_name='build', build_base='build', install_base='install', merge_install=False, symlink_install=False, test_result_base=None, continue_on_error=False, executor='parallel', parallel_workers=4, event_handlers=None, ignore_user_meta=False, metas=['./colcon.meta'], base_paths=['.'], packages_ignore=None, packages_ignore_regex=None, paths=None, packages_up_to=None, packages_up_to_regex=None, packages_above=None, packages_above_and_dependencies=None, packages_above_depth=None, packages_select_by_dep=None, packages_skip_by_dep=None, packages_skip_up_to=None, packages_select_build_failed=False, packages_skip_build_finished=False, packages_select_test_failures=False, packages_skip_test_passed=False, packages_select=['cpp_pubsub'], packages_skip=None, packages_select_regex=None, packages_skip_regex=None, packages_start=None, packages_end=None, allow_overriding=[], cmake_args=None, cmake_target=None, cmake_target_skip_unavailable=False, cmake_clean_cache=False, cmake_clean_first=False, cmake_force_configure=False, ament_cmake_args=None, catkin_cmake_args=None, catkin_skip_building_tests=False, verb_parser=<colcon_defaults.argument_parser.defaults.DefaultArgumentsDecorator object at 0x7ff0689aa350>, verb_extension=<colcon_core.verb.build.BuildVerb object at 0x7ff068c358a0>, main=<bound method BuildVerb.main of <colcon_core.verb.build.BuildVerb object at 0x7ff068c358a0>>)
[2.087s] Level 1:colcon.colcon_core.package_discovery:discover_packages(colcon_meta) check parameters
[2.087s] Level 1:colcon.colcon_core.package_discovery:discover_packages(recursive) check parameters
[2.087s] Level 1:colcon.colcon_core.package_discovery:discover_packages(ignore) check parameters
[2.087s] Level 1:colcon.colcon_core.package_discovery:discover_packages(path) check parameters
[2.087s] Level 1:colcon.colcon_core.package_discovery:discover_packages(colcon_meta) discover
[2.088s] Level 1:colcon.colcon_core.package_discovery:discover_packages(recursive) discover
[2.088s] INFO:colcon.colcon_core.package_discovery:Crawling recursively for packages in '/home/yumasgmt/ros2_ws'
[2.088s] Level 1:colcon.colcon_core.package_identification:_identify(.) by extensions ['ignore', 'ignore_ament_install']
[2.088s] Level 1:colcon.colcon_core.package_identification:_identify(.) by extension 'ignore'
[2.088s] Level 1:colcon.colcon_core.package_identification:_identify(.) by extension 'ignore_ament_install'
[2.089s] Level 1:colcon.colcon_core.package_identification:_identify(.) by extensions ['colcon_pkg']
[2.089s] Level 1:colcon.colcon_core.package_identification:_identify(.) by extension 'colcon_pkg'
[2.089s] Level 1:colcon.colcon_core.package_identification:_identify(.) by extensions ['colcon_meta']
[2.089s] Level 1:colcon.colcon_core.package_identification:_identify(.) by extension 'colcon_meta'
[2.089s] Level 1:colcon.colcon_core.package_identification:_identify(.) by extensions ['ros']
[2.089s] Level 1:colcon.colcon_core.package_identification:_identify(.) by extension 'ros'
[2.125s] Level 1:colcon.colcon_core.package_identification:_identify(.) by extensions ['cmake', 'python']
[2.125s] Level 1:colcon.colcon_core.package_identification:_identify(.) by extension 'cmake'
[2.126s] Level 1:colcon.colcon_core.package_identification:_identify(.) by extension 'python'
[2.126s] Level 1:colcon.colcon_core.package_identification:_identify(.) by extensions ['python_setup_py']
[2.126s] Level 1:colcon.colcon_core.package_identification:_identify(.) by extension 'python_setup_py'
[2.126s] Level 1:colcon.colcon_core.package_identification:_identify(build) by extensions ['ignore', 'ignore_ament_install']
[2.126s] Level 1:colcon.colcon_core.package_identification:_identify(build) by extension 'ignore'
[2.126s] Level 1:colcon.colcon_core.package_identification:_identify(build) ignored
[2.127s] Level 1:colcon.colcon_core.package_identification:_identify(install) by extensions ['ignore', 'ignore_ament_install']
[2.127s] Level 1:colcon.colcon_core.package_identification:_identify(install) by extension 'ignore'
[2.127s] Level 1:colcon.colcon_core.package_identification:_identify(install) ignored
[2.127s] Level 1:colcon.colcon_core.package_identification:_identify(log) by extensions ['ignore', 'ignore_ament_install']
[2.127s] Level 1:colcon.colcon_core.package_identification:_identify(log) by extension 'ignore'
[2.128s] Level 1:colcon.colcon_core.package_identification:_identify(log) ignored
[2.128s] Level 1:colcon.colcon_core.package_identification:_identify(src) by extensions ['ignore', 'ignore_ament_install']
[2.128s] Level 1:colcon.colcon_core.package_identification:_identify(src) by extension 'ignore'
[2.128s] Level 1:colcon.colcon_core.package_identification:_identify(src) by extension 'ignore_ament_install'
[2.128s] Level 1:colcon.colcon_core.package_identification:_identify(src) by extensions ['colcon_pkg']
[2.128s] Level 1:colcon.colcon_core.package_identification:_identify(src) by extension 'colcon_pkg'
[2.128s] Level 1:colcon.colcon_core.package_identification:_identify(src) by extensions ['colcon_meta']
[2.128s] Level 1:colcon.colcon_core.package_identification:_identify(src) by extension 'colcon_meta'
[2.129s] Level 1:colcon.colcon_core.package_identification:_identify(src) by extensions ['ros']
[2.129s] Level 1:colcon.colcon_core.package_identification:_identify(src) by extension 'ros'
[2.129s] Level 1:colcon.colcon_core.package_identification:_identify(src) by extensions ['cmake', 'python']
[2.129s] Level 1:colcon.colcon_core.package_identification:_identify(src) by extension 'cmake'
[2.129s] Level 1:colcon.colcon_core.package_identification:_identify(src) by extension 'python'
[2.129s] Level 1:colcon.colcon_core.package_identification:_identify(src) by extensions ['python_setup_py']
[2.129s] Level 1:colcon.colcon_core.package_identification:_identify(src) by extension 'python_setup_py'
[2.129s] Level 1:colcon.colcon_core.package_identification:_identify(src/build) by extensions ['ignore', 'ignore_ament_install']
[2.130s] Level 1:colcon.colcon_core.package_identification:_identify(src/build) by extension 'ignore'
[2.130s] Level 1:colcon.colcon_core.package_identification:_identify(src/build) ignored
[2.130s] Level 1:colcon.colcon_core.package_identification:_identify(src/can_plugins2) by extensions ['ignore', 'ignore_ament_install']
[2.130s] Level 1:colcon.colcon_core.package_identification:_identify(src/can_plugins2) by extension 'ignore'
[2.130s] Level 1:colcon.colcon_core.package_identification:_identify(src/can_plugins2) by extension 'ignore_ament_install'
[2.130s] Level 1:colcon.colcon_core.package_identification:_identify(src/can_plugins2) by extensions ['colcon_pkg']
[2.131s] Level 1:colcon.colcon_core.package_identification:_identify(src/can_plugins2) by extension 'colcon_pkg'
[2.131s] Level 1:colcon.colcon_core.package_identification:_identify(src/can_plugins2) by extensions ['colcon_meta']
[2.131s] Level 1:colcon.colcon_core.package_identification:_identify(src/can_plugins2) by extension 'colcon_meta'
[2.131s] Level 1:colcon.colcon_core.package_identification:_identify(src/can_plugins2) by extensions ['ros']
[2.131s] Level 1:colcon.colcon_core.package_identification:_identify(src/can_plugins2) by extension 'ros'
[2.140s] DEBUG:colcon.colcon_core.package_identification:Package 'src/can_plugins2' with type 'ros.ament_cmake' and name 'can_plugins2'
[2.141s] Level 1:colcon.colcon_core.package_identification:_identify(src/cpp_pubsub) by extensions ['ignore', 'ignore_ament_install']
[2.141s] Level 1:colcon.colcon_core.package_identification:_identify(src/cpp_pubsub) by extension 'ignore'
[2.141s] Level 1:colcon.colcon_core.package_identification:_identify(src/cpp_pubsub) by extension 'ignore_ament_install'
[2.142s] Level 1:colcon.colcon_core.package_identification:_identify(src/cpp_pubsub) by extensions ['colcon_pkg']
[2.142s] Level 1:colcon.colcon_core.package_identification:_identify(src/cpp_pubsub) by extension 'colcon_pkg'
[2.142s] Level 1:colcon.colcon_core.package_identification:_identify(src/cpp_pubsub) by extensions ['colcon_meta']
[2.142s] Level 1:colcon.colcon_core.package_identification:_identify(src/cpp_pubsub) by extension 'colcon_meta'
[2.143s] Level 1:colcon.colcon_core.package_identification:_identify(src/cpp_pubsub) by extensions ['ros']
[2.143s] Level 1:colcon.colcon_core.package_identification:_identify(src/cpp_pubsub) by extension 'ros'
[2.146s] DEBUG:colcon.colcon_core.package_identification:Package 'src/cpp_pubsub' with type 'ros.ament_cmake' and name 'cpp_pubsub'
[2.146s] Level 1:colcon.colcon_core.package_identification:_identify(src/install) by extensions ['ignore', 'ignore_ament_install']
[2.146s] Level 1:colcon.colcon_core.package_identification:_identify(src/install) by extension 'ignore'
[2.147s] Level 1:colcon.colcon_core.package_identification:_identify(src/install) ignored
[2.147s] Level 1:colcon.colcon_core.package_identification:_identify(src/log) by extensions ['ignore', 'ignore_ament_install']
[2.147s] Level 1:colcon.colcon_core.package_identification:_identify(src/log) by extension 'ignore'
[2.147s] Level 1:colcon.colcon_core.package_identification:_identify(src/log) ignored
[2.147s] Level 1:colcon.colcon_core.package_identification:_identify(src/my_package) by extensions ['ignore', 'ignore_ament_install']
[2.147s] Level 1:colcon.colcon_core.package_identification:_identify(src/my_package) by extension 'ignore'
[2.148s] Level 1:colcon.colcon_core.package_identification:_identify(src/my_package) by extension 'ignore_ament_install'
[2.148s] Level 1:colcon.colcon_core.package_identification:_identify(src/my_package) by extensions ['colcon_pkg']
[2.148s] Level 1:colcon.colcon_core.package_identification:_identify(src/my_package) by extension 'colcon_pkg'
[2.148s] Level 1:colcon.colcon_core.package_identification:_identify(src/my_package) by extensions ['colcon_meta']
[2.148s] Level 1:colcon.colcon_core.package_identification:_identify(src/my_package) by extension 'colcon_meta'
[2.148s] Level 1:colcon.colcon_core.package_identification:_identify(src/my_package) by extensions ['ros']
[2.148s] Level 1:colcon.colcon_core.package_identification:_identify(src/my_package) by extension 'ros'
[2.149s] DEBUG:colcon.colcon_core.package_identification:Package 'src/my_package' with type 'ros.ament_cmake' and name 'my_package'
[2.149s] Level 1:colcon.colcon_core.package_identification:_identify(tmp_src) by extensions ['ignore', 'ignore_ament_install']
[2.150s] Level 1:colcon.colcon_core.package_identification:_identify(tmp_src) by extension 'ignore'
[2.150s] Level 1:colcon.colcon_core.package_identification:_identify(tmp_src) by extension 'ignore_ament_install'
[2.150s] Level 1:colcon.colcon_core.package_identification:_identify(tmp_src) by extensions ['colcon_pkg']
[2.150s] Level 1:colcon.colcon_core.package_identification:_identify(tmp_src) by extension 'colcon_pkg'
[2.151s] Level 1:colcon.colcon_core.package_identification:_identify(tmp_src) by extensions ['colcon_meta']
[2.151s] Level 1:colcon.colcon_core.package_identification:_identify(tmp_src) by extension 'colcon_meta'
[2.151s] Level 1:colcon.colcon_core.package_identification:_identify(tmp_src) by extensions ['ros']
[2.151s] Level 1:colcon.colcon_core.package_identification:_identify(tmp_src) by extension 'ros'
[2.152s] Level 1:colcon.colcon_core.package_identification:_identify(tmp_src) by extensions ['cmake', 'python']
[2.152s] Level 1:colcon.colcon_core.package_identification:_identify(tmp_src) by extension 'cmake'
[2.152s] Level 1:colcon.colcon_core.package_identification:_identify(tmp_src) by extension 'python'
[2.153s] Level 1:colcon.colcon_core.package_identification:_identify(tmp_src) by extensions ['python_setup_py']
[2.153s] Level 1:colcon.colcon_core.package_identification:_identify(tmp_src) by extension 'python_setup_py'
[2.153s] Level 1:colcon.colcon_core.package_identification:_identify(tmp_src/underc_package) by extensions ['ignore', 'ignore_ament_install']
[2.154s] Level 1:colcon.colcon_core.package_identification:_identify(tmp_src/underc_package) by extension 'ignore'
[2.154s] Level 1:colcon.colcon_core.package_identification:_identify(tmp_src/underc_package) by extension 'ignore_ament_install'
[2.154s] Level 1:colcon.colcon_core.package_identification:_identify(tmp_src/underc_package) by extensions ['colcon_pkg']
[2.154s] Level 1:colcon.colcon_core.package_identification:_identify(tmp_src/underc_package) by extension 'colcon_pkg'
[2.155s] Level 1:colcon.colcon_core.package_identification:_identify(tmp_src/underc_package) by extensions ['colcon_meta']
[2.155s] Level 1:colcon.colcon_core.package_identification:_identify(tmp_src/underc_package) by extension 'colcon_meta'
[2.155s] Level 1:colcon.colcon_core.package_identification:_identify(tmp_src/underc_package) by extensions ['ros']
[2.155s] Level 1:colcon.colcon_core.package_identification:_identify(tmp_src/underc_package) by extension 'ros'
[2.156s] DEBUG:colcon.colcon_core.package_identification:Package 'tmp_src/underc_package' with type 'ros.ament_cmake' and name 'underc_package'
[2.156s] Level 1:colcon.colcon_core.package_discovery:discover_packages(recursive) using defaults
[2.156s] Level 1:colcon.colcon_core.package_discovery:discover_packages(ignore) discover
[2.157s] Level 1:colcon.colcon_core.package_discovery:discover_packages(ignore) using defaults
[2.157s] Level 1:colcon.colcon_core.package_discovery:discover_packages(path) discover
[2.157s] Level 1:colcon.colcon_core.package_discovery:discover_packages(path) using defaults
[2.258s] INFO:colcon.colcon_core.package_selection:Skipping not selected package 'can_plugins2' in 'src/can_plugins2'
[2.258s] INFO:colcon.colcon_core.package_selection:Skipping not selected package 'my_package' in 'src/my_package'
[2.258s] INFO:colcon.colcon_core.package_selection:Skipping not selected package 'underc_package' in 'tmp_src/underc_package'
[2.316s] Level 1:colcon.colcon_core.package_discovery:discover_packages(prefix_path) check parameters
[2.316s] Level 1:colcon.colcon_core.package_discovery:discover_packages(prefix_path) discover
[2.364s] DEBUG:colcon.colcon_installed_package_information.package_discovery:Found 284 installed packages in /opt/ros/humble
[2.368s] Level 1:colcon.colcon_core.package_discovery:discover_packages(prefix_path) using defaults
[2.575s] Level 5:colcon.colcon_core.verb:set package 'cpp_pubsub' build argument 'cmake_args' from command line to 'None'
[2.575s] Level 5:colcon.colcon_core.verb:set package 'cpp_pubsub' build argument 'cmake_target' from command line to 'None'
[2.575s] Level 5:colcon.colcon_core.verb:set package 'cpp_pubsub' build argument 'cmake_target_skip_unavailable' from command line to 'False'
[2.575s] Level 5:colcon.colcon_core.verb:set package 'cpp_pubsub' build argument 'cmake_clean_cache' from command line to 'False'
[2.575s] Level 5:colcon.colcon_core.verb:set package 'cpp_pubsub' build argument 'cmake_clean_first' from command line to 'False'
[2.575s] Level 5:colcon.colcon_core.verb:set package 'cpp_pubsub' build argument 'cmake_force_configure' from command line to 'False'
[2.575s] Level 5:colcon.colcon_core.verb:set package 'cpp_pubsub' build argument 'ament_cmake_args' from command line to 'None'
[2.575s] Level 5:colcon.colcon_core.verb:set package 'cpp_pubsub' build argument 'catkin_cmake_args' from command line to 'None'
[2.575s] Level 5:colcon.colcon_core.verb:set package 'cpp_pubsub' build argument 'catkin_skip_building_tests' from command line to 'False'
[2.575s] DEBUG:colcon.colcon_core.verb:Building package 'cpp_pubsub' with the following arguments: {'ament_cmake_args': None, 'build_base': '/home/yumasgmt/ros2_ws/build/cpp_pubsub', 'catkin_cmake_args': None, 'catkin_skip_building_tests': False, 'cmake_args': None, 'cmake_clean_cache': False, 'cmake_clean_first': False, 'cmake_force_configure': False, 'cmake_target': None, 'cmake_target_skip_unavailable': False, 'install_base': '/home/yumasgmt/ros2_ws/install/cpp_pubsub', 'merge_install': False, 'path': '/home/yumasgmt/ros2_ws/src/cpp_pubsub', 'symlink_install': False, 'test_result_base': None}
[2.599s] INFO:colcon.colcon_core.executor:Executing jobs using 'parallel' executor
[2.663s] DEBUG:colcon.colcon_parallel_executor.executor.parallel:run_until_complete
[2.692s] INFO:colcon.colcon_ros.task.ament_cmake.build:Building ROS package in '/home/yumasgmt/ros2_ws/src/cpp_pubsub' with build type 'ament_cmake'
[2.693s] INFO:colcon.colcon_cmake.task.cmake.build:Building CMake package in '/home/yumasgmt/ros2_ws/src/cpp_pubsub'
[2.768s] INFO:colcon.colcon_core.plugin_system:Skipping extension 'colcon_core.shell.bat': Not used on non-Windows systems
[2.769s] INFO:colcon.colcon_core.shell:Skip shell extension 'powershell' for command environment: Not usable outside of PowerShell
[2.769s] DEBUG:colcon.colcon_core.shell:Skip shell extension 'dsv' for command environment
[2.983s] DEBUG:colcon.colcon_core.event_handler.log_command:Invoking command in '/home/yumasgmt/ros2_ws/build/cpp_pubsub': AMENT_PREFIX_PATH=/home/yumasgmt/ros2_ws/install/can_plugins2:${AMENT_PREFIX_PATH} CMAKE_PREFIX_PATH=/home/yumasgmt/ros2_ws/install/can_plugins2:/opt/ros/humble LD_LIBRARY_PATH=/home/yumasgmt/ros2_ws/install/can_plugins2/lib:${LD_LIBRARY_PATH} PYTHONPATH=/home/yumasgmt/ros2_ws/install/can_plugins2/local/lib/python3.10/dist-packages:${PYTHONPATH} /usr/bin/cmake --build /home/yumasgmt/ros2_ws/build/cpp_pubsub -- -j4 -l4
[24.732s] DEBUG:colcon.colcon_core.event_handler.log_command:Invoked command in '/home/yumasgmt/ros2_ws/build/cpp_pubsub' returned '0': AMENT_PREFIX_PATH=/home/yumasgmt/ros2_ws/install/can_plugins2:${AMENT_PREFIX_PATH} CMAKE_PREFIX_PATH=/home/yumasgmt/ros2_ws/install/can_plugins2:/opt/ros/humble LD_LIBRARY_PATH=/home/yumasgmt/ros2_ws/install/can_plugins2/lib:${LD_LIBRARY_PATH} PYTHONPATH=/home/yumasgmt/ros2_ws/install/can_plugins2/local/lib/python3.10/dist-packages:${PYTHONPATH} /usr/bin/cmake --build /home/yumasgmt/ros2_ws/build/cpp_pubsub -- -j4 -l4
[24.813s] DEBUG:colcon.colcon_core.event_handler.log_command:Invoking command in '/home/yumasgmt/ros2_ws/build/cpp_pubsub': AMENT_PREFIX_PATH=/home/yumasgmt/ros2_ws/install/can_plugins2:${AMENT_PREFIX_PATH} CMAKE_PREFIX_PATH=/home/yumasgmt/ros2_ws/install/can_plugins2:/opt/ros/humble LD_LIBRARY_PATH=/home/yumasgmt/ros2_ws/install/can_plugins2/lib:${LD_LIBRARY_PATH} PYTHONPATH=/home/yumasgmt/ros2_ws/install/can_plugins2/local/lib/python3.10/dist-packages:${PYTHONPATH} /usr/bin/cmake --install /home/yumasgmt/ros2_ws/build/cpp_pubsub
[25.029s] Level 1:colcon.colcon_core.environment:create_environment_scripts_only(cpp_pubsub)
[25.030s] DEBUG:colcon.colcon_core.event_handler.log_command:Invoked command in '/home/yumasgmt/ros2_ws/build/cpp_pubsub' returned '0': AMENT_PREFIX_PATH=/home/yumasgmt/ros2_ws/install/can_plugins2:${AMENT_PREFIX_PATH} CMAKE_PREFIX_PATH=/home/yumasgmt/ros2_ws/install/can_plugins2:/opt/ros/humble LD_LIBRARY_PATH=/home/yumasgmt/ros2_ws/install/can_plugins2/lib:${LD_LIBRARY_PATH} PYTHONPATH=/home/yumasgmt/ros2_ws/install/can_plugins2/local/lib/python3.10/dist-packages:${PYTHONPATH} /usr/bin/cmake --install /home/yumasgmt/ros2_ws/build/cpp_pubsub
[25.060s] Level 1:colcon.colcon_core.environment:checking '/home/yumasgmt/ros2_ws/install/cpp_pubsub' for CMake module files
[25.061s] Level 1:colcon.colcon_core.environment:checking '/home/yumasgmt/ros2_ws/install/cpp_pubsub' for CMake config files
[25.061s] Level 1:colcon.colcon_core.shell:create_environment_hook('cpp_pubsub', 'cmake_prefix_path')
[25.092s] INFO:colcon.colcon_core.shell:Creating environment hook '/home/yumasgmt/ros2_ws/install/cpp_pubsub/share/cpp_pubsub/hook/cmake_prefix_path.ps1'
[25.093s] INFO:colcon.colcon_core.shell:Creating environment descriptor '/home/yumasgmt/ros2_ws/install/cpp_pubsub/share/cpp_pubsub/hook/cmake_prefix_path.dsv'
[25.094s] INFO:colcon.colcon_core.shell:Creating environment hook '/home/yumasgmt/ros2_ws/install/cpp_pubsub/share/cpp_pubsub/hook/cmake_prefix_path.sh'
[25.095s] Level 1:colcon.colcon_core.environment:checking '/home/yumasgmt/ros2_ws/install/cpp_pubsub/lib'
[25.096s] Level 1:colcon.colcon_core.environment:checking '/home/yumasgmt/ros2_ws/install/cpp_pubsub/bin'
[25.096s] Level 1:colcon.colcon_core.environment:checking '/home/yumasgmt/ros2_ws/install/cpp_pubsub/lib/pkgconfig/cpp_pubsub.pc'
[25.096s] Level 1:colcon.colcon_core.environment:checking '/home/yumasgmt/ros2_ws/install/cpp_pubsub/lib/python3.10/site-packages'
[25.097s] Level 1:colcon.colcon_core.environment:checking '/home/yumasgmt/ros2_ws/install/cpp_pubsub/bin'
[25.126s] INFO:colcon.colcon_core.shell:Creating package script '/home/yumasgmt/ros2_ws/install/cpp_pubsub/share/cpp_pubsub/package.ps1'
[25.127s] INFO:colcon.colcon_core.shell:Creating package descriptor '/home/yumasgmt/ros2_ws/install/cpp_pubsub/share/cpp_pubsub/package.dsv'
[25.129s] INFO:colcon.colcon_core.shell:Creating package script '/home/yumasgmt/ros2_ws/install/cpp_pubsub/share/cpp_pubsub/package.sh'
[25.130s] INFO:colcon.colcon_core.shell:Creating package script '/home/yumasgmt/ros2_ws/install/cpp_pubsub/share/cpp_pubsub/package.bash'
[25.132s] INFO:colcon.colcon_core.shell:Creating package script '/home/yumasgmt/ros2_ws/install/cpp_pubsub/share/cpp_pubsub/package.zsh'
[25.134s] Level 1:colcon.colcon_core.environment:create_file_with_runtime_dependencies(/home/yumasgmt/ros2_ws/install/cpp_pubsub/share/colcon-core/packages/cpp_pubsub)
[25.194s] Level 1:colcon.colcon_core.environment:create_environment_scripts_only(cpp_pubsub)
[25.213s] Level 1:colcon.colcon_core.environment:checking '/home/yumasgmt/ros2_ws/install/cpp_pubsub' for CMake module files
[25.214s] Level 1:colcon.colcon_core.environment:checking '/home/yumasgmt/ros2_ws/install/cpp_pubsub' for CMake config files
[25.214s] Level 1:colcon.colcon_core.shell:create_environment_hook('cpp_pubsub', 'cmake_prefix_path')
[25.237s] INFO:colcon.colcon_core.shell:Creating environment hook '/home/yumasgmt/ros2_ws/install/cpp_pubsub/share/cpp_pubsub/hook/cmake_prefix_path.ps1'
[25.239s] INFO:colcon.colcon_core.shell:Creating environment descriptor '/home/yumasgmt/ros2_ws/install/cpp_pubsub/share/cpp_pubsub/hook/cmake_prefix_path.dsv'
[25.239s] INFO:colcon.colcon_core.shell:Creating environment hook '/home/yumasgmt/ros2_ws/install/cpp_pubsub/share/cpp_pubsub/hook/cmake_prefix_path.sh'
[25.240s] Level 1:colcon.colcon_core.environment:checking '/home/yumasgmt/ros2_ws/install/cpp_pubsub/lib'
[25.240s] Level 1:colcon.colcon_core.environment:checking '/home/yumasgmt/ros2_ws/install/cpp_pubsub/bin'
[25.240s] Level 1:colcon.colcon_core.environment:checking '/home/yumasgmt/ros2_ws/install/cpp_pubsub/lib/pkgconfig/cpp_pubsub.pc'
[25.241s] Level 1:colcon.colcon_core.environment:checking '/home/yumasgmt/ros2_ws/install/cpp_pubsub/lib/python3.10/site-packages'
[25.241s] Level 1:colcon.colcon_core.environment:checking '/home/yumasgmt/ros2_ws/install/cpp_pubsub/bin'
[25.268s] INFO:colcon.colcon_core.shell:Creating package script '/home/yumasgmt/ros2_ws/install/cpp_pubsub/share/cpp_pubsub/package.ps1'
[25.271s] INFO:colcon.colcon_core.shell:Creating package descriptor '/home/yumasgmt/ros2_ws/install/cpp_pubsub/share/cpp_pubsub/package.dsv'
[25.273s] INFO:colcon.colcon_core.shell:Creating package script '/home/yumasgmt/ros2_ws/install/cpp_pubsub/share/cpp_pubsub/package.sh'
[25.274s] INFO:colcon.colcon_core.shell:Creating package script '/home/yumasgmt/ros2_ws/install/cpp_pubsub/share/cpp_pubsub/package.bash'
[25.275s] INFO:colcon.colcon_core.shell:Creating package script '/home/yumasgmt/ros2_ws/install/cpp_pubsub/share/cpp_pubsub/package.zsh'
[25.276s] Level 1:colcon.colcon_core.environment:create_file_with_runtime_dependencies(/home/yumasgmt/ros2_ws/install/cpp_pubsub/share/colcon-core/packages/cpp_pubsub)
[25.277s] DEBUG:colcon.colcon_parallel_executor.executor.parallel:closing loop
[25.277s] DEBUG:colcon.colcon_parallel_executor.executor.parallel:loop closed
[25.278s] DEBUG:colcon.colcon_parallel_executor.executor.parallel:run_until_complete finished with '0'
[25.278s] DEBUG:colcon.colcon_core.event_reactor:joining thread
[25.480s] INFO:colcon.colcon_core.plugin_system:Skipping extension 'colcon_notification.desktop_notification.notify_send': Could not find 'notify-send'
[25.481s] INFO:colcon.colcon_core.plugin_system:Skipping extension 'colcon_notification.desktop_notification.terminal_notifier': Not used on non-Darwin systems
[25.481s] INFO:colcon.colcon_core.plugin_system:Skipping extension 'colcon_notification.desktop_notification.win32': Not used on non-Windows systems
[25.481s] INFO:colcon.colcon_notification.desktop_notification:Sending desktop notification using 'notify2'
[155.117s] DEBUG:colcon.colcon_notification.desktop_notification.notify2:Failed to initialize notify2: org.freedesktop.DBus.Error.Spawn.ExecFailed: /usr/bin/dbus-launch terminated abnormally with the following error: Autolaunch error: X11 initialization failed.

[155.120s] DEBUG:colcon.colcon_core.event_reactor:joined thread
[155.225s] INFO:colcon.colcon_core.shell:Creating prefix script '/home/yumasgmt/ros2_ws/install/local_setup.ps1'
[155.230s] INFO:colcon.colcon_core.shell:Creating prefix util module '/home/yumasgmt/ros2_ws/install/_local_setup_util_ps1.py'
[155.235s] INFO:colcon.colcon_core.shell:Creating prefix chain script '/home/yumasgmt/ros2_ws/install/setup.ps1'
[155.269s] INFO:colcon.colcon_core.shell:Creating prefix script '/home/yumasgmt/ros2_ws/install/local_setup.sh'
[155.271s] INFO:colcon.colcon_core.shell:Creating prefix util module '/home/yumasgmt/ros2_ws/install/_local_setup_util_sh.py'
[155.273s] INFO:colcon.colcon_core.shell:Creating prefix chain script '/home/yumasgmt/ros2_ws/install/setup.sh'
[155.309s] INFO:colcon.colcon_core.shell:Creating prefix script '/home/yumasgmt/ros2_ws/install/local_setup.bash'
[155.314s] INFO:colcon.colcon_core.shell:Creating prefix chain script '/home/yumasgmt/ros2_ws/install/setup.bash'
[155.347s] INFO:colcon.colcon_core.shell:Creating prefix script '/home/yumasgmt/ros2_ws/install/local_setup.zsh'
[155.352s] INFO:colcon.colcon_core.shell:Creating prefix chain script '/home/yumasgmt/ros2_ws/install/setup.zsh'
