[1.590s] DEBUG:colcon:Command line arguments: ['/usr/bin/colcon', 'build', '--packages-select', 'cpp_pubsub']
[1.590s] DEBUG:colcon:Parsed command line arguments: Namespace(log_base=None, log_level=None, verb_name='build', build_base='build', install_base='install', merge_install=False, symlink_install=False, test_result_base=None, continue_on_error=False, executor='parallel', parallel_workers=4, event_handlers=None, ignore_user_meta=False, metas=['./colcon.meta'], base_paths=['.'], packages_ignore=None, packages_ignore_regex=None, paths=None, packages_up_to=None, packages_up_to_regex=None, packages_above=None, packages_above_and_dependencies=None, packages_above_depth=None, packages_select_by_dep=None, packages_skip_by_dep=None, packages_skip_up_to=None, packages_select_build_failed=False, packages_skip_build_finished=False, packages_select_test_failures=False, packages_skip_test_passed=False, packages_select=['cpp_pubsub'], packages_skip=None, packages_select_regex=None, packages_skip_regex=None, packages_start=None, packages_end=None, allow_overriding=[], cmake_args=None, cmake_target=None, cmake_target_skip_unavailable=False, cmake_clean_cache=False, cmake_clean_first=False, cmake_force_configure=False, ament_cmake_args=None, catkin_cmake_args=None, catkin_skip_building_tests=False, verb_parser=<colcon_defaults.argument_parser.defaults.DefaultArgumentsDecorator object at 0x7fc351ed6770>, verb_extension=<colcon_core.verb.build.BuildVerb object at 0x7fc3521618a0>, main=<bound method BuildVerb.main of <colcon_core.verb.build.BuildVerb object at 0x7fc3521618a0>>)
[1.726s] Level 1:colcon.colcon_core.package_discovery:discover_packages(colcon_meta) check parameters
[1.726s] Level 1:colcon.colcon_core.package_discovery:discover_packages(recursive) check parameters
[1.726s] Level 1:colcon.colcon_core.package_discovery:discover_packages(ignore) check parameters
[1.726s] Level 1:colcon.colcon_core.package_discovery:discover_packages(path) check parameters
[1.727s] Level 1:colcon.colcon_core.package_discovery:discover_packages(colcon_meta) discover
[1.727s] Level 1:colcon.colcon_core.package_discovery:discover_packages(recursive) discover
[1.727s] INFO:colcon.colcon_core.package_discovery:Crawling recursively for packages in '/home/yumasgmt/ros2_ws'
[1.727s] Level 1:colcon.colcon_core.package_identification:_identify(.) by extensions ['ignore', 'ignore_ament_install']
[1.729s] Level 1:colcon.colcon_core.package_identification:_identify(.) by extension 'ignore'
[1.729s] Level 1:colcon.colcon_core.package_identification:_identify(.) by extension 'ignore_ament_install'
[1.729s] Level 1:colcon.colcon_core.package_identification:_identify(.) by extensions ['colcon_pkg']
[1.729s] Level 1:colcon.colcon_core.package_identification:_identify(.) by extension 'colcon_pkg'
[1.730s] Level 1:colcon.colcon_core.package_identification:_identify(.) by extensions ['colcon_meta']
[1.730s] Level 1:colcon.colcon_core.package_identification:_identify(.) by extension 'colcon_meta'
[1.730s] Level 1:colcon.colcon_core.package_identification:_identify(.) by extensions ['ros']
[1.730s] Level 1:colcon.colcon_core.package_identification:_identify(.) by extension 'ros'
[1.758s] Level 1:colcon.colcon_core.package_identification:_identify(.) by extensions ['cmake', 'python']
[1.758s] Level 1:colcon.colcon_core.package_identification:_identify(.) by extension 'cmake'
[1.758s] Level 1:colcon.colcon_core.package_identification:_identify(.) by extension 'python'
[1.758s] Level 1:colcon.colcon_core.package_identification:_identify(.) by extensions ['python_setup_py']
[1.759s] Level 1:colcon.colcon_core.package_identification:_identify(.) by extension 'python_setup_py'
[1.759s] Level 1:colcon.colcon_core.package_identification:_identify(build) by extensions ['ignore', 'ignore_ament_install']
[1.759s] Level 1:colcon.colcon_core.package_identification:_identify(build) by extension 'ignore'
[1.759s] Level 1:colcon.colcon_core.package_identification:_identify(build) ignored
[1.760s] Level 1:colcon.colcon_core.package_identification:_identify(install) by extensions ['ignore', 'ignore_ament_install']
[1.760s] Level 1:colcon.colcon_core.package_identification:_identify(install) by extension 'ignore'
[1.760s] Level 1:colcon.colcon_core.package_identification:_identify(install) ignored
[1.760s] Level 1:colcon.colcon_core.package_identification:_identify(log) by extensions ['ignore', 'ignore_ament_install']
[1.761s] Level 1:colcon.colcon_core.package_identification:_identify(log) by extension 'ignore'
[1.761s] Level 1:colcon.colcon_core.package_identification:_identify(log) ignored
[1.762s] Level 1:colcon.colcon_core.package_identification:_identify(src) by extensions ['ignore', 'ignore_ament_install']
[1.762s] Level 1:colcon.colcon_core.package_identification:_identify(src) by extension 'ignore'
[1.762s] Level 1:colcon.colcon_core.package_identification:_identify(src) by extension 'ignore_ament_install'
[1.762s] Level 1:colcon.colcon_core.package_identification:_identify(src) by extensions ['colcon_pkg']
[1.763s] Level 1:colcon.colcon_core.package_identification:_identify(src) by extension 'colcon_pkg'
[1.763s] Level 1:colcon.colcon_core.package_identification:_identify(src) by extensions ['colcon_meta']
[1.763s] Level 1:colcon.colcon_core.package_identification:_identify(src) by extension 'colcon_meta'
[1.763s] Level 1:colcon.colcon_core.package_identification:_identify(src) by extensions ['ros']
[1.763s] Level 1:colcon.colcon_core.package_identification:_identify(src) by extension 'ros'
[1.763s] Level 1:colcon.colcon_core.package_identification:_identify(src) by extensions ['cmake', 'python']
[1.763s] Level 1:colcon.colcon_core.package_identification:_identify(src) by extension 'cmake'
[1.763s] Level 1:colcon.colcon_core.package_identification:_identify(src) by extension 'python'
[1.764s] Level 1:colcon.colcon_core.package_identification:_identify(src) by extensions ['python_setup_py']
[1.764s] Level 1:colcon.colcon_core.package_identification:_identify(src) by extension 'python_setup_py'
[1.764s] Level 1:colcon.colcon_core.package_identification:_identify(src/build) by extensions ['ignore', 'ignore_ament_install']
[1.764s] Level 1:colcon.colcon_core.package_identification:_identify(src/build) by extension 'ignore'
[1.765s] Level 1:colcon.colcon_core.package_identification:_identify(src/build) ignored
[1.765s] Level 1:colcon.colcon_core.package_identification:_identify(src/can_plugins2) by extensions ['ignore', 'ignore_ament_install']
[1.765s] Level 1:colcon.colcon_core.package_identification:_identify(src/can_plugins2) by extension 'ignore'
[1.765s] Level 1:colcon.colcon_core.package_identification:_identify(src/can_plugins2) by extension 'ignore_ament_install'
[1.765s] Level 1:colcon.colcon_core.package_identification:_identify(src/can_plugins2) by extensions ['colcon_pkg']
[1.766s] Level 1:colcon.colcon_core.package_identification:_identify(src/can_plugins2) by extension 'colcon_pkg'
[1.766s] Level 1:colcon.colcon_core.package_identification:_identify(src/can_plugins2) by extensions ['colcon_meta']
[1.766s] Level 1:colcon.colcon_core.package_identification:_identify(src/can_plugins2) by extension 'colcon_meta'
[1.766s] Level 1:colcon.colcon_core.package_identification:_identify(src/can_plugins2) by extensions ['ros']
[1.766s] Level 1:colcon.colcon_core.package_identification:_identify(src/can_plugins2) by extension 'ros'
[1.772s] DEBUG:colcon.colcon_core.package_identification:Package 'src/can_plugins2' with type 'ros.ament_cmake' and name 'can_plugins2'
[1.772s] Level 1:colcon.colcon_core.package_identification:_identify(src/cpp_pubsub) by extensions ['ignore', 'ignore_ament_install']
[1.773s] Level 1:colcon.colcon_core.package_identification:_identify(src/cpp_pubsub) by extension 'ignore'
[1.773s] Level 1:colcon.colcon_core.package_identification:_identify(src/cpp_pubsub) by extension 'ignore_ament_install'
[1.773s] Level 1:colcon.colcon_core.package_identification:_identify(src/cpp_pubsub) by extensions ['colcon_pkg']
[1.773s] Level 1:colcon.colcon_core.package_identification:_identify(src/cpp_pubsub) by extension 'colcon_pkg'
[1.773s] Level 1:colcon.colcon_core.package_identification:_identify(src/cpp_pubsub) by extensions ['colcon_meta']
[1.773s] Level 1:colcon.colcon_core.package_identification:_identify(src/cpp_pubsub) by extension 'colcon_meta'
[1.773s] Level 1:colcon.colcon_core.package_identification:_identify(src/cpp_pubsub) by extensions ['ros']
[1.774s] Level 1:colcon.colcon_core.package_identification:_identify(src/cpp_pubsub) by extension 'ros'
[1.775s] DEBUG:colcon.colcon_core.package_identification:Package 'src/cpp_pubsub' with type 'ros.ament_cmake' and name 'cpp_pubsub'
[1.776s] Level 1:colcon.colcon_core.package_identification:_identify(src/install) by extensions ['ignore', 'ignore_ament_install']
[1.776s] Level 1:colcon.colcon_core.package_identification:_identify(src/install) by extension 'ignore'
[1.776s] Level 1:colcon.colcon_core.package_identification:_identify(src/install) ignored
[1.777s] Level 1:colcon.colcon_core.package_identification:_identify(src/log) by extensions ['ignore', 'ignore_ament_install']
[1.777s] Level 1:colcon.colcon_core.package_identification:_identify(src/log) by extension 'ignore'
[1.777s] Level 1:colcon.colcon_core.package_identification:_identify(src/log) ignored
[1.777s] Level 1:colcon.colcon_core.package_identification:_identify(src/my_package) by extensions ['ignore', 'ignore_ament_install']
[1.777s] Level 1:colcon.colcon_core.package_identification:_identify(src/my_package) by extension 'ignore'
[1.778s] Level 1:colcon.colcon_core.package_identification:_identify(src/my_package) by extension 'ignore_ament_install'
[1.778s] Level 1:colcon.colcon_core.package_identification:_identify(src/my_package) by extensions ['colcon_pkg']
[1.778s] Level 1:colcon.colcon_core.package_identification:_identify(src/my_package) by extension 'colcon_pkg'
[1.778s] Level 1:colcon.colcon_core.package_identification:_identify(src/my_package) by extensions ['colcon_meta']
[1.778s] Level 1:colcon.colcon_core.package_identification:_identify(src/my_package) by extension 'colcon_meta'
[1.779s] Level 1:colcon.colcon_core.package_identification:_identify(src/my_package) by extensions ['ros']
[1.779s] Level 1:colcon.colcon_core.package_identification:_identify(src/my_package) by extension 'ros'
[1.780s] DEBUG:colcon.colcon_core.package_identification:Package 'src/my_package' with type 'ros.ament_cmake' and name 'my_package'
[1.780s] Level 1:colcon.colcon_core.package_identification:_identify(tmp_src) by extensions ['ignore', 'ignore_ament_install']
[1.780s] Level 1:colcon.colcon_core.package_identification:_identify(tmp_src) by extension 'ignore'
[1.780s] Level 1:colcon.colcon_core.package_identification:_identify(tmp_src) by extension 'ignore_ament_install'
[1.781s] Level 1:colcon.colcon_core.package_identification:_identify(tmp_src) by extensions ['colcon_pkg']
[1.781s] Level 1:colcon.colcon_core.package_identification:_identify(tmp_src) by extension 'colcon_pkg'
[1.781s] Level 1:colcon.colcon_core.package_identification:_identify(tmp_src) by extensions ['colcon_meta']
[1.781s] Level 1:colcon.colcon_core.package_identification:_identify(tmp_src) by extension 'colcon_meta'
[1.781s] Level 1:colcon.colcon_core.package_identification:_identify(tmp_src) by extensions ['ros']
[1.781s] Level 1:colcon.colcon_core.package_identification:_identify(tmp_src) by extension 'ros'
[1.781s] Level 1:colcon.colcon_core.package_identification:_identify(tmp_src) by extensions ['cmake', 'python']
[1.781s] Level 1:colcon.colcon_core.package_identification:_identify(tmp_src) by extension 'cmake'
[1.781s] Level 1:colcon.colcon_core.package_identification:_identify(tmp_src) by extension 'python'
[1.781s] Level 1:colcon.colcon_core.package_identification:_identify(tmp_src) by extensions ['python_setup_py']
[1.782s] Level 1:colcon.colcon_core.package_identification:_identify(tmp_src) by extension 'python_setup_py'
[1.782s] Level 1:colcon.colcon_core.package_identification:_identify(tmp_src/underc_package) by extensions ['ignore', 'ignore_ament_install']
[1.782s] Level 1:colcon.colcon_core.package_identification:_identify(tmp_src/underc_package) by extension 'ignore'
[1.782s] Level 1:colcon.colcon_core.package_identification:_identify(tmp_src/underc_package) by extension 'ignore_ament_install'
[1.782s] Level 1:colcon.colcon_core.package_identification:_identify(tmp_src/underc_package) by extensions ['colcon_pkg']
[1.782s] Level 1:colcon.colcon_core.package_identification:_identify(tmp_src/underc_package) by extension 'colcon_pkg'
[1.782s] Level 1:colcon.colcon_core.package_identification:_identify(tmp_src/underc_package) by extensions ['colcon_meta']
[1.783s] Level 1:colcon.colcon_core.package_identification:_identify(tmp_src/underc_package) by extension 'colcon_meta'
[1.783s] Level 1:colcon.colcon_core.package_identification:_identify(tmp_src/underc_package) by extensions ['ros']
[1.783s] Level 1:colcon.colcon_core.package_identification:_identify(tmp_src/underc_package) by extension 'ros'
[1.784s] DEBUG:colcon.colcon_core.package_identification:Package 'tmp_src/underc_package' with type 'ros.ament_cmake' and name 'underc_package'
[1.784s] Level 1:colcon.colcon_core.package_discovery:discover_packages(recursive) using defaults
[1.784s] Level 1:colcon.colcon_core.package_discovery:discover_packages(ignore) discover
[1.784s] Level 1:colcon.colcon_core.package_discovery:discover_packages(ignore) using defaults
[1.784s] Level 1:colcon.colcon_core.package_discovery:discover_packages(path) discover
[1.784s] Level 1:colcon.colcon_core.package_discovery:discover_packages(path) using defaults
[1.866s] INFO:colcon.colcon_core.package_selection:Skipping not selected package 'can_plugins2' in 'src/can_plugins2'
[1.867s] INFO:colcon.colcon_core.package_selection:Skipping not selected package 'my_package' in 'src/my_package'
[1.867s] INFO:colcon.colcon_core.package_selection:Skipping not selected package 'underc_package' in 'tmp_src/underc_package'
[1.913s] Level 1:colcon.colcon_core.package_discovery:discover_packages(prefix_path) check parameters
[1.914s] Level 1:colcon.colcon_core.package_discovery:discover_packages(prefix_path) discover
[1.977s] DEBUG:colcon.colcon_installed_package_information.package_discovery:Found 284 installed packages in /opt/ros/humble
[1.985s] Level 1:colcon.colcon_core.package_discovery:discover_packages(prefix_path) using defaults
[2.177s] Level 5:colcon.colcon_core.verb:set package 'cpp_pubsub' build argument 'cmake_args' from command line to 'None'
[2.177s] Level 5:colcon.colcon_core.verb:set package 'cpp_pubsub' build argument 'cmake_target' from command line to 'None'
[2.177s] Level 5:colcon.colcon_core.verb:set package 'cpp_pubsub' build argument 'cmake_target_skip_unavailable' from command line to 'False'
[2.177s] Level 5:colcon.colcon_core.verb:set package 'cpp_pubsub' build argument 'cmake_clean_cache' from command line to 'False'
[2.177s] Level 5:colcon.colcon_core.verb:set package 'cpp_pubsub' build argument 'cmake_clean_first' from command line to 'False'
[2.177s] Level 5:colcon.colcon_core.verb:set package 'cpp_pubsub' build argument 'cmake_force_configure' from command line to 'False'
[2.177s] Level 5:colcon.colcon_core.verb:set package 'cpp_pubsub' build argument 'ament_cmake_args' from command line to 'None'
[2.177s] Level 5:colcon.colcon_core.verb:set package 'cpp_pubsub' build argument 'catkin_cmake_args' from command line to 'None'
[2.177s] Level 5:colcon.colcon_core.verb:set package 'cpp_pubsub' build argument 'catkin_skip_building_tests' from command line to 'False'
[2.177s] DEBUG:colcon.colcon_core.verb:Building package 'cpp_pubsub' with the following arguments: {'ament_cmake_args': None, 'build_base': '/home/yumasgmt/ros2_ws/build/cpp_pubsub', 'catkin_cmake_args': None, 'catkin_skip_building_tests': False, 'cmake_args': None, 'cmake_clean_cache': False, 'cmake_clean_first': False, 'cmake_force_configure': False, 'cmake_target': None, 'cmake_target_skip_unavailable': False, 'install_base': '/home/yumasgmt/ros2_ws/install/cpp_pubsub', 'merge_install': False, 'path': '/home/yumasgmt/ros2_ws/src/cpp_pubsub', 'symlink_install': False, 'test_result_base': None}
[2.203s] INFO:colcon.colcon_core.executor:Executing jobs using 'parallel' executor
[2.227s] DEBUG:colcon.colcon_parallel_executor.executor.parallel:run_until_complete
[2.227s] INFO:colcon.colcon_ros.task.ament_cmake.build:Building ROS package in '/home/yumasgmt/ros2_ws/src/cpp_pubsub' with build type 'ament_cmake'
[2.228s] INFO:colcon.colcon_cmake.task.cmake.build:Building CMake package in '/home/yumasgmt/ros2_ws/src/cpp_pubsub'
[2.272s] INFO:colcon.colcon_core.plugin_system:Skipping extension 'colcon_core.shell.bat': Not used on non-Windows systems
[2.273s] INFO:colcon.colcon_core.shell:Skip shell extension 'powershell' for command environment: Not usable outside of PowerShell
[2.273s] DEBUG:colcon.colcon_core.shell:Skip shell extension 'dsv' for command environment
[2.538s] DEBUG:colcon.colcon_core.event_handler.log_command:Invoking command in '/home/yumasgmt/ros2_ws/build/cpp_pubsub': AMENT_PREFIX_PATH=/home/yumasgmt/ros2_ws/install/can_plugins2:${AMENT_PREFIX_PATH} CMAKE_PREFIX_PATH=/home/yumasgmt/ros2_ws/install/can_plugins2:/opt/ros/humble LD_LIBRARY_PATH=/home/yumasgmt/ros2_ws/install/can_plugins2/lib:${LD_LIBRARY_PATH} PYTHONPATH=/home/yumasgmt/ros2_ws/install/can_plugins2/local/lib/python3.10/dist-packages:${PYTHONPATH} /usr/bin/cmake --build /home/yumasgmt/ros2_ws/build/cpp_pubsub -- -j4 -l4
[23.384s] DEBUG:colcon.colcon_core.event_handler.log_command:Invoked command in '/home/yumasgmt/ros2_ws/build/cpp_pubsub' returned '0': AMENT_PREFIX_PATH=/home/yumasgmt/ros2_ws/install/can_plugins2:${AMENT_PREFIX_PATH} CMAKE_PREFIX_PATH=/home/yumasgmt/ros2_ws/install/can_plugins2:/opt/ros/humble LD_LIBRARY_PATH=/home/yumasgmt/ros2_ws/install/can_plugins2/lib:${LD_LIBRARY_PATH} PYTHONPATH=/home/yumasgmt/ros2_ws/install/can_plugins2/local/lib/python3.10/dist-packages:${PYTHONPATH} /usr/bin/cmake --build /home/yumasgmt/ros2_ws/build/cpp_pubsub -- -j4 -l4
[23.476s] DEBUG:colcon.colcon_core.event_handler.log_command:Invoking command in '/home/yumasgmt/ros2_ws/build/cpp_pubsub': AMENT_PREFIX_PATH=/home/yumasgmt/ros2_ws/install/can_plugins2:${AMENT_PREFIX_PATH} CMAKE_PREFIX_PATH=/home/yumasgmt/ros2_ws/install/can_plugins2:/opt/ros/humble LD_LIBRARY_PATH=/home/yumasgmt/ros2_ws/install/can_plugins2/lib:${LD_LIBRARY_PATH} PYTHONPATH=/home/yumasgmt/ros2_ws/install/can_plugins2/local/lib/python3.10/dist-packages:${PYTHONPATH} /usr/bin/cmake --install /home/yumasgmt/ros2_ws/build/cpp_pubsub
[23.535s] Level 1:colcon.colcon_core.environment:create_environment_scripts_only(cpp_pubsub)
[23.541s] DEBUG:colcon.colcon_core.event_handler.log_command:Invoked command in '/home/yumasgmt/ros2_ws/build/cpp_pubsub' returned '0': AMENT_PREFIX_PATH=/home/yumasgmt/ros2_ws/install/can_plugins2:${AMENT_PREFIX_PATH} CMAKE_PREFIX_PATH=/home/yumasgmt/ros2_ws/install/can_plugins2:/opt/ros/humble LD_LIBRARY_PATH=/home/yumasgmt/ros2_ws/install/can_plugins2/lib:${LD_LIBRARY_PATH} PYTHONPATH=/home/yumasgmt/ros2_ws/install/can_plugins2/local/lib/python3.10/dist-packages:${PYTHONPATH} /usr/bin/cmake --install /home/yumasgmt/ros2_ws/build/cpp_pubsub
[23.602s] Level 1:colcon.colcon_core.environment:checking '/home/yumasgmt/ros2_ws/install/cpp_pubsub' for CMake module files
[23.605s] Level 1:colcon.colcon_core.environment:checking '/home/yumasgmt/ros2_ws/install/cpp_pubsub' for CMake config files
[23.606s] Level 1:colcon.colcon_core.shell:create_environment_hook('cpp_pubsub', 'cmake_prefix_path')
[23.683s] INFO:colcon.colcon_core.shell:Creating environment hook '/home/yumasgmt/ros2_ws/install/cpp_pubsub/share/cpp_pubsub/hook/cmake_prefix_path.ps1'
[23.686s] INFO:colcon.colcon_core.shell:Creating environment descriptor '/home/yumasgmt/ros2_ws/install/cpp_pubsub/share/cpp_pubsub/hook/cmake_prefix_path.dsv'
[23.687s] INFO:colcon.colcon_core.shell:Creating environment hook '/home/yumasgmt/ros2_ws/install/cpp_pubsub/share/cpp_pubsub/hook/cmake_prefix_path.sh'
[23.690s] Level 1:colcon.colcon_core.environment:checking '/home/yumasgmt/ros2_ws/install/cpp_pubsub/lib'
[23.690s] Level 1:colcon.colcon_core.environment:checking '/home/yumasgmt/ros2_ws/install/cpp_pubsub/bin'
[23.691s] Level 1:colcon.colcon_core.environment:checking '/home/yumasgmt/ros2_ws/install/cpp_pubsub/lib/pkgconfig/cpp_pubsub.pc'
[23.691s] Level 1:colcon.colcon_core.environment:checking '/home/yumasgmt/ros2_ws/install/cpp_pubsub/lib/python3.10/site-packages'
[23.695s] Level 1:colcon.colcon_core.environment:checking '/home/yumasgmt/ros2_ws/install/cpp_pubsub/bin'
[23.721s] INFO:colcon.colcon_core.shell:Creating package script '/home/yumasgmt/ros2_ws/install/cpp_pubsub/share/cpp_pubsub/package.ps1'
[23.722s] INFO:colcon.colcon_core.shell:Creating package descriptor '/home/yumasgmt/ros2_ws/install/cpp_pubsub/share/cpp_pubsub/package.dsv'
[23.723s] INFO:colcon.colcon_core.shell:Creating package script '/home/yumasgmt/ros2_ws/install/cpp_pubsub/share/cpp_pubsub/package.sh'
[23.725s] INFO:colcon.colcon_core.shell:Creating package script '/home/yumasgmt/ros2_ws/install/cpp_pubsub/share/cpp_pubsub/package.bash'
[23.726s] INFO:colcon.colcon_core.shell:Creating package script '/home/yumasgmt/ros2_ws/install/cpp_pubsub/share/cpp_pubsub/package.zsh'
[23.729s] Level 1:colcon.colcon_core.environment:create_file_with_runtime_dependencies(/home/yumasgmt/ros2_ws/install/cpp_pubsub/share/colcon-core/packages/cpp_pubsub)
[23.790s] Level 1:colcon.colcon_core.environment:create_environment_scripts_only(cpp_pubsub)
[23.816s] Level 1:colcon.colcon_core.environment:checking '/home/yumasgmt/ros2_ws/install/cpp_pubsub' for CMake module files
[23.817s] Level 1:colcon.colcon_core.environment:checking '/home/yumasgmt/ros2_ws/install/cpp_pubsub' for CMake config files
[23.818s] Level 1:colcon.colcon_core.shell:create_environment_hook('cpp_pubsub', 'cmake_prefix_path')
[23.850s] INFO:colcon.colcon_core.shell:Creating environment hook '/home/yumasgmt/ros2_ws/install/cpp_pubsub/share/cpp_pubsub/hook/cmake_prefix_path.ps1'
[23.851s] INFO:colcon.colcon_core.shell:Creating environment descriptor '/home/yumasgmt/ros2_ws/install/cpp_pubsub/share/cpp_pubsub/hook/cmake_prefix_path.dsv'
[23.852s] INFO:colcon.colcon_core.shell:Creating environment hook '/home/yumasgmt/ros2_ws/install/cpp_pubsub/share/cpp_pubsub/hook/cmake_prefix_path.sh'
[23.853s] Level 1:colcon.colcon_core.environment:checking '/home/yumasgmt/ros2_ws/install/cpp_pubsub/lib'
[23.853s] Level 1:colcon.colcon_core.environment:checking '/home/yumasgmt/ros2_ws/install/cpp_pubsub/bin'
[23.853s] Level 1:colcon.colcon_core.environment:checking '/home/yumasgmt/ros2_ws/install/cpp_pubsub/lib/pkgconfig/cpp_pubsub.pc'
[23.854s] Level 1:colcon.colcon_core.environment:checking '/home/yumasgmt/ros2_ws/install/cpp_pubsub/lib/python3.10/site-packages'
[23.855s] Level 1:colcon.colcon_core.environment:checking '/home/yumasgmt/ros2_ws/install/cpp_pubsub/bin'
[23.897s] INFO:colcon.colcon_core.shell:Creating package script '/home/yumasgmt/ros2_ws/install/cpp_pubsub/share/cpp_pubsub/package.ps1'
[23.899s] INFO:colcon.colcon_core.shell:Creating package descriptor '/home/yumasgmt/ros2_ws/install/cpp_pubsub/share/cpp_pubsub/package.dsv'
[23.901s] INFO:colcon.colcon_core.shell:Creating package script '/home/yumasgmt/ros2_ws/install/cpp_pubsub/share/cpp_pubsub/package.sh'
[23.902s] INFO:colcon.colcon_core.shell:Creating package script '/home/yumasgmt/ros2_ws/install/cpp_pubsub/share/cpp_pubsub/package.bash'
[23.904s] INFO:colcon.colcon_core.shell:Creating package script '/home/yumasgmt/ros2_ws/install/cpp_pubsub/share/cpp_pubsub/package.zsh'
[23.905s] Level 1:colcon.colcon_core.environment:create_file_with_runtime_dependencies(/home/yumasgmt/ros2_ws/install/cpp_pubsub/share/colcon-core/packages/cpp_pubsub)
[23.906s] DEBUG:colcon.colcon_parallel_executor.executor.parallel:closing loop
[23.909s] DEBUG:colcon.colcon_parallel_executor.executor.parallel:loop closed
[23.909s] DEBUG:colcon.colcon_parallel_executor.executor.parallel:run_until_complete finished with '0'
[23.909s] DEBUG:colcon.colcon_core.event_reactor:joining thread
[24.097s] INFO:colcon.colcon_core.plugin_system:Skipping extension 'colcon_notification.desktop_notification.notify_send': Could not find 'notify-send'
[24.098s] INFO:colcon.colcon_core.plugin_system:Skipping extension 'colcon_notification.desktop_notification.terminal_notifier': Not used on non-Darwin systems
[24.098s] INFO:colcon.colcon_core.plugin_system:Skipping extension 'colcon_notification.desktop_notification.win32': Not used on non-Windows systems
[24.098s] INFO:colcon.colcon_notification.desktop_notification:Sending desktop notification using 'notify2'
[156.926s] DEBUG:colcon.colcon_notification.desktop_notification.notify2:Failed to initialize notify2: org.freedesktop.DBus.Error.Spawn.ExecFailed: /usr/bin/dbus-launch terminated abnormally with the following error: Autolaunch error: X11 initialization failed.

[156.927s] DEBUG:colcon.colcon_core.event_reactor:joined thread
[156.966s] INFO:colcon.colcon_core.shell:Creating prefix script '/home/yumasgmt/ros2_ws/install/local_setup.ps1'
[156.969s] INFO:colcon.colcon_core.shell:Creating prefix util module '/home/yumasgmt/ros2_ws/install/_local_setup_util_ps1.py'
[156.973s] INFO:colcon.colcon_core.shell:Creating prefix chain script '/home/yumasgmt/ros2_ws/install/setup.ps1'
[157.013s] INFO:colcon.colcon_core.shell:Creating prefix script '/home/yumasgmt/ros2_ws/install/local_setup.sh'
[157.014s] INFO:colcon.colcon_core.shell:Creating prefix util module '/home/yumasgmt/ros2_ws/install/_local_setup_util_sh.py'
[157.016s] INFO:colcon.colcon_core.shell:Creating prefix chain script '/home/yumasgmt/ros2_ws/install/setup.sh'
[157.039s] INFO:colcon.colcon_core.shell:Creating prefix script '/home/yumasgmt/ros2_ws/install/local_setup.bash'
[157.040s] INFO:colcon.colcon_core.shell:Creating prefix chain script '/home/yumasgmt/ros2_ws/install/setup.bash'
[157.068s] INFO:colcon.colcon_core.shell:Creating prefix script '/home/yumasgmt/ros2_ws/install/local_setup.zsh'
[157.070s] INFO:colcon.colcon_core.shell:Creating prefix chain script '/home/yumasgmt/ros2_ws/install/setup.zsh'
