[1.410s] DEBUG:colcon:Command line arguments: ['/usr/bin/colcon', 'build', '--base-paths', 'src']
[1.410s] DEBUG:colcon:Parsed command line arguments: Namespace(log_base=None, log_level=None, verb_name='build', build_base='build', install_base='install', merge_install=False, symlink_install=False, test_result_base=None, continue_on_error=False, executor='parallel', parallel_workers=4, event_handlers=None, ignore_user_meta=False, metas=['./colcon.meta'], base_paths=['src'], packages_ignore=None, packages_ignore_regex=None, paths=None, packages_up_to=None, packages_up_to_regex=None, packages_above=None, packages_above_and_dependencies=None, packages_above_depth=None, packages_select_by_dep=None, packages_skip_by_dep=None, packages_skip_up_to=None, packages_select_build_failed=False, packages_skip_build_finished=False, packages_select_test_failures=False, packages_skip_test_passed=False, packages_select=None, packages_skip=None, packages_select_regex=None, packages_skip_regex=None, packages_start=None, packages_end=None, allow_overriding=[], cmake_args=None, cmake_target=None, cmake_target_skip_unavailable=False, cmake_clean_cache=False, cmake_clean_first=False, cmake_force_configure=False, ament_cmake_args=None, catkin_cmake_args=None, catkin_skip_building_tests=False, verb_parser=<colcon_defaults.argument_parser.defaults.DefaultArgumentsDecorator object at 0x7f13ec99a860>, verb_extension=<colcon_core.verb.build.BuildVerb object at 0x7f13ecc24af0>, main=<bound method BuildVerb.main of <colcon_core.verb.build.BuildVerb object at 0x7f13ecc24af0>>)
[1.477s] Level 1:colcon.colcon_core.package_discovery:discover_packages(colcon_meta) check parameters
[1.477s] Level 1:colcon.colcon_core.package_discovery:discover_packages(recursive) check parameters
[1.478s] Level 1:colcon.colcon_core.package_discovery:discover_packages(ignore) check parameters
[1.478s] Level 1:colcon.colcon_core.package_discovery:discover_packages(path) check parameters
[1.478s] Level 1:colcon.colcon_core.package_discovery:discover_packages(recursive) discover
[1.478s] INFO:colcon.colcon_core.package_discovery:Crawling recursively for packages in '/home/yumasgmt/ros2_ws/src'
[1.478s] Level 1:colcon.colcon_core.package_identification:_identify(src) by extensions ['ignore', 'ignore_ament_install']
[1.479s] Level 1:colcon.colcon_core.package_identification:_identify(src) by extension 'ignore'
[1.479s] Level 1:colcon.colcon_core.package_identification:_identify(src) by extension 'ignore_ament_install'
[1.479s] Level 1:colcon.colcon_core.package_identification:_identify(src) by extensions ['colcon_pkg']
[1.479s] Level 1:colcon.colcon_core.package_identification:_identify(src) by extension 'colcon_pkg'
[1.479s] Level 1:colcon.colcon_core.package_identification:_identify(src) by extensions ['colcon_meta']
[1.479s] Level 1:colcon.colcon_core.package_identification:_identify(src) by extension 'colcon_meta'
[1.479s] Level 1:colcon.colcon_core.package_identification:_identify(src) by extensions ['ros']
[1.479s] Level 1:colcon.colcon_core.package_identification:_identify(src) by extension 'ros'
[1.506s] Level 1:colcon.colcon_core.package_identification:_identify(src) by extensions ['cmake', 'python']
[1.506s] Level 1:colcon.colcon_core.package_identification:_identify(src) by extension 'cmake'
[1.506s] Level 1:colcon.colcon_core.package_identification:_identify(src) by extension 'python'
[1.506s] Level 1:colcon.colcon_core.package_identification:_identify(src) by extensions ['python_setup_py']
[1.506s] Level 1:colcon.colcon_core.package_identification:_identify(src) by extension 'python_setup_py'
[1.507s] Level 1:colcon.colcon_core.package_identification:_identify(src/can_plugins2) by extensions ['ignore', 'ignore_ament_install']
[1.507s] Level 1:colcon.colcon_core.package_identification:_identify(src/can_plugins2) by extension 'ignore'
[1.507s] Level 1:colcon.colcon_core.package_identification:_identify(src/can_plugins2) by extension 'ignore_ament_install'
[1.507s] Level 1:colcon.colcon_core.package_identification:_identify(src/can_plugins2) by extensions ['colcon_pkg']
[1.507s] Level 1:colcon.colcon_core.package_identification:_identify(src/can_plugins2) by extension 'colcon_pkg'
[1.507s] Level 1:colcon.colcon_core.package_identification:_identify(src/can_plugins2) by extensions ['colcon_meta']
[1.507s] Level 1:colcon.colcon_core.package_identification:_identify(src/can_plugins2) by extension 'colcon_meta'
[1.508s] Level 1:colcon.colcon_core.package_identification:_identify(src/can_plugins2) by extensions ['ros']
[1.508s] Level 1:colcon.colcon_core.package_identification:_identify(src/can_plugins2) by extension 'ros'
[1.511s] DEBUG:colcon.colcon_core.package_identification:Package 'src/can_plugins2' with type 'ros.ament_cmake' and name 'can_plugins2'
[1.512s] Level 1:colcon.colcon_core.package_identification:_identify(src/cpp_pubsub) by extensions ['ignore', 'ignore_ament_install']
[1.512s] Level 1:colcon.colcon_core.package_identification:_identify(src/cpp_pubsub) by extension 'ignore'
[1.512s] Level 1:colcon.colcon_core.package_identification:_identify(src/cpp_pubsub) by extension 'ignore_ament_install'
[1.512s] Level 1:colcon.colcon_core.package_identification:_identify(src/cpp_pubsub) by extensions ['colcon_pkg']
[1.512s] Level 1:colcon.colcon_core.package_identification:_identify(src/cpp_pubsub) by extension 'colcon_pkg'
[1.512s] Level 1:colcon.colcon_core.package_identification:_identify(src/cpp_pubsub) by extensions ['colcon_meta']
[1.512s] Level 1:colcon.colcon_core.package_identification:_identify(src/cpp_pubsub) by extension 'colcon_meta'
[1.513s] Level 1:colcon.colcon_core.package_identification:_identify(src/cpp_pubsub) by extensions ['ros']
[1.513s] Level 1:colcon.colcon_core.package_identification:_identify(src/cpp_pubsub) by extension 'ros'
[1.514s] DEBUG:colcon.colcon_core.package_identification:Package 'src/cpp_pubsub' with type 'ros.ament_cmake' and name 'cpp_pubsub'
[1.514s] Level 1:colcon.colcon_core.package_identification:_identify(src/my_package) by extensions ['ignore', 'ignore_ament_install']
[1.514s] Level 1:colcon.colcon_core.package_identification:_identify(src/my_package) by extension 'ignore'
[1.514s] Level 1:colcon.colcon_core.package_identification:_identify(src/my_package) by extension 'ignore_ament_install'
[1.514s] Level 1:colcon.colcon_core.package_identification:_identify(src/my_package) by extensions ['colcon_pkg']
[1.515s] Level 1:colcon.colcon_core.package_identification:_identify(src/my_package) by extension 'colcon_pkg'
[1.515s] Level 1:colcon.colcon_core.package_identification:_identify(src/my_package) by extensions ['colcon_meta']
[1.515s] Level 1:colcon.colcon_core.package_identification:_identify(src/my_package) by extension 'colcon_meta'
[1.515s] Level 1:colcon.colcon_core.package_identification:_identify(src/my_package) by extensions ['ros']
[1.515s] Level 1:colcon.colcon_core.package_identification:_identify(src/my_package) by extension 'ros'
[1.516s] DEBUG:colcon.colcon_core.package_identification:Package 'src/my_package' with type 'ros.ament_cmake' and name 'my_package'
[1.516s] Level 1:colcon.colcon_core.package_discovery:discover_packages(recursive) using defaults
[1.671s] Level 1:colcon.colcon_core.package_discovery:discover_packages(prefix_path) check parameters
[1.671s] Level 1:colcon.colcon_core.package_discovery:discover_packages(prefix_path) discover
[1.708s] DEBUG:colcon.colcon_installed_package_information.package_discovery:Found 284 installed packages in /opt/ros/humble
[1.711s] Level 1:colcon.colcon_core.package_discovery:discover_packages(prefix_path) using defaults
[1.885s] Level 5:colcon.colcon_core.verb:set package 'can_plugins2' build argument 'cmake_args' from command line to 'None'
[1.885s] Level 5:colcon.colcon_core.verb:set package 'can_plugins2' build argument 'cmake_target' from command line to 'None'
[1.886s] Level 5:colcon.colcon_core.verb:set package 'can_plugins2' build argument 'cmake_target_skip_unavailable' from command line to 'False'
[1.886s] Level 5:colcon.colcon_core.verb:set package 'can_plugins2' build argument 'cmake_clean_cache' from command line to 'False'
[1.886s] Level 5:colcon.colcon_core.verb:set package 'can_plugins2' build argument 'cmake_clean_first' from command line to 'False'
[1.886s] Level 5:colcon.colcon_core.verb:set package 'can_plugins2' build argument 'cmake_force_configure' from command line to 'False'
[1.886s] Level 5:colcon.colcon_core.verb:set package 'can_plugins2' build argument 'ament_cmake_args' from command line to 'None'
[1.886s] Level 5:colcon.colcon_core.verb:set package 'can_plugins2' build argument 'catkin_cmake_args' from command line to 'None'
[1.886s] Level 5:colcon.colcon_core.verb:set package 'can_plugins2' build argument 'catkin_skip_building_tests' from command line to 'False'
[1.886s] DEBUG:colcon.colcon_core.verb:Building package 'can_plugins2' with the following arguments: {'ament_cmake_args': None, 'build_base': '/home/yumasgmt/ros2_ws/build/can_plugins2', 'catkin_cmake_args': None, 'catkin_skip_building_tests': False, 'cmake_args': None, 'cmake_clean_cache': False, 'cmake_clean_first': False, 'cmake_force_configure': False, 'cmake_target': None, 'cmake_target_skip_unavailable': False, 'install_base': '/home/yumasgmt/ros2_ws/install/can_plugins2', 'merge_install': False, 'path': '/home/yumasgmt/ros2_ws/src/can_plugins2', 'symlink_install': False, 'test_result_base': None}
[1.901s] Level 5:colcon.colcon_core.verb:set package 'my_package' build argument 'cmake_args' from command line to 'None'
[1.901s] Level 5:colcon.colcon_core.verb:set package 'my_package' build argument 'cmake_target' from command line to 'None'
[1.901s] Level 5:colcon.colcon_core.verb:set package 'my_package' build argument 'cmake_target_skip_unavailable' from command line to 'False'
[1.901s] Level 5:colcon.colcon_core.verb:set package 'my_package' build argument 'cmake_clean_cache' from command line to 'False'
[1.901s] Level 5:colcon.colcon_core.verb:set package 'my_package' build argument 'cmake_clean_first' from command line to 'False'
[1.901s] Level 5:colcon.colcon_core.verb:set package 'my_package' build argument 'cmake_force_configure' from command line to 'False'
[1.901s] Level 5:colcon.colcon_core.verb:set package 'my_package' build argument 'ament_cmake_args' from command line to 'None'
[1.902s] Level 5:colcon.colcon_core.verb:set package 'my_package' build argument 'catkin_cmake_args' from command line to 'None'
[1.902s] Level 5:colcon.colcon_core.verb:set package 'my_package' build argument 'catkin_skip_building_tests' from command line to 'False'
[1.902s] DEBUG:colcon.colcon_core.verb:Building package 'my_package' with the following arguments: {'ament_cmake_args': None, 'build_base': '/home/yumasgmt/ros2_ws/build/my_package', 'catkin_cmake_args': None, 'catkin_skip_building_tests': False, 'cmake_args': None, 'cmake_clean_cache': False, 'cmake_clean_first': False, 'cmake_force_configure': False, 'cmake_target': None, 'cmake_target_skip_unavailable': False, 'install_base': '/home/yumasgmt/ros2_ws/install/my_package', 'merge_install': False, 'path': '/home/yumasgmt/ros2_ws/src/my_package', 'symlink_install': False, 'test_result_base': None}
[1.917s] Level 5:colcon.colcon_core.verb:set package 'cpp_pubsub' build argument 'cmake_args' from command line to 'None'
[1.917s] Level 5:colcon.colcon_core.verb:set package 'cpp_pubsub' build argument 'cmake_target' from command line to 'None'
[1.917s] Level 5:colcon.colcon_core.verb:set package 'cpp_pubsub' build argument 'cmake_target_skip_unavailable' from command line to 'False'
[1.917s] Level 5:colcon.colcon_core.verb:set package 'cpp_pubsub' build argument 'cmake_clean_cache' from command line to 'False'
[1.917s] Level 5:colcon.colcon_core.verb:set package 'cpp_pubsub' build argument 'cmake_clean_first' from command line to 'False'
[1.917s] Level 5:colcon.colcon_core.verb:set package 'cpp_pubsub' build argument 'cmake_force_configure' from command line to 'False'
[1.917s] Level 5:colcon.colcon_core.verb:set package 'cpp_pubsub' build argument 'ament_cmake_args' from command line to 'None'
[1.917s] Level 5:colcon.colcon_core.verb:set package 'cpp_pubsub' build argument 'catkin_cmake_args' from command line to 'None'
[1.917s] Level 5:colcon.colcon_core.verb:set package 'cpp_pubsub' build argument 'catkin_skip_building_tests' from command line to 'False'
[1.917s] DEBUG:colcon.colcon_core.verb:Building package 'cpp_pubsub' with the following arguments: {'ament_cmake_args': None, 'build_base': '/home/yumasgmt/ros2_ws/build/cpp_pubsub', 'catkin_cmake_args': None, 'catkin_skip_building_tests': False, 'cmake_args': None, 'cmake_clean_cache': False, 'cmake_clean_first': False, 'cmake_force_configure': False, 'cmake_target': None, 'cmake_target_skip_unavailable': False, 'install_base': '/home/yumasgmt/ros2_ws/install/cpp_pubsub', 'merge_install': False, 'path': '/home/yumasgmt/ros2_ws/src/cpp_pubsub', 'symlink_install': False, 'test_result_base': None}
[1.933s] INFO:colcon.colcon_core.executor:Executing jobs using 'parallel' executor
[1.955s] DEBUG:colcon.colcon_parallel_executor.executor.parallel:run_until_complete
[1.956s] INFO:colcon.colcon_ros.task.ament_cmake.build:Building ROS package in '/home/yumasgmt/ros2_ws/src/can_plugins2' with build type 'ament_cmake'
[1.956s] INFO:colcon.colcon_cmake.task.cmake.build:Building CMake package in '/home/yumasgmt/ros2_ws/src/can_plugins2'
[1.978s] INFO:colcon.colcon_core.plugin_system:Skipping extension 'colcon_core.shell.bat': Not used on non-Windows systems
[1.979s] INFO:colcon.colcon_core.shell:Skip shell extension 'powershell' for command environment: Not usable outside of PowerShell
[1.979s] DEBUG:colcon.colcon_core.shell:Skip shell extension 'dsv' for command environment
[2.071s] INFO:colcon.colcon_ros.task.ament_cmake.build:Building ROS package in '/home/yumasgmt/ros2_ws/src/my_package' with build type 'ament_cmake'
[2.072s] INFO:colcon.colcon_cmake.task.cmake.build:Building CMake package in '/home/yumasgmt/ros2_ws/src/my_package'
[2.103s] INFO:colcon.colcon_core.shell:Skip shell extension 'powershell' for command environment: Not usable outside of PowerShell
[2.104s] DEBUG:colcon.colcon_core.shell:Skip shell extension 'dsv' for command environment
[2.201s] DEBUG:colcon.colcon_core.event_handler.log_command:Invoking command in '/home/yumasgmt/ros2_ws/build/can_plugins2': CMAKE_PREFIX_PATH=/opt/ros/humble /usr/bin/cmake --build /home/yumasgmt/ros2_ws/build/can_plugins2 -- -j4 -l4
[2.218s] DEBUG:colcon.colcon_core.event_handler.log_command:Invoking command in '/home/yumasgmt/ros2_ws/build/my_package': CMAKE_PREFIX_PATH=/opt/ros/humble /usr/bin/cmake --build /home/yumasgmt/ros2_ws/build/my_package -- -j4 -l4
[2.316s] DEBUG:colcon.colcon_core.event_handler.log_command:Invoked command in '/home/yumasgmt/ros2_ws/build/my_package' returned '0': CMAKE_PREFIX_PATH=/opt/ros/humble /usr/bin/cmake --build /home/yumasgmt/ros2_ws/build/my_package -- -j4 -l4
[2.449s] DEBUG:colcon.colcon_core.event_handler.log_command:Invoking command in '/home/yumasgmt/ros2_ws/build/my_package': CMAKE_PREFIX_PATH=/opt/ros/humble /usr/bin/cmake --install /home/yumasgmt/ros2_ws/build/my_package
[2.491s] Level 1:colcon.colcon_core.environment:create_environment_scripts_only(my_package)
[2.503s] DEBUG:colcon.colcon_core.event_handler.log_command:Invoked command in '/home/yumasgmt/ros2_ws/build/my_package' returned '0': CMAKE_PREFIX_PATH=/opt/ros/humble /usr/bin/cmake --install /home/yumasgmt/ros2_ws/build/my_package
[2.537s] Level 1:colcon.colcon_core.environment:checking '/home/yumasgmt/ros2_ws/install/my_package' for CMake module files
[2.538s] Level 1:colcon.colcon_core.environment:checking '/home/yumasgmt/ros2_ws/install/my_package' for CMake config files
[2.539s] Level 1:colcon.colcon_core.shell:create_environment_hook('my_package', 'cmake_prefix_path')
[2.573s] INFO:colcon.colcon_core.shell:Creating environment hook '/home/yumasgmt/ros2_ws/install/my_package/share/my_package/hook/cmake_prefix_path.ps1'
[2.574s] INFO:colcon.colcon_core.shell:Creating environment descriptor '/home/yumasgmt/ros2_ws/install/my_package/share/my_package/hook/cmake_prefix_path.dsv'
[2.575s] INFO:colcon.colcon_core.shell:Creating environment hook '/home/yumasgmt/ros2_ws/install/my_package/share/my_package/hook/cmake_prefix_path.sh'
[2.577s] Level 1:colcon.colcon_core.environment:checking '/home/yumasgmt/ros2_ws/install/my_package/bin'
[2.578s] Level 1:colcon.colcon_core.environment:checking '/home/yumasgmt/ros2_ws/install/my_package/lib/pkgconfig/my_package.pc'
[2.578s] Level 1:colcon.colcon_core.environment:checking '/home/yumasgmt/ros2_ws/install/my_package/lib/python3.10/site-packages'
[2.579s] Level 1:colcon.colcon_core.environment:checking '/home/yumasgmt/ros2_ws/install/my_package/bin'
[2.613s] INFO:colcon.colcon_core.shell:Creating package script '/home/yumasgmt/ros2_ws/install/my_package/share/my_package/package.ps1'
[2.614s] INFO:colcon.colcon_core.shell:Creating package descriptor '/home/yumasgmt/ros2_ws/install/my_package/share/my_package/package.dsv'
[2.615s] INFO:colcon.colcon_core.shell:Creating package script '/home/yumasgmt/ros2_ws/install/my_package/share/my_package/package.sh'
[2.616s] INFO:colcon.colcon_core.shell:Creating package script '/home/yumasgmt/ros2_ws/install/my_package/share/my_package/package.bash'
[2.617s] INFO:colcon.colcon_core.shell:Creating package script '/home/yumasgmt/ros2_ws/install/my_package/share/my_package/package.zsh'
[2.617s] Level 1:colcon.colcon_core.environment:create_file_with_runtime_dependencies(/home/yumasgmt/ros2_ws/install/my_package/share/colcon-core/packages/my_package)
[2.741s] Level 1:colcon.colcon_core.environment:create_environment_scripts_only(my_package)
[2.905s] Level 1:colcon.colcon_core.environment:checking '/home/yumasgmt/ros2_ws/install/my_package' for CMake module files
[2.906s] Level 1:colcon.colcon_core.environment:checking '/home/yumasgmt/ros2_ws/install/my_package' for CMake config files
[2.907s] Level 1:colcon.colcon_core.shell:create_environment_hook('my_package', 'cmake_prefix_path')
[2.955s] INFO:colcon.colcon_core.shell:Creating environment hook '/home/yumasgmt/ros2_ws/install/my_package/share/my_package/hook/cmake_prefix_path.ps1'
[2.956s] INFO:colcon.colcon_core.shell:Creating environment descriptor '/home/yumasgmt/ros2_ws/install/my_package/share/my_package/hook/cmake_prefix_path.dsv'
[2.956s] INFO:colcon.colcon_core.shell:Creating environment hook '/home/yumasgmt/ros2_ws/install/my_package/share/my_package/hook/cmake_prefix_path.sh'
[2.962s] Level 1:colcon.colcon_core.environment:checking '/home/yumasgmt/ros2_ws/install/my_package/bin'
[2.962s] Level 1:colcon.colcon_core.environment:checking '/home/yumasgmt/ros2_ws/install/my_package/lib/pkgconfig/my_package.pc'
[2.963s] Level 1:colcon.colcon_core.environment:checking '/home/yumasgmt/ros2_ws/install/my_package/lib/python3.10/site-packages'
[2.964s] Level 1:colcon.colcon_core.environment:checking '/home/yumasgmt/ros2_ws/install/my_package/bin'
[2.998s] INFO:colcon.colcon_core.shell:Creating package script '/home/yumasgmt/ros2_ws/install/my_package/share/my_package/package.ps1'
[3.000s] INFO:colcon.colcon_core.shell:Creating package descriptor '/home/yumasgmt/ros2_ws/install/my_package/share/my_package/package.dsv'
[3.004s] INFO:colcon.colcon_core.shell:Creating package script '/home/yumasgmt/ros2_ws/install/my_package/share/my_package/package.sh'
[3.005s] INFO:colcon.colcon_core.shell:Creating package script '/home/yumasgmt/ros2_ws/install/my_package/share/my_package/package.bash'
[3.006s] INFO:colcon.colcon_core.shell:Creating package script '/home/yumasgmt/ros2_ws/install/my_package/share/my_package/package.zsh'
[3.007s] Level 1:colcon.colcon_core.environment:create_file_with_runtime_dependencies(/home/yumasgmt/ros2_ws/install/my_package/share/colcon-core/packages/my_package)
[26.918s] DEBUG:colcon.colcon_core.event_handler.log_command:Invoked command in '/home/yumasgmt/ros2_ws/build/can_plugins2' returned '0': CMAKE_PREFIX_PATH=/opt/ros/humble /usr/bin/cmake --build /home/yumasgmt/ros2_ws/build/can_plugins2 -- -j4 -l4
[26.990s] DEBUG:colcon.colcon_core.event_handler.log_command:Invoking command in '/home/yumasgmt/ros2_ws/build/can_plugins2': CMAKE_PREFIX_PATH=/opt/ros/humble /usr/bin/cmake --install /home/yumasgmt/ros2_ws/build/can_plugins2
[27.124s] Level 1:colcon.colcon_core.environment:create_environment_scripts_only(can_plugins2)
[27.124s] DEBUG:colcon.colcon_core.event_handler.log_command:Invoked command in '/home/yumasgmt/ros2_ws/build/can_plugins2' returned '0': CMAKE_PREFIX_PATH=/opt/ros/humble /usr/bin/cmake --install /home/yumasgmt/ros2_ws/build/can_plugins2
[27.140s] Level 1:colcon.colcon_core.environment:checking '/home/yumasgmt/ros2_ws/install/can_plugins2' for CMake module files
[27.141s] Level 1:colcon.colcon_core.environment:checking '/home/yumasgmt/ros2_ws/install/can_plugins2' for CMake config files
[27.142s] Level 1:colcon.colcon_core.shell:create_environment_hook('can_plugins2', 'cmake_prefix_path')
[27.157s] INFO:colcon.colcon_core.shell:Creating environment hook '/home/yumasgmt/ros2_ws/install/can_plugins2/share/can_plugins2/hook/cmake_prefix_path.ps1'
[27.157s] INFO:colcon.colcon_core.shell:Creating environment descriptor '/home/yumasgmt/ros2_ws/install/can_plugins2/share/can_plugins2/hook/cmake_prefix_path.dsv'
[27.158s] INFO:colcon.colcon_core.shell:Creating environment hook '/home/yumasgmt/ros2_ws/install/can_plugins2/share/can_plugins2/hook/cmake_prefix_path.sh'
[27.159s] Level 1:colcon.colcon_core.environment:checking '/home/yumasgmt/ros2_ws/install/can_plugins2/lib'
[27.159s] Level 1:colcon.colcon_core.shell:create_environment_hook('can_plugins2', 'ld_library_path_lib')
[27.179s] INFO:colcon.colcon_core.shell:Creating environment hook '/home/yumasgmt/ros2_ws/install/can_plugins2/share/can_plugins2/hook/ld_library_path_lib.ps1'
[27.180s] INFO:colcon.colcon_core.shell:Creating environment descriptor '/home/yumasgmt/ros2_ws/install/can_plugins2/share/can_plugins2/hook/ld_library_path_lib.dsv'
[27.181s] INFO:colcon.colcon_core.shell:Creating environment hook '/home/yumasgmt/ros2_ws/install/can_plugins2/share/can_plugins2/hook/ld_library_path_lib.sh'
[27.182s] Level 1:colcon.colcon_core.environment:checking '/home/yumasgmt/ros2_ws/install/can_plugins2/bin'
[27.183s] Level 1:colcon.colcon_core.environment:checking '/home/yumasgmt/ros2_ws/install/can_plugins2/lib/pkgconfig/can_plugins2.pc'
[27.183s] Level 1:colcon.colcon_core.environment:checking '/home/yumasgmt/ros2_ws/install/can_plugins2/lib/python3.10/site-packages'
[27.183s] Level 1:colcon.colcon_core.environment:checking '/home/yumasgmt/ros2_ws/install/can_plugins2/bin'
[27.201s] INFO:colcon.colcon_core.shell:Creating package script '/home/yumasgmt/ros2_ws/install/can_plugins2/share/can_plugins2/package.ps1'
[27.202s] INFO:colcon.colcon_core.shell:Creating package descriptor '/home/yumasgmt/ros2_ws/install/can_plugins2/share/can_plugins2/package.dsv'
[27.202s] INFO:colcon.colcon_core.shell:Creating package script '/home/yumasgmt/ros2_ws/install/can_plugins2/share/can_plugins2/package.sh'
[27.203s] INFO:colcon.colcon_core.shell:Creating package script '/home/yumasgmt/ros2_ws/install/can_plugins2/share/can_plugins2/package.bash'
[27.204s] INFO:colcon.colcon_core.shell:Creating package script '/home/yumasgmt/ros2_ws/install/can_plugins2/share/can_plugins2/package.zsh'
[27.204s] Level 1:colcon.colcon_core.environment:create_file_with_runtime_dependencies(/home/yumasgmt/ros2_ws/install/can_plugins2/share/colcon-core/packages/can_plugins2)
[27.290s] Level 1:colcon.colcon_core.environment:create_environment_scripts_only(can_plugins2)
[27.306s] Level 1:colcon.colcon_core.environment:checking '/home/yumasgmt/ros2_ws/install/can_plugins2' for CMake module files
[27.306s] Level 1:colcon.colcon_core.environment:checking '/home/yumasgmt/ros2_ws/install/can_plugins2' for CMake config files
[27.307s] Level 1:colcon.colcon_core.shell:create_environment_hook('can_plugins2', 'cmake_prefix_path')
[27.321s] INFO:colcon.colcon_core.shell:Creating environment hook '/home/yumasgmt/ros2_ws/install/can_plugins2/share/can_plugins2/hook/cmake_prefix_path.ps1'
[27.321s] INFO:colcon.colcon_core.shell:Creating environment descriptor '/home/yumasgmt/ros2_ws/install/can_plugins2/share/can_plugins2/hook/cmake_prefix_path.dsv'
[27.322s] INFO:colcon.colcon_core.shell:Creating environment hook '/home/yumasgmt/ros2_ws/install/can_plugins2/share/can_plugins2/hook/cmake_prefix_path.sh'
[27.323s] Level 1:colcon.colcon_core.environment:checking '/home/yumasgmt/ros2_ws/install/can_plugins2/lib'
[27.323s] Level 1:colcon.colcon_core.shell:create_environment_hook('can_plugins2', 'ld_library_path_lib')
[27.337s] INFO:colcon.colcon_core.shell:Creating environment hook '/home/yumasgmt/ros2_ws/install/can_plugins2/share/can_plugins2/hook/ld_library_path_lib.ps1'
[27.338s] INFO:colcon.colcon_core.shell:Creating environment descriptor '/home/yumasgmt/ros2_ws/install/can_plugins2/share/can_plugins2/hook/ld_library_path_lib.dsv'
[27.339s] INFO:colcon.colcon_core.shell:Creating environment hook '/home/yumasgmt/ros2_ws/install/can_plugins2/share/can_plugins2/hook/ld_library_path_lib.sh'
[27.340s] Level 1:colcon.colcon_core.environment:checking '/home/yumasgmt/ros2_ws/install/can_plugins2/bin'
[27.341s] Level 1:colcon.colcon_core.environment:checking '/home/yumasgmt/ros2_ws/install/can_plugins2/lib/pkgconfig/can_plugins2.pc'
[27.341s] Level 1:colcon.colcon_core.environment:checking '/home/yumasgmt/ros2_ws/install/can_plugins2/lib/python3.10/site-packages'
[27.342s] Level 1:colcon.colcon_core.environment:checking '/home/yumasgmt/ros2_ws/install/can_plugins2/bin'
[27.371s] INFO:colcon.colcon_core.shell:Creating package script '/home/yumasgmt/ros2_ws/install/can_plugins2/share/can_plugins2/package.ps1'
[27.372s] INFO:colcon.colcon_core.shell:Creating package descriptor '/home/yumasgmt/ros2_ws/install/can_plugins2/share/can_plugins2/package.dsv'
[27.373s] INFO:colcon.colcon_core.shell:Creating package script '/home/yumasgmt/ros2_ws/install/can_plugins2/share/can_plugins2/package.sh'
[27.374s] INFO:colcon.colcon_core.shell:Creating package script '/home/yumasgmt/ros2_ws/install/can_plugins2/share/can_plugins2/package.bash'
[27.375s] INFO:colcon.colcon_core.shell:Creating package script '/home/yumasgmt/ros2_ws/install/can_plugins2/share/can_plugins2/package.zsh'
[27.376s] Level 1:colcon.colcon_core.environment:create_file_with_runtime_dependencies(/home/yumasgmt/ros2_ws/install/can_plugins2/share/colcon-core/packages/can_plugins2)
[27.377s] INFO:colcon.colcon_ros.task.ament_cmake.build:Building ROS package in '/home/yumasgmt/ros2_ws/src/cpp_pubsub' with build type 'ament_cmake'
[27.377s] INFO:colcon.colcon_cmake.task.cmake.build:Building CMake package in '/home/yumasgmt/ros2_ws/src/cpp_pubsub'
[27.419s] INFO:colcon.colcon_core.shell:Skip shell extension 'powershell' for command environment: Not usable outside of PowerShell
[27.420s] DEBUG:colcon.colcon_core.shell:Skip shell extension 'dsv' for command environment
[27.600s] DEBUG:colcon.colcon_core.event_handler.log_command:Invoking command in '/home/yumasgmt/ros2_ws/build/cpp_pubsub': AMENT_PREFIX_PATH=/home/yumasgmt/ros2_ws/install/can_plugins2:${AMENT_PREFIX_PATH} CMAKE_PREFIX_PATH=/home/yumasgmt/ros2_ws/install/can_plugins2:/opt/ros/humble LD_LIBRARY_PATH=/home/yumasgmt/ros2_ws/install/can_plugins2/lib:${LD_LIBRARY_PATH} PYTHONPATH=/home/yumasgmt/ros2_ws/install/can_plugins2/local/lib/python3.10/dist-packages:${PYTHONPATH} /usr/bin/cmake --build /home/yumasgmt/ros2_ws/build/cpp_pubsub -- -j4 -l4
[27.706s] DEBUG:colcon.colcon_core.event_handler.log_command:Invoked command in '/home/yumasgmt/ros2_ws/build/cpp_pubsub' returned '0': AMENT_PREFIX_PATH=/home/yumasgmt/ros2_ws/install/can_plugins2:${AMENT_PREFIX_PATH} CMAKE_PREFIX_PATH=/home/yumasgmt/ros2_ws/install/can_plugins2:/opt/ros/humble LD_LIBRARY_PATH=/home/yumasgmt/ros2_ws/install/can_plugins2/lib:${LD_LIBRARY_PATH} PYTHONPATH=/home/yumasgmt/ros2_ws/install/can_plugins2/local/lib/python3.10/dist-packages:${PYTHONPATH} /usr/bin/cmake --build /home/yumasgmt/ros2_ws/build/cpp_pubsub -- -j4 -l4
[27.752s] DEBUG:colcon.colcon_core.event_handler.log_command:Invoking command in '/home/yumasgmt/ros2_ws/build/cpp_pubsub': AMENT_PREFIX_PATH=/home/yumasgmt/ros2_ws/install/can_plugins2:${AMENT_PREFIX_PATH} CMAKE_PREFIX_PATH=/home/yumasgmt/ros2_ws/install/can_plugins2:/opt/ros/humble LD_LIBRARY_PATH=/home/yumasgmt/ros2_ws/install/can_plugins2/lib:${LD_LIBRARY_PATH} PYTHONPATH=/home/yumasgmt/ros2_ws/install/can_plugins2/local/lib/python3.10/dist-packages:${PYTHONPATH} /usr/bin/cmake --install /home/yumasgmt/ros2_ws/build/cpp_pubsub
[27.773s] Level 1:colcon.colcon_core.environment:create_environment_scripts_only(cpp_pubsub)
[27.774s] DEBUG:colcon.colcon_core.event_handler.log_command:Invoked command in '/home/yumasgmt/ros2_ws/build/cpp_pubsub' returned '0': AMENT_PREFIX_PATH=/home/yumasgmt/ros2_ws/install/can_plugins2:${AMENT_PREFIX_PATH} CMAKE_PREFIX_PATH=/home/yumasgmt/ros2_ws/install/can_plugins2:/opt/ros/humble LD_LIBRARY_PATH=/home/yumasgmt/ros2_ws/install/can_plugins2/lib:${LD_LIBRARY_PATH} PYTHONPATH=/home/yumasgmt/ros2_ws/install/can_plugins2/local/lib/python3.10/dist-packages:${PYTHONPATH} /usr/bin/cmake --install /home/yumasgmt/ros2_ws/build/cpp_pubsub
[27.802s] Level 1:colcon.colcon_core.environment:checking '/home/yumasgmt/ros2_ws/install/cpp_pubsub' for CMake module files
[27.803s] Level 1:colcon.colcon_core.environment:checking '/home/yumasgmt/ros2_ws/install/cpp_pubsub' for CMake config files
[27.804s] Level 1:colcon.colcon_core.shell:create_environment_hook('cpp_pubsub', 'cmake_prefix_path')
[27.819s] INFO:colcon.colcon_core.shell:Creating environment hook '/home/yumasgmt/ros2_ws/install/cpp_pubsub/share/cpp_pubsub/hook/cmake_prefix_path.ps1'
[27.820s] INFO:colcon.colcon_core.shell:Creating environment descriptor '/home/yumasgmt/ros2_ws/install/cpp_pubsub/share/cpp_pubsub/hook/cmake_prefix_path.dsv'
[27.821s] INFO:colcon.colcon_core.shell:Creating environment hook '/home/yumasgmt/ros2_ws/install/cpp_pubsub/share/cpp_pubsub/hook/cmake_prefix_path.sh'
[27.822s] Level 1:colcon.colcon_core.environment:checking '/home/yumasgmt/ros2_ws/install/cpp_pubsub/lib'
[27.822s] Level 1:colcon.colcon_core.environment:checking '/home/yumasgmt/ros2_ws/install/cpp_pubsub/bin'
[27.822s] Level 1:colcon.colcon_core.environment:checking '/home/yumasgmt/ros2_ws/install/cpp_pubsub/lib/pkgconfig/cpp_pubsub.pc'
[27.823s] Level 1:colcon.colcon_core.environment:checking '/home/yumasgmt/ros2_ws/install/cpp_pubsub/lib/python3.10/site-packages'
[27.823s] Level 1:colcon.colcon_core.environment:checking '/home/yumasgmt/ros2_ws/install/cpp_pubsub/bin'
[27.839s] INFO:colcon.colcon_core.shell:Creating package script '/home/yumasgmt/ros2_ws/install/cpp_pubsub/share/cpp_pubsub/package.ps1'
[27.840s] INFO:colcon.colcon_core.shell:Creating package descriptor '/home/yumasgmt/ros2_ws/install/cpp_pubsub/share/cpp_pubsub/package.dsv'
[27.841s] INFO:colcon.colcon_core.shell:Creating package script '/home/yumasgmt/ros2_ws/install/cpp_pubsub/share/cpp_pubsub/package.sh'
[27.842s] INFO:colcon.colcon_core.shell:Creating package script '/home/yumasgmt/ros2_ws/install/cpp_pubsub/share/cpp_pubsub/package.bash'
[27.843s] INFO:colcon.colcon_core.shell:Creating package script '/home/yumasgmt/ros2_ws/install/cpp_pubsub/share/cpp_pubsub/package.zsh'
[27.843s] Level 1:colcon.colcon_core.environment:create_file_with_runtime_dependencies(/home/yumasgmt/ros2_ws/install/cpp_pubsub/share/colcon-core/packages/cpp_pubsub)
[27.927s] Level 1:colcon.colcon_core.environment:create_environment_scripts_only(cpp_pubsub)
[27.953s] Level 1:colcon.colcon_core.environment:checking '/home/yumasgmt/ros2_ws/install/cpp_pubsub' for CMake module files
[27.955s] Level 1:colcon.colcon_core.environment:checking '/home/yumasgmt/ros2_ws/install/cpp_pubsub' for CMake config files
[27.955s] Level 1:colcon.colcon_core.shell:create_environment_hook('cpp_pubsub', 'cmake_prefix_path')
[27.975s] INFO:colcon.colcon_core.shell:Creating environment hook '/home/yumasgmt/ros2_ws/install/cpp_pubsub/share/cpp_pubsub/hook/cmake_prefix_path.ps1'
[27.976s] INFO:colcon.colcon_core.shell:Creating environment descriptor '/home/yumasgmt/ros2_ws/install/cpp_pubsub/share/cpp_pubsub/hook/cmake_prefix_path.dsv'
[27.976s] INFO:colcon.colcon_core.shell:Creating environment hook '/home/yumasgmt/ros2_ws/install/cpp_pubsub/share/cpp_pubsub/hook/cmake_prefix_path.sh'
[27.978s] Level 1:colcon.colcon_core.environment:checking '/home/yumasgmt/ros2_ws/install/cpp_pubsub/lib'
[27.978s] Level 1:colcon.colcon_core.environment:checking '/home/yumasgmt/ros2_ws/install/cpp_pubsub/bin'
[27.978s] Level 1:colcon.colcon_core.environment:checking '/home/yumasgmt/ros2_ws/install/cpp_pubsub/lib/pkgconfig/cpp_pubsub.pc'
[27.979s] Level 1:colcon.colcon_core.environment:checking '/home/yumasgmt/ros2_ws/install/cpp_pubsub/lib/python3.10/site-packages'
[27.980s] Level 1:colcon.colcon_core.environment:checking '/home/yumasgmt/ros2_ws/install/cpp_pubsub/bin'
[28.018s] INFO:colcon.colcon_core.shell:Creating package script '/home/yumasgmt/ros2_ws/install/cpp_pubsub/share/cpp_pubsub/package.ps1'
[28.019s] INFO:colcon.colcon_core.shell:Creating package descriptor '/home/yumasgmt/ros2_ws/install/cpp_pubsub/share/cpp_pubsub/package.dsv'
[28.020s] INFO:colcon.colcon_core.shell:Creating package script '/home/yumasgmt/ros2_ws/install/cpp_pubsub/share/cpp_pubsub/package.sh'
[28.023s] INFO:colcon.colcon_core.shell:Creating package script '/home/yumasgmt/ros2_ws/install/cpp_pubsub/share/cpp_pubsub/package.bash'
[28.024s] INFO:colcon.colcon_core.shell:Creating package script '/home/yumasgmt/ros2_ws/install/cpp_pubsub/share/cpp_pubsub/package.zsh'
[28.025s] Level 1:colcon.colcon_core.environment:create_file_with_runtime_dependencies(/home/yumasgmt/ros2_ws/install/cpp_pubsub/share/colcon-core/packages/cpp_pubsub)
[28.026s] DEBUG:colcon.colcon_parallel_executor.executor.parallel:closing loop
[28.026s] DEBUG:colcon.colcon_parallel_executor.executor.parallel:loop closed
[28.027s] DEBUG:colcon.colcon_parallel_executor.executor.parallel:run_until_complete finished with '0'
[28.027s] DEBUG:colcon.colcon_core.event_reactor:joining thread
[28.123s] INFO:colcon.colcon_core.plugin_system:Skipping extension 'colcon_notification.desktop_notification.notify_send': Could not find 'notify-send'
[28.124s] INFO:colcon.colcon_core.plugin_system:Skipping extension 'colcon_notification.desktop_notification.terminal_notifier': Not used on non-Darwin systems
[28.124s] INFO:colcon.colcon_core.plugin_system:Skipping extension 'colcon_notification.desktop_notification.win32': Not used on non-Windows systems
[28.124s] INFO:colcon.colcon_notification.desktop_notification:Sending desktop notification using 'notify2'
