-- Found ament_cmake: 1.3.6 (/opt/ros/humble/share/ament_cmake/cmake)
-- Found rclcpp: 16.0.7 (/opt/ros/humble/share/rclcpp/cmake)
-- Found rosidl_generator_c: 3.1.5 (/opt/ros/humble/share/rosidl_generator_c/cmake)
-- Found rosidl_adapter: 3.1.5 (/opt/ros/humble/share/rosidl_adapter/cmake)
-- Found rosidl_generator_cpp: 3.1.5 (/opt/ros/humble/share/rosidl_generator_cpp/cmake)
-- Using all available rosidl_typesupport_c: rosidl_typesupport_fastrtps_c;rosidl_typesupport_introspection_c
-- Using all available rosidl_typesupport_cpp: rosidl_typesupport_fastrtps_cpp;rosidl_typesupport_introspection_cpp
-- Found rmw_implementation_cmake: 6.1.1 (/opt/ros/humble/share/rmw_implementation_cmake/cmake)
-- Found rmw_fastrtps_cpp: 6.2.5 (/opt/ros/humble/share/rmw_fastrtps_cpp/cmake)
-- Using RMW implementation 'rmw_fastrtps_cpp' as default
-- Found can_plugins2: 0.0.1 (/home/yumasgmt/ros2_ws/install/can_plugins2/share/can_plugins2/cmake)
-- Found sensor_msgs: 4.2.3 (/opt/ros/humble/share/sensor_msgs/cmake)
-- Found ament_lint_auto: 0.12.9 (/opt/ros/humble/share/ament_lint_auto/cmake)
-- Added test 'cppcheck' to perform static code analysis on C / C++ code
-- Configured cppcheck include dirs: 
-- Configured cppcheck exclude dirs and/or files: 
-- Added test 'lint_cmake' to check CMake code style
-- Added test 'uncrustify' to check C / C++ code style
-- Configured uncrustify additional arguments: 
-- Added test 'xmllint' to check XML markup files
-- Configuring done
-- Generating done
-- Build files have been written to: /home/yumasgmt/ros2_ws/build/omni_4
[ 50%] [32mBuilding CXX object CMakeFiles/talker.dir/src/OMNI4ros2.cpp.o[0m
[100%] [32m[1mLinking CXX executable talker[0m
[100%] Built target talker
-- Install configuration: ""
-- Installing: /home/yumasgmt/ros2_ws/install/omni_4/lib/omni_4/talker
-- Set runtime path of "/home/yumasgmt/ros2_ws/install/omni_4/lib/omni_4/talker" to ""
-- Installing: /home/yumasgmt/ros2_ws/install/omni_4/share/ament_index/resource_index/package_run_dependencies/omni_4
-- Installing: /home/yumasgmt/ros2_ws/install/omni_4/share/ament_index/resource_index/parent_prefix_path/omni_4
-- Installing: /home/yumasgmt/ros2_ws/install/omni_4/share/omni_4/environment/ament_prefix_path.sh
-- Installing: /home/yumasgmt/ros2_ws/install/omni_4/share/omni_4/environment/ament_prefix_path.dsv
-- Installing: /home/yumasgmt/ros2_ws/install/omni_4/share/omni_4/environment/path.sh
-- Installing: /home/yumasgmt/ros2_ws/install/omni_4/share/omni_4/environment/path.dsv
-- Installing: /home/yumasgmt/ros2_ws/install/omni_4/share/omni_4/local_setup.bash
-- Installing: /home/yumasgmt/ros2_ws/install/omni_4/share/omni_4/local_setup.sh
-- Installing: /home/yumasgmt/ros2_ws/install/omni_4/share/omni_4/local_setup.zsh
-- Installing: /home/yumasgmt/ros2_ws/install/omni_4/share/omni_4/local_setup.dsv
-- Installing: /home/yumasgmt/ros2_ws/install/omni_4/share/omni_4/package.dsv
-- Installing: /home/yumasgmt/ros2_ws/install/omni_4/share/ament_index/resource_index/packages/omni_4
-- Installing: /home/yumasgmt/ros2_ws/install/omni_4/share/omni_4/cmake/omni_4Config.cmake
-- Installing: /home/yumasgmt/ros2_ws/install/omni_4/share/omni_4/cmake/omni_4Config-version.cmake
-- Installing: /home/yumasgmt/ros2_ws/install/omni_4/share/omni_4/package.xml
