[0.211s] Invoking command in '/home/yumasgmt/ros2_ws/build/omni_4': AMENT_PREFIX_PATH=/home/yumasgmt/ros2_ws/install/can_plugins2:${AMENT_PREFIX_PATH} CMAKE_PREFIX_PATH=/home/yumasgmt/ros2_ws/install/can_plugins2:/opt/ros/humble LD_LIBRARY_PATH=/home/yumasgmt/ros2_ws/install/can_plugins2/lib:${LD_LIBRARY_PATH} PYTHONPATH=/home/yumasgmt/ros2_ws/install/can_plugins2/local/lib/python3.10/dist-packages:${PYTHONPATH} /usr/bin/cmake /home/yumasgmt/ros2_ws/src/omni_4 -DCMAKE_INSTALL_PREFIX=/home/yumasgmt/ros2_ws/install/omni_4
[0.398s] -- Found ament_cmake: 1.3.6 (/opt/ros/humble/share/ament_cmake/cmake)
[0.800s] -- Found rclcpp: 16.0.7 (/opt/ros/humble/share/rclcpp/cmake)
[1.013s] -- Found rosidl_generator_c: 3.1.5 (/opt/ros/humble/share/rosidl_generator_c/cmake)
[1.017s] -- Found rosidl_adapter: 3.1.5 (/opt/ros/humble/share/rosidl_adapter/cmake)
[1.033s] -- Found rosidl_generator_cpp: 3.1.5 (/opt/ros/humble/share/rosidl_generator_cpp/cmake)
[1.058s] -- Using all available rosidl_typesupport_c: rosidl_typesupport_fastrtps_c;rosidl_typesupport_introspection_c
[1.090s] -- Using all available rosidl_typesupport_cpp: rosidl_typesupport_fastrtps_cpp;rosidl_typesupport_introspection_cpp
[1.214s] -- Found rmw_implementation_cmake: 6.1.1 (/opt/ros/humble/share/rmw_implementation_cmake/cmake)
[1.217s] -- Found rmw_fastrtps_cpp: 6.2.5 (/opt/ros/humble/share/rmw_fastrtps_cpp/cmake)
[7.535s] -- Using RMW implementation 'rmw_fastrtps_cpp' as default
[7.765s] -- Found can_plugins2: 0.0.1 (/home/yumasgmt/ros2_ws/install/can_plugins2/share/can_plugins2/cmake)
[7.821s] -- Found sensor_msgs: 4.2.3 (/opt/ros/humble/share/sensor_msgs/cmake)
[8.007s] -- Found ament_lint_auto: 0.12.9 (/opt/ros/humble/share/ament_lint_auto/cmake)
[8.117s] -- Added test 'cppcheck' to perform static code analysis on C / C++ code
[8.117s] -- Configured cppcheck include dirs: 
[8.117s] -- Configured cppcheck exclude dirs and/or files: 
[8.118s] -- Added test 'lint_cmake' to check CMake code style
[8.119s] -- Added test 'uncrustify' to check C / C++ code style
[8.119s] -- Configured uncrustify additional arguments: 
[8.120s] -- Added test 'xmllint' to check XML markup files
[8.121s] -- Configuring done
[8.151s] -- Generating done
[8.155s] -- Build files have been written to: /home/yumasgmt/ros2_ws/build/omni_4
[8.171s] Invoked command in '/home/yumasgmt/ros2_ws/build/omni_4' returned '0': AMENT_PREFIX_PATH=/home/yumasgmt/ros2_ws/install/can_plugins2:${AMENT_PREFIX_PATH} CMAKE_PREFIX_PATH=/home/yumasgmt/ros2_ws/install/can_plugins2:/opt/ros/humble LD_LIBRARY_PATH=/home/yumasgmt/ros2_ws/install/can_plugins2/lib:${LD_LIBRARY_PATH} PYTHONPATH=/home/yumasgmt/ros2_ws/install/can_plugins2/local/lib/python3.10/dist-packages:${PYTHONPATH} /usr/bin/cmake /home/yumasgmt/ros2_ws/src/omni_4 -DCMAKE_INSTALL_PREFIX=/home/yumasgmt/ros2_ws/install/omni_4
[8.174s] Invoking command in '/home/yumasgmt/ros2_ws/build/omni_4': AMENT_PREFIX_PATH=/home/yumasgmt/ros2_ws/install/can_plugins2:${AMENT_PREFIX_PATH} CMAKE_PREFIX_PATH=/home/yumasgmt/ros2_ws/install/can_plugins2:/opt/ros/humble LD_LIBRARY_PATH=/home/yumasgmt/ros2_ws/install/can_plugins2/lib:${LD_LIBRARY_PATH} PYTHONPATH=/home/yumasgmt/ros2_ws/install/can_plugins2/local/lib/python3.10/dist-packages:${PYTHONPATH} /usr/bin/cmake --build /home/yumasgmt/ros2_ws/build/omni_4 -- -j4 -l4
[8.234s] [ 50%] [32mBuilding CXX object CMakeFiles/talker.dir/src/OMNI4ros2.cpp.o[0m
[29.814s] [100%] [32m[1mLinking CXX executable talker[0m
[31.083s] [100%] Built target talker
[31.101s] Invoked command in '/home/yumasgmt/ros2_ws/build/omni_4' returned '0': AMENT_PREFIX_PATH=/home/yumasgmt/ros2_ws/install/can_plugins2:${AMENT_PREFIX_PATH} CMAKE_PREFIX_PATH=/home/yumasgmt/ros2_ws/install/can_plugins2:/opt/ros/humble LD_LIBRARY_PATH=/home/yumasgmt/ros2_ws/install/can_plugins2/lib:${LD_LIBRARY_PATH} PYTHONPATH=/home/yumasgmt/ros2_ws/install/can_plugins2/local/lib/python3.10/dist-packages:${PYTHONPATH} /usr/bin/cmake --build /home/yumasgmt/ros2_ws/build/omni_4 -- -j4 -l4
[31.162s] Invoking command in '/home/yumasgmt/ros2_ws/build/omni_4': AMENT_PREFIX_PATH=/home/yumasgmt/ros2_ws/install/can_plugins2:${AMENT_PREFIX_PATH} CMAKE_PREFIX_PATH=/home/yumasgmt/ros2_ws/install/can_plugins2:/opt/ros/humble LD_LIBRARY_PATH=/home/yumasgmt/ros2_ws/install/can_plugins2/lib:${LD_LIBRARY_PATH} PYTHONPATH=/home/yumasgmt/ros2_ws/install/can_plugins2/local/lib/python3.10/dist-packages:${PYTHONPATH} /usr/bin/cmake --install /home/yumasgmt/ros2_ws/build/omni_4
[31.174s] -- Install configuration: ""
[31.176s] -- Installing: /home/yumasgmt/ros2_ws/install/omni_4/lib/omni_4/talker
[31.187s] -- Set runtime path of "/home/yumasgmt/ros2_ws/install/omni_4/lib/omni_4/talker" to ""
[31.187s] -- Installing: /home/yumasgmt/ros2_ws/install/omni_4/share/ament_index/resource_index/package_run_dependencies/omni_4
[31.189s] -- Installing: /home/yumasgmt/ros2_ws/install/omni_4/share/ament_index/resource_index/parent_prefix_path/omni_4
[31.191s] -- Installing: /home/yumasgmt/ros2_ws/install/omni_4/share/omni_4/environment/ament_prefix_path.sh
[31.191s] -- Installing: /home/yumasgmt/ros2_ws/install/omni_4/share/omni_4/environment/ament_prefix_path.dsv
[31.191s] -- Installing: /home/yumasgmt/ros2_ws/install/omni_4/share/omni_4/environment/path.sh
[31.191s] -- Installing: /home/yumasgmt/ros2_ws/install/omni_4/share/omni_4/environment/path.dsv
[31.192s] -- Installing: /home/yumasgmt/ros2_ws/install/omni_4/share/omni_4/local_setup.bash
[31.195s] -- Installing: /home/yumasgmt/ros2_ws/install/omni_4/share/omni_4/local_setup.sh
[31.196s] -- Installing: /home/yumasgmt/ros2_ws/install/omni_4/share/omni_4/local_setup.zsh
[31.196s] -- Installing: /home/yumasgmt/ros2_ws/install/omni_4/share/omni_4/local_setup.dsv
[31.196s] -- Installing: /home/yumasgmt/ros2_ws/install/omni_4/share/omni_4/package.dsv
[31.197s] -- Installing: /home/yumasgmt/ros2_ws/install/omni_4/share/ament_index/resource_index/packages/omni_4
[31.197s] -- Installing: /home/yumasgmt/ros2_ws/install/omni_4/share/omni_4/cmake/omni_4Config.cmake
[31.197s] -- Installing: /home/yumasgmt/ros2_ws/install/omni_4/share/omni_4/cmake/omni_4Config-version.cmake
[31.197s] -- Installing: /home/yumasgmt/ros2_ws/install/omni_4/share/omni_4/package.xml
[31.203s] Invoked command in '/home/yumasgmt/ros2_ws/build/omni_4' returned '0': AMENT_PREFIX_PATH=/home/yumasgmt/ros2_ws/install/can_plugins2:${AMENT_PREFIX_PATH} CMAKE_PREFIX_PATH=/home/yumasgmt/ros2_ws/install/can_plugins2:/opt/ros/humble LD_LIBRARY_PATH=/home/yumasgmt/ros2_ws/install/can_plugins2/lib:${LD_LIBRARY_PATH} PYTHONPATH=/home/yumasgmt/ros2_ws/install/can_plugins2/local/lib/python3.10/dist-packages:${PYTHONPATH} /usr/bin/cmake --install /home/yumasgmt/ros2_ws/build/omni_4
