[0.120s] Invoking command in '/home/yumasgmt/ros2_ws/build/my_package': CMAKE_PREFIX_PATH=/opt/ros/humble /usr/bin/cmake --build /home/yumasgmt/ros2_ws/build/my_package -- -j4 -l4
[0.186s] Invoked command in '/home/yumasgmt/ros2_ws/build/my_package' returned '0': CMAKE_PREFIX_PATH=/opt/ros/humble /usr/bin/cmake --build /home/yumasgmt/ros2_ws/build/my_package -- -j4 -l4
[0.242s] Invoking command in '/home/yumasgmt/ros2_ws/build/my_package': CMAKE_PREFIX_PATH=/opt/ros/humble /usr/bin/cmake --install /home/yumasgmt/ros2_ws/build/my_package
[0.262s] -- Install configuration: ""
[0.264s] -- Up-to-date: /home/yumasgmt/ros2_ws/install/my_package/share/ament_index/resource_index/package_run_dependencies/my_package
[0.267s] -- Up-to-date: /home/yumasgmt/ros2_ws/install/my_package/share/ament_index/resource_index/parent_prefix_path/my_package
[0.268s] -- Up-to-date: /home/yumasgmt/ros2_ws/install/my_package/share/my_package/environment/ament_prefix_path.sh
[0.269s] -- Up-to-date: /home/yumasgmt/ros2_ws/install/my_package/share/my_package/environment/ament_prefix_path.dsv
[0.270s] -- Up-to-date: /home/yumasgmt/ros2_ws/install/my_package/share/my_package/environment/path.sh
[0.271s] -- Up-to-date: /home/yumasgmt/ros2_ws/install/my_package/share/my_package/environment/path.dsv
[0.271s] -- Up-to-date: /home/yumasgmt/ros2_ws/install/my_package/share/my_package/local_setup.bash
[0.271s] -- Up-to-date: /home/yumasgmt/ros2_ws/install/my_package/share/my_package/local_setup.sh
[0.271s] -- Up-to-date: /home/yumasgmt/ros2_ws/install/my_package/share/my_package/local_setup.zsh
[0.271s] -- Up-to-date: /home/yumasgmt/ros2_ws/install/my_package/share/my_package/local_setup.dsv
[0.272s] -- Up-to-date: /home/yumasgmt/ros2_ws/install/my_package/share/my_package/package.dsv
[0.272s] -- Up-to-date: /home/yumasgmt/ros2_ws/install/my_package/share/ament_index/resource_index/packages/my_package
[0.273s] -- Up-to-date: /home/yumasgmt/ros2_ws/install/my_package/share/my_package/cmake/my_packageConfig.cmake
[0.273s] -- Up-to-date: /home/yumasgmt/ros2_ws/install/my_package/share/my_package/cmake/my_packageConfig-version.cmake
[0.273s] -- Up-to-date: /home/yumasgmt/ros2_ws/install/my_package/share/my_package/package.xml
[0.281s] Invoked command in '/home/yumasgmt/ros2_ws/build/my_package' returned '0': CMAKE_PREFIX_PATH=/opt/ros/humble /usr/bin/cmake --install /home/yumasgmt/ros2_ws/build/my_package
