-- Found ament_cmake: 1.3.5 (/opt/ros/humble/share/ament_cmake/cmake)
-- Found rclcpp: 16.0.6 (/opt/ros/humble/share/rclcpp/cmake)
-- Found rosidl_generator_c: 3.1.5 (/opt/ros/humble/share/rosidl_generator_c/cmake)
-- Found rosidl_adapter: 3.1.5 (/opt/ros/humble/share/rosidl_adapter/cmake)
-- Found rosidl_generator_cpp: 3.1.5 (/opt/ros/humble/share/rosidl_generator_cpp/cmake)
-- Using all available rosidl_typesupport_c: rosidl_typesupport_fastrtps_c;rosidl_typesupport_introspection_c
-- Using all available rosidl_typesupport_cpp: rosidl_typesupport_fastrtps_cpp;rosidl_typesupport_introspection_cpp
-- Found rmw_implementation_cmake: 6.1.1 (/opt/ros/humble/share/rmw_implementation_cmake/cmake)
-- Found rmw_fastrtps_cpp: 6.2.4 (/opt/ros/humble/share/rmw_fastrtps_cpp/cmake)
-- Using RMW implementation 'rmw_fastrtps_cpp' as default
-- Found sensor_msgs: 4.2.3 (/opt/ros/humble/share/sensor_msgs/cmake)
-- Configuring done
-- Generating done
-- Build files have been written to: /home/yumasgmt/ros2_ws/build/cpp_pubsub
[35m[1mConsolidate compiler generated dependencies of target listener[0m
[ 25%] [32mBuilding CXX object CMakeFiles/talker.dir/src/pub_hello_can.cpp.o[0m
[ 75%] Built target listener
[01m[K/home/yumasgmt/ros2_ws/src/cpp_pubsub/src/pub_hello_can.cpp:9:10:[m[K [01;31m[Kfatal error: [m[Kcan_plugins2/msg/frame.hpp: No such file or directory
    9 | #include [01;31m[K<can_plugins2/msg/frame.hpp>[m[K
      |          [01;31m[K^~~~~~~~~~~~~~~~~~~~~~~~~~~~[m[K
compilation terminated.
gmake[2]: *** [CMakeFiles/talker.dir/build.make:76: CMakeFiles/talker.dir/src/pub_hello_can.cpp.o] Error 1
gmake[1]: *** [CMakeFiles/Makefile2:139: CMakeFiles/talker.dir/all] Error 2
gmake: *** [Makefile:146: all] Error 2
