[0.146s] Invoking command in '/home/yumasgmt/ros2_ws/build/my_package': CMAKE_PREFIX_PATH=/opt/ros/humble /usr/bin/cmake --build /home/yumasgmt/ros2_ws/build/my_package -- -j4 -l4
[0.244s] Invoked command in '/home/yumasgmt/ros2_ws/build/my_package' returned '0': CMAKE_PREFIX_PATH=/opt/ros/humble /usr/bin/cmake --build /home/yumasgmt/ros2_ws/build/my_package -- -j4 -l4
[0.377s] Invoking command in '/home/yumasgmt/ros2_ws/build/my_package': CMAKE_PREFIX_PATH=/opt/ros/humble /usr/bin/cmake --install /home/yumasgmt/ros2_ws/build/my_package
[0.390s] -- Install configuration: ""
[0.392s] -- Up-to-date: /home/yumasgmt/ros2_ws/install/my_package/share/ament_index/resource_index/package_run_dependencies/my_package
[0.394s] -- Up-to-date: /home/yumasgmt/ros2_ws/install/my_package/share/ament_index/resource_index/parent_prefix_path/my_package
[0.396s] -- Up-to-date: /home/yumasgmt/ros2_ws/install/my_package/share/my_package/environment/ament_prefix_path.sh
[0.397s] -- Up-to-date: /home/yumasgmt/ros2_ws/install/my_package/share/my_package/environment/ament_prefix_path.dsv
[0.399s] -- Up-to-date: /home/yumasgmt/ros2_ws/install/my_package/share/my_package/environment/path.sh
[0.400s] -- Up-to-date: /home/yumasgmt/ros2_ws/install/my_package/share/my_package/environment/path.dsv
[0.401s] -- Up-to-date: /home/yumasgmt/ros2_ws/install/my_package/share/my_package/local_setup.bash
[0.403s] -- Up-to-date: /home/yumasgmt/ros2_ws/install/my_package/share/my_package/local_setup.sh
[0.404s] -- Up-to-date: /home/yumasgmt/ros2_ws/install/my_package/share/my_package/local_setup.zsh
[0.407s] -- Up-to-date: /home/yumasgmt/ros2_ws/install/my_package/share/my_package/local_setup.dsv
[0.408s] -- Installing: /home/yumasgmt/ros2_ws/install/my_package/share/my_package/package.dsv
[0.412s] -- Up-to-date: /home/yumasgmt/ros2_ws/install/my_package/share/ament_index/resource_index/packages/my_package
[0.414s] -- Up-to-date: /home/yumasgmt/ros2_ws/install/my_package/share/my_package/cmake/my_packageConfig.cmake
[0.415s] -- Up-to-date: /home/yumasgmt/ros2_ws/install/my_package/share/my_package/cmake/my_packageConfig-version.cmake
[0.416s] -- Up-to-date: /home/yumasgmt/ros2_ws/install/my_package/share/my_package/package.xml
[0.431s] Invoked command in '/home/yumasgmt/ros2_ws/build/my_package' returned '0': CMAKE_PREFIX_PATH=/opt/ros/humble /usr/bin/cmake --install /home/yumasgmt/ros2_ws/build/my_package
