[1.601s] DEBUG:colcon:Command line arguments: ['/usr/bin/colcon', 'build', '--packages-select', 'cpp_pubsub']
[1.601s] DEBUG:colcon:Parsed command line arguments: Namespace(log_base=None, log_level=None, verb_name='build', build_base='build', install_base='install', merge_install=False, symlink_install=False, test_result_base=None, continue_on_error=False, executor='parallel', parallel_workers=4, event_handlers=None, ignore_user_meta=False, metas=['./colcon.meta'], base_paths=['.'], packages_ignore=None, packages_ignore_regex=None, paths=None, packages_up_to=None, packages_up_to_regex=None, packages_above=None, packages_above_and_dependencies=None, packages_above_depth=None, packages_select_by_dep=None, packages_skip_by_dep=None, packages_skip_up_to=None, packages_select_build_failed=False, packages_skip_build_finished=False, packages_select_test_failures=False, packages_skip_test_passed=False, packages_select=['cpp_pubsub'], packages_skip=None, packages_select_regex=None, packages_skip_regex=None, packages_start=None, packages_end=None, allow_overriding=[], cmake_args=None, cmake_target=None, cmake_target_skip_unavailable=False, cmake_clean_cache=False, cmake_clean_first=False, cmake_force_configure=False, ament_cmake_args=None, catkin_cmake_args=None, catkin_skip_building_tests=False, verb_parser=<colcon_defaults.argument_parser.defaults.DefaultArgumentsDecorator object at 0x7fb4936b1690>, verb_extension=<colcon_core.verb.build.BuildVerb object at 0x7fb49393d5d0>, main=<bound method BuildVerb.main of <colcon_core.verb.build.BuildVerb object at 0x7fb49393d5d0>>)
[1.680s] Level 1:colcon.colcon_core.package_discovery:discover_packages(colcon_meta) check parameters
[1.681s] Level 1:colcon.colcon_core.package_discovery:discover_packages(recursive) check parameters
[1.681s] Level 1:colcon.colcon_core.package_discovery:discover_packages(ignore) check parameters
[1.681s] Level 1:colcon.colcon_core.package_discovery:discover_packages(path) check parameters
[1.681s] Level 1:colcon.colcon_core.package_discovery:discover_packages(colcon_meta) discover
[1.681s] Level 1:colcon.colcon_core.package_discovery:discover_packages(recursive) discover
[1.681s] INFO:colcon.colcon_core.package_discovery:Crawling recursively for packages in '/home/yumasgmt/ros2_ws'
[1.683s] Level 1:colcon.colcon_core.package_identification:_identify(.) by extensions ['ignore', 'ignore_ament_install']
[1.683s] Level 1:colcon.colcon_core.package_identification:_identify(.) by extension 'ignore'
[1.683s] Level 1:colcon.colcon_core.package_identification:_identify(.) by extension 'ignore_ament_install'
[1.683s] Level 1:colcon.colcon_core.package_identification:_identify(.) by extensions ['colcon_pkg']
[1.683s] Level 1:colcon.colcon_core.package_identification:_identify(.) by extension 'colcon_pkg'
[1.684s] Level 1:colcon.colcon_core.package_identification:_identify(.) by extensions ['colcon_meta']
[1.684s] Level 1:colcon.colcon_core.package_identification:_identify(.) by extension 'colcon_meta'
[1.684s] Level 1:colcon.colcon_core.package_identification:_identify(.) by extensions ['ros']
[1.684s] Level 1:colcon.colcon_core.package_identification:_identify(.) by extension 'ros'
[1.707s] Level 1:colcon.colcon_core.package_identification:_identify(.) by extensions ['cmake', 'python']
[1.707s] Level 1:colcon.colcon_core.package_identification:_identify(.) by extension 'cmake'
[1.708s] Level 1:colcon.colcon_core.package_identification:_identify(.) by extension 'python'
[1.708s] Level 1:colcon.colcon_core.package_identification:_identify(.) by extensions ['python_setup_py']
[1.708s] Level 1:colcon.colcon_core.package_identification:_identify(.) by extension 'python_setup_py'
[1.708s] Level 1:colcon.colcon_core.package_identification:_identify(build) by extensions ['ignore', 'ignore_ament_install']
[1.708s] Level 1:colcon.colcon_core.package_identification:_identify(build) by extension 'ignore'
[1.709s] Level 1:colcon.colcon_core.package_identification:_identify(build) ignored
[1.709s] Level 1:colcon.colcon_core.package_identification:_identify(install) by extensions ['ignore', 'ignore_ament_install']
[1.710s] Level 1:colcon.colcon_core.package_identification:_identify(install) by extension 'ignore'
[1.711s] Level 1:colcon.colcon_core.package_identification:_identify(install) ignored
[1.712s] Level 1:colcon.colcon_core.package_identification:_identify(log) by extensions ['ignore', 'ignore_ament_install']
[1.712s] Level 1:colcon.colcon_core.package_identification:_identify(log) by extension 'ignore'
[1.712s] Level 1:colcon.colcon_core.package_identification:_identify(log) ignored
[1.712s] Level 1:colcon.colcon_core.package_identification:_identify(src) by extensions ['ignore', 'ignore_ament_install']
[1.713s] Level 1:colcon.colcon_core.package_identification:_identify(src) by extension 'ignore'
[1.713s] Level 1:colcon.colcon_core.package_identification:_identify(src) by extension 'ignore_ament_install'
[1.713s] Level 1:colcon.colcon_core.package_identification:_identify(src) by extensions ['colcon_pkg']
[1.713s] Level 1:colcon.colcon_core.package_identification:_identify(src) by extension 'colcon_pkg'
[1.713s] Level 1:colcon.colcon_core.package_identification:_identify(src) by extensions ['colcon_meta']
[1.713s] Level 1:colcon.colcon_core.package_identification:_identify(src) by extension 'colcon_meta'
[1.713s] Level 1:colcon.colcon_core.package_identification:_identify(src) by extensions ['ros']
[1.713s] Level 1:colcon.colcon_core.package_identification:_identify(src) by extension 'ros'
[1.714s] Level 1:colcon.colcon_core.package_identification:_identify(src) by extensions ['cmake', 'python']
[1.714s] Level 1:colcon.colcon_core.package_identification:_identify(src) by extension 'cmake'
[1.714s] Level 1:colcon.colcon_core.package_identification:_identify(src) by extension 'python'
[1.714s] Level 1:colcon.colcon_core.package_identification:_identify(src) by extensions ['python_setup_py']
[1.714s] Level 1:colcon.colcon_core.package_identification:_identify(src) by extension 'python_setup_py'
[1.714s] Level 1:colcon.colcon_core.package_identification:_identify(src/build) by extensions ['ignore', 'ignore_ament_install']
[1.715s] Level 1:colcon.colcon_core.package_identification:_identify(src/build) by extension 'ignore'
[1.715s] Level 1:colcon.colcon_core.package_identification:_identify(src/build) ignored
[1.717s] Level 1:colcon.colcon_core.package_identification:_identify(src/can_plugins2) by extensions ['ignore', 'ignore_ament_install']
[1.717s] Level 1:colcon.colcon_core.package_identification:_identify(src/can_plugins2) by extension 'ignore'
[1.717s] Level 1:colcon.colcon_core.package_identification:_identify(src/can_plugins2) by extension 'ignore_ament_install'
[1.717s] Level 1:colcon.colcon_core.package_identification:_identify(src/can_plugins2) by extensions ['colcon_pkg']
[1.717s] Level 1:colcon.colcon_core.package_identification:_identify(src/can_plugins2) by extension 'colcon_pkg'
[1.717s] Level 1:colcon.colcon_core.package_identification:_identify(src/can_plugins2) by extensions ['colcon_meta']
[1.717s] Level 1:colcon.colcon_core.package_identification:_identify(src/can_plugins2) by extension 'colcon_meta'
[1.718s] Level 1:colcon.colcon_core.package_identification:_identify(src/can_plugins2) by extensions ['ros']
[1.718s] Level 1:colcon.colcon_core.package_identification:_identify(src/can_plugins2) by extension 'ros'
[1.722s] DEBUG:colcon.colcon_core.package_identification:Package 'src/can_plugins2' with type 'ros.ament_cmake' and name 'can_plugins2'
[1.723s] Level 1:colcon.colcon_core.package_identification:_identify(src/cpp_pubsub) by extensions ['ignore', 'ignore_ament_install']
[1.723s] Level 1:colcon.colcon_core.package_identification:_identify(src/cpp_pubsub) by extension 'ignore'
[1.723s] Level 1:colcon.colcon_core.package_identification:_identify(src/cpp_pubsub) by extension 'ignore_ament_install'
[1.723s] Level 1:colcon.colcon_core.package_identification:_identify(src/cpp_pubsub) by extensions ['colcon_pkg']
[1.723s] Level 1:colcon.colcon_core.package_identification:_identify(src/cpp_pubsub) by extension 'colcon_pkg'
[1.724s] Level 1:colcon.colcon_core.package_identification:_identify(src/cpp_pubsub) by extensions ['colcon_meta']
[1.724s] Level 1:colcon.colcon_core.package_identification:_identify(src/cpp_pubsub) by extension 'colcon_meta'
[1.724s] Level 1:colcon.colcon_core.package_identification:_identify(src/cpp_pubsub) by extensions ['ros']
[1.724s] Level 1:colcon.colcon_core.package_identification:_identify(src/cpp_pubsub) by extension 'ros'
[1.725s] DEBUG:colcon.colcon_core.package_identification:Package 'src/cpp_pubsub' with type 'ros.ament_cmake' and name 'cpp_pubsub'
[1.725s] Level 1:colcon.colcon_core.package_identification:_identify(src/install) by extensions ['ignore', 'ignore_ament_install']
[1.725s] Level 1:colcon.colcon_core.package_identification:_identify(src/install) by extension 'ignore'
[1.725s] Level 1:colcon.colcon_core.package_identification:_identify(src/install) ignored
[1.726s] Level 1:colcon.colcon_core.package_identification:_identify(src/log) by extensions ['ignore', 'ignore_ament_install']
[1.726s] Level 1:colcon.colcon_core.package_identification:_identify(src/log) by extension 'ignore'
[1.727s] Level 1:colcon.colcon_core.package_identification:_identify(src/log) ignored
[1.727s] Level 1:colcon.colcon_core.package_identification:_identify(src/my_package) by extensions ['ignore', 'ignore_ament_install']
[1.727s] Level 1:colcon.colcon_core.package_identification:_identify(src/my_package) by extension 'ignore'
[1.727s] Level 1:colcon.colcon_core.package_identification:_identify(src/my_package) by extension 'ignore_ament_install'
[1.728s] Level 1:colcon.colcon_core.package_identification:_identify(src/my_package) by extensions ['colcon_pkg']
[1.728s] Level 1:colcon.colcon_core.package_identification:_identify(src/my_package) by extension 'colcon_pkg'
[1.728s] Level 1:colcon.colcon_core.package_identification:_identify(src/my_package) by extensions ['colcon_meta']
[1.728s] Level 1:colcon.colcon_core.package_identification:_identify(src/my_package) by extension 'colcon_meta'
[1.728s] Level 1:colcon.colcon_core.package_identification:_identify(src/my_package) by extensions ['ros']
[1.728s] Level 1:colcon.colcon_core.package_identification:_identify(src/my_package) by extension 'ros'
[1.729s] DEBUG:colcon.colcon_core.package_identification:Package 'src/my_package' with type 'ros.ament_cmake' and name 'my_package'
[1.730s] Level 1:colcon.colcon_core.package_identification:_identify(tmp_src) by extensions ['ignore', 'ignore_ament_install']
[1.730s] Level 1:colcon.colcon_core.package_identification:_identify(tmp_src) by extension 'ignore'
[1.730s] Level 1:colcon.colcon_core.package_identification:_identify(tmp_src) by extension 'ignore_ament_install'
[1.730s] Level 1:colcon.colcon_core.package_identification:_identify(tmp_src) by extensions ['colcon_pkg']
[1.731s] Level 1:colcon.colcon_core.package_identification:_identify(tmp_src) by extension 'colcon_pkg'
[1.731s] Level 1:colcon.colcon_core.package_identification:_identify(tmp_src) by extensions ['colcon_meta']
[1.731s] Level 1:colcon.colcon_core.package_identification:_identify(tmp_src) by extension 'colcon_meta'
[1.731s] Level 1:colcon.colcon_core.package_identification:_identify(tmp_src) by extensions ['ros']
[1.731s] Level 1:colcon.colcon_core.package_identification:_identify(tmp_src) by extension 'ros'
[1.731s] Level 1:colcon.colcon_core.package_identification:_identify(tmp_src) by extensions ['cmake', 'python']
[1.731s] Level 1:colcon.colcon_core.package_identification:_identify(tmp_src) by extension 'cmake'
[1.731s] Level 1:colcon.colcon_core.package_identification:_identify(tmp_src) by extension 'python'
[1.731s] Level 1:colcon.colcon_core.package_identification:_identify(tmp_src) by extensions ['python_setup_py']
[1.731s] Level 1:colcon.colcon_core.package_identification:_identify(tmp_src) by extension 'python_setup_py'
[1.732s] Level 1:colcon.colcon_core.package_identification:_identify(tmp_src/underc_package) by extensions ['ignore', 'ignore_ament_install']
[1.732s] Level 1:colcon.colcon_core.package_identification:_identify(tmp_src/underc_package) by extension 'ignore'
[1.732s] Level 1:colcon.colcon_core.package_identification:_identify(tmp_src/underc_package) by extension 'ignore_ament_install'
[1.732s] Level 1:colcon.colcon_core.package_identification:_identify(tmp_src/underc_package) by extensions ['colcon_pkg']
[1.733s] Level 1:colcon.colcon_core.package_identification:_identify(tmp_src/underc_package) by extension 'colcon_pkg'
[1.733s] Level 1:colcon.colcon_core.package_identification:_identify(tmp_src/underc_package) by extensions ['colcon_meta']
[1.733s] Level 1:colcon.colcon_core.package_identification:_identify(tmp_src/underc_package) by extension 'colcon_meta'
[1.733s] Level 1:colcon.colcon_core.package_identification:_identify(tmp_src/underc_package) by extensions ['ros']
[1.733s] Level 1:colcon.colcon_core.package_identification:_identify(tmp_src/underc_package) by extension 'ros'
[1.733s] DEBUG:colcon.colcon_core.package_identification:Package 'tmp_src/underc_package' with type 'ros.ament_cmake' and name 'underc_package'
[1.734s] Level 1:colcon.colcon_core.package_discovery:discover_packages(recursive) using defaults
[1.734s] Level 1:colcon.colcon_core.package_discovery:discover_packages(ignore) discover
[1.734s] Level 1:colcon.colcon_core.package_discovery:discover_packages(ignore) using defaults
[1.734s] Level 1:colcon.colcon_core.package_discovery:discover_packages(path) discover
[1.734s] Level 1:colcon.colcon_core.package_discovery:discover_packages(path) using defaults
[1.805s] INFO:colcon.colcon_core.package_selection:Skipping not selected package 'can_plugins2' in 'src/can_plugins2'
[1.805s] INFO:colcon.colcon_core.package_selection:Skipping not selected package 'my_package' in 'src/my_package'
[1.805s] INFO:colcon.colcon_core.package_selection:Skipping not selected package 'underc_package' in 'tmp_src/underc_package'
[1.833s] Level 1:colcon.colcon_core.package_discovery:discover_packages(prefix_path) check parameters
[1.834s] Level 1:colcon.colcon_core.package_discovery:discover_packages(prefix_path) discover
[1.867s] DEBUG:colcon.colcon_installed_package_information.package_discovery:Found 284 installed packages in /opt/ros/humble
[1.869s] Level 1:colcon.colcon_core.package_discovery:discover_packages(prefix_path) using defaults
[2.103s] Level 5:colcon.colcon_core.verb:set package 'cpp_pubsub' build argument 'cmake_args' from command line to 'None'
[2.103s] Level 5:colcon.colcon_core.verb:set package 'cpp_pubsub' build argument 'cmake_target' from command line to 'None'
[2.104s] Level 5:colcon.colcon_core.verb:set package 'cpp_pubsub' build argument 'cmake_target_skip_unavailable' from command line to 'False'
[2.104s] Level 5:colcon.colcon_core.verb:set package 'cpp_pubsub' build argument 'cmake_clean_cache' from command line to 'False'
[2.104s] Level 5:colcon.colcon_core.verb:set package 'cpp_pubsub' build argument 'cmake_clean_first' from command line to 'False'
[2.104s] Level 5:colcon.colcon_core.verb:set package 'cpp_pubsub' build argument 'cmake_force_configure' from command line to 'False'
[2.104s] Level 5:colcon.colcon_core.verb:set package 'cpp_pubsub' build argument 'ament_cmake_args' from command line to 'None'
[2.104s] Level 5:colcon.colcon_core.verb:set package 'cpp_pubsub' build argument 'catkin_cmake_args' from command line to 'None'
[2.104s] Level 5:colcon.colcon_core.verb:set package 'cpp_pubsub' build argument 'catkin_skip_building_tests' from command line to 'False'
[2.104s] DEBUG:colcon.colcon_core.verb:Building package 'cpp_pubsub' with the following arguments: {'ament_cmake_args': None, 'build_base': '/home/yumasgmt/ros2_ws/build/cpp_pubsub', 'catkin_cmake_args': None, 'catkin_skip_building_tests': False, 'cmake_args': None, 'cmake_clean_cache': False, 'cmake_clean_first': False, 'cmake_force_configure': False, 'cmake_target': None, 'cmake_target_skip_unavailable': False, 'install_base': '/home/yumasgmt/ros2_ws/install/cpp_pubsub', 'merge_install': False, 'path': '/home/yumasgmt/ros2_ws/src/cpp_pubsub', 'symlink_install': False, 'test_result_base': None}
[2.123s] INFO:colcon.colcon_core.executor:Executing jobs using 'parallel' executor
[2.148s] DEBUG:colcon.colcon_parallel_executor.executor.parallel:run_until_complete
[2.148s] INFO:colcon.colcon_ros.task.ament_cmake.build:Building ROS package in '/home/yumasgmt/ros2_ws/src/cpp_pubsub' with build type 'ament_cmake'
[2.149s] INFO:colcon.colcon_cmake.task.cmake.build:Building CMake package in '/home/yumasgmt/ros2_ws/src/cpp_pubsub'
[2.192s] INFO:colcon.colcon_core.plugin_system:Skipping extension 'colcon_core.shell.bat': Not used on non-Windows systems
[2.192s] INFO:colcon.colcon_core.shell:Skip shell extension 'powershell' for command environment: Not usable outside of PowerShell
[2.192s] DEBUG:colcon.colcon_core.shell:Skip shell extension 'dsv' for command environment
[2.448s] DEBUG:colcon.colcon_core.event_handler.log_command:Invoking command in '/home/yumasgmt/ros2_ws/build/cpp_pubsub': AMENT_PREFIX_PATH=/home/yumasgmt/ros2_ws/install/can_plugins2:${AMENT_PREFIX_PATH} CMAKE_PREFIX_PATH=/home/yumasgmt/ros2_ws/install/can_plugins2:/opt/ros/humble LD_LIBRARY_PATH=/home/yumasgmt/ros2_ws/install/can_plugins2/lib:${LD_LIBRARY_PATH} PYTHONPATH=/home/yumasgmt/ros2_ws/install/can_plugins2/local/lib/python3.10/dist-packages:${PYTHONPATH} /usr/bin/cmake --build /home/yumasgmt/ros2_ws/build/cpp_pubsub -- -j4 -l4
[18.204s] DEBUG:colcon.colcon_core.event_handler.log_command:Invoked command in '/home/yumasgmt/ros2_ws/build/cpp_pubsub' returned '0': AMENT_PREFIX_PATH=/home/yumasgmt/ros2_ws/install/can_plugins2:${AMENT_PREFIX_PATH} CMAKE_PREFIX_PATH=/home/yumasgmt/ros2_ws/install/can_plugins2:/opt/ros/humble LD_LIBRARY_PATH=/home/yumasgmt/ros2_ws/install/can_plugins2/lib:${LD_LIBRARY_PATH} PYTHONPATH=/home/yumasgmt/ros2_ws/install/can_plugins2/local/lib/python3.10/dist-packages:${PYTHONPATH} /usr/bin/cmake --build /home/yumasgmt/ros2_ws/build/cpp_pubsub -- -j4 -l4
[18.317s] DEBUG:colcon.colcon_core.event_handler.log_command:Invoking command in '/home/yumasgmt/ros2_ws/build/cpp_pubsub': AMENT_PREFIX_PATH=/home/yumasgmt/ros2_ws/install/can_plugins2:${AMENT_PREFIX_PATH} CMAKE_PREFIX_PATH=/home/yumasgmt/ros2_ws/install/can_plugins2:/opt/ros/humble LD_LIBRARY_PATH=/home/yumasgmt/ros2_ws/install/can_plugins2/lib:${LD_LIBRARY_PATH} PYTHONPATH=/home/yumasgmt/ros2_ws/install/can_plugins2/local/lib/python3.10/dist-packages:${PYTHONPATH} /usr/bin/cmake --install /home/yumasgmt/ros2_ws/build/cpp_pubsub
[18.368s] Level 1:colcon.colcon_core.environment:create_environment_scripts_only(cpp_pubsub)
[18.370s] DEBUG:colcon.colcon_core.event_handler.log_command:Invoked command in '/home/yumasgmt/ros2_ws/build/cpp_pubsub' returned '0': AMENT_PREFIX_PATH=/home/yumasgmt/ros2_ws/install/can_plugins2:${AMENT_PREFIX_PATH} CMAKE_PREFIX_PATH=/home/yumasgmt/ros2_ws/install/can_plugins2:/opt/ros/humble LD_LIBRARY_PATH=/home/yumasgmt/ros2_ws/install/can_plugins2/lib:${LD_LIBRARY_PATH} PYTHONPATH=/home/yumasgmt/ros2_ws/install/can_plugins2/local/lib/python3.10/dist-packages:${PYTHONPATH} /usr/bin/cmake --install /home/yumasgmt/ros2_ws/build/cpp_pubsub
[18.428s] Level 1:colcon.colcon_core.environment:checking '/home/yumasgmt/ros2_ws/install/cpp_pubsub' for CMake module files
[18.430s] Level 1:colcon.colcon_core.environment:checking '/home/yumasgmt/ros2_ws/install/cpp_pubsub' for CMake config files
[18.431s] Level 1:colcon.colcon_core.shell:create_environment_hook('cpp_pubsub', 'cmake_prefix_path')
[18.486s] INFO:colcon.colcon_core.shell:Creating environment hook '/home/yumasgmt/ros2_ws/install/cpp_pubsub/share/cpp_pubsub/hook/cmake_prefix_path.ps1'
[18.491s] INFO:colcon.colcon_core.shell:Creating environment descriptor '/home/yumasgmt/ros2_ws/install/cpp_pubsub/share/cpp_pubsub/hook/cmake_prefix_path.dsv'
[18.496s] INFO:colcon.colcon_core.shell:Creating environment hook '/home/yumasgmt/ros2_ws/install/cpp_pubsub/share/cpp_pubsub/hook/cmake_prefix_path.sh'
[18.498s] Level 1:colcon.colcon_core.environment:checking '/home/yumasgmt/ros2_ws/install/cpp_pubsub/lib'
[18.498s] Level 1:colcon.colcon_core.environment:checking '/home/yumasgmt/ros2_ws/install/cpp_pubsub/bin'
[18.499s] Level 1:colcon.colcon_core.environment:checking '/home/yumasgmt/ros2_ws/install/cpp_pubsub/lib/pkgconfig/cpp_pubsub.pc'
[18.499s] Level 1:colcon.colcon_core.environment:checking '/home/yumasgmt/ros2_ws/install/cpp_pubsub/lib/python3.10/site-packages'
[18.500s] Level 1:colcon.colcon_core.environment:checking '/home/yumasgmt/ros2_ws/install/cpp_pubsub/bin'
[18.607s] INFO:colcon.colcon_core.shell:Creating package script '/home/yumasgmt/ros2_ws/install/cpp_pubsub/share/cpp_pubsub/package.ps1'
[18.610s] INFO:colcon.colcon_core.shell:Creating package descriptor '/home/yumasgmt/ros2_ws/install/cpp_pubsub/share/cpp_pubsub/package.dsv'
[18.624s] INFO:colcon.colcon_core.shell:Creating package script '/home/yumasgmt/ros2_ws/install/cpp_pubsub/share/cpp_pubsub/package.sh'
[18.627s] INFO:colcon.colcon_core.shell:Creating package script '/home/yumasgmt/ros2_ws/install/cpp_pubsub/share/cpp_pubsub/package.bash'
[18.637s] INFO:colcon.colcon_core.shell:Creating package script '/home/yumasgmt/ros2_ws/install/cpp_pubsub/share/cpp_pubsub/package.zsh'
[18.658s] Level 1:colcon.colcon_core.environment:create_file_with_runtime_dependencies(/home/yumasgmt/ros2_ws/install/cpp_pubsub/share/colcon-core/packages/cpp_pubsub)
[18.876s] Level 1:colcon.colcon_core.environment:create_environment_scripts_only(cpp_pubsub)
[18.944s] Level 1:colcon.colcon_core.environment:checking '/home/yumasgmt/ros2_ws/install/cpp_pubsub' for CMake module files
[18.946s] Level 1:colcon.colcon_core.environment:checking '/home/yumasgmt/ros2_ws/install/cpp_pubsub' for CMake config files
[18.946s] Level 1:colcon.colcon_core.shell:create_environment_hook('cpp_pubsub', 'cmake_prefix_path')
[18.986s] INFO:colcon.colcon_core.shell:Creating environment hook '/home/yumasgmt/ros2_ws/install/cpp_pubsub/share/cpp_pubsub/hook/cmake_prefix_path.ps1'
[18.987s] INFO:colcon.colcon_core.shell:Creating environment descriptor '/home/yumasgmt/ros2_ws/install/cpp_pubsub/share/cpp_pubsub/hook/cmake_prefix_path.dsv'
[18.991s] INFO:colcon.colcon_core.shell:Creating environment hook '/home/yumasgmt/ros2_ws/install/cpp_pubsub/share/cpp_pubsub/hook/cmake_prefix_path.sh'
[18.999s] Level 1:colcon.colcon_core.environment:checking '/home/yumasgmt/ros2_ws/install/cpp_pubsub/lib'
[18.999s] Level 1:colcon.colcon_core.environment:checking '/home/yumasgmt/ros2_ws/install/cpp_pubsub/bin'
[19.000s] Level 1:colcon.colcon_core.environment:checking '/home/yumasgmt/ros2_ws/install/cpp_pubsub/lib/pkgconfig/cpp_pubsub.pc'
[19.000s] Level 1:colcon.colcon_core.environment:checking '/home/yumasgmt/ros2_ws/install/cpp_pubsub/lib/python3.10/site-packages'
[19.000s] Level 1:colcon.colcon_core.environment:checking '/home/yumasgmt/ros2_ws/install/cpp_pubsub/bin'
[19.030s] INFO:colcon.colcon_core.shell:Creating package script '/home/yumasgmt/ros2_ws/install/cpp_pubsub/share/cpp_pubsub/package.ps1'
[19.031s] INFO:colcon.colcon_core.shell:Creating package descriptor '/home/yumasgmt/ros2_ws/install/cpp_pubsub/share/cpp_pubsub/package.dsv'
[19.032s] INFO:colcon.colcon_core.shell:Creating package script '/home/yumasgmt/ros2_ws/install/cpp_pubsub/share/cpp_pubsub/package.sh'
[19.033s] INFO:colcon.colcon_core.shell:Creating package script '/home/yumasgmt/ros2_ws/install/cpp_pubsub/share/cpp_pubsub/package.bash'
[19.034s] INFO:colcon.colcon_core.shell:Creating package script '/home/yumasgmt/ros2_ws/install/cpp_pubsub/share/cpp_pubsub/package.zsh'
[19.035s] Level 1:colcon.colcon_core.environment:create_file_with_runtime_dependencies(/home/yumasgmt/ros2_ws/install/cpp_pubsub/share/colcon-core/packages/cpp_pubsub)
[19.036s] DEBUG:colcon.colcon_parallel_executor.executor.parallel:closing loop
[19.037s] DEBUG:colcon.colcon_parallel_executor.executor.parallel:loop closed
[19.037s] DEBUG:colcon.colcon_parallel_executor.executor.parallel:run_until_complete finished with '0'
[19.037s] DEBUG:colcon.colcon_core.event_reactor:joining thread
[19.302s] INFO:colcon.colcon_core.plugin_system:Skipping extension 'colcon_notification.desktop_notification.notify_send': Could not find 'notify-send'
[19.303s] INFO:colcon.colcon_core.plugin_system:Skipping extension 'colcon_notification.desktop_notification.terminal_notifier': Not used on non-Darwin systems
[19.303s] INFO:colcon.colcon_core.plugin_system:Skipping extension 'colcon_notification.desktop_notification.win32': Not used on non-Windows systems
[19.303s] INFO:colcon.colcon_notification.desktop_notification:Sending desktop notification using 'notify2'
[29.532s] DEBUG:colcon.colcon_notification.desktop_notification.notify2:Failed to initialize notify2: org.freedesktop.DBus.Error.Spawn.ExecFailed: /usr/bin/dbus-launch terminated abnormally without any error message
