[0.093s] Invoking command in '/home/yumasgmt/ros2_ws/build/my_package': CMAKE_PREFIX_PATH=/opt/ros/humble /usr/bin/cmake /home/yumasgmt/ros2_ws/src/my_package -DCMAKE_INSTALL_PREFIX=/home/yumasgmt/ros2_ws/install/my_package
[0.277s] -- The C compiler identification is GNU 11.4.0
[1.328s] -- The CXX compiler identification is GNU 11.4.0
[1.858s] -- Detecting C compiler ABI info
[2.310s] -- Detecting C compiler ABI info - done
[2.344s] -- Check for working C compiler: /usr/bin/cc - skipped
[2.345s] -- Detecting C compile features
[2.348s] -- Detecting C compile features - done
[2.356s] -- Detecting CXX compiler ABI info
[2.745s] -- Detecting CXX compiler ABI info - done
[2.796s] -- Check for working CXX compiler: /usr/bin/c++ - skipped
[2.798s] -- Detecting CXX compile features
[2.806s] -- Detecting CXX compile features - done
[2.840s] -- Found ament_cmake: 1.3.5 (/opt/ros/humble/share/ament_cmake/cmake)
[3.529s] -- Found Python3: /usr/bin/python3.10 (found version "3.10.12") found components: Interpreter 
[3.762s] -- Found rclcpp: 16.0.6 (/opt/ros/humble/share/rclcpp/cmake)
[4.145s] -- Found rosidl_generator_c: 3.1.5 (/opt/ros/humble/share/rosidl_generator_c/cmake)
[4.155s] -- Found rosidl_adapter: 3.1.5 (/opt/ros/humble/share/rosidl_adapter/cmake)
[4.176s] -- Found rosidl_generator_cpp: 3.1.5 (/opt/ros/humble/share/rosidl_generator_cpp/cmake)
[4.239s] -- Using all available rosidl_typesupport_c: rosidl_typesupport_fastrtps_c;rosidl_typesupport_introspection_c
[4.305s] -- Using all available rosidl_typesupport_cpp: rosidl_typesupport_fastrtps_cpp;rosidl_typesupport_introspection_cpp
[4.534s] -- Found rmw_implementation_cmake: 6.1.1 (/opt/ros/humble/share/rmw_implementation_cmake/cmake)
[4.540s] -- Found rmw_fastrtps_cpp: 6.2.4 (/opt/ros/humble/share/rmw_fastrtps_cpp/cmake)
[6.138s] -- Found OpenSSL: /usr/lib/x86_64-linux-gnu/libcrypto.so (found version "3.0.2")  
[7.390s] -- Found FastRTPS: /opt/ros/humble/include  
[12.472s] -- Using RMW implementation 'rmw_fastrtps_cpp' as default
[12.507s] -- Looking for pthread.h
[13.004s] -- Looking for pthread.h - found
[13.010s] -- Performing Test CMAKE_HAVE_LIBC_PTHREAD
[13.436s] -- Performing Test CMAKE_HAVE_LIBC_PTHREAD - Success
[13.439s] -- Found Threads: TRUE  
[14.265s] -- Configuring done
[14.303s] -- Generating done
[14.312s] -- Build files have been written to: /home/yumasgmt/ros2_ws/build/my_package
[14.336s] Invoked command in '/home/yumasgmt/ros2_ws/build/my_package' returned '0': CMAKE_PREFIX_PATH=/opt/ros/humble /usr/bin/cmake /home/yumasgmt/ros2_ws/src/my_package -DCMAKE_INSTALL_PREFIX=/home/yumasgmt/ros2_ws/install/my_package
[14.336s] Invoking command in '/home/yumasgmt/ros2_ws/build/my_package': CMAKE_PREFIX_PATH=/opt/ros/humble /usr/bin/cmake --build /home/yumasgmt/ros2_ws/build/my_package -- -j4 -l4
[14.444s] Invoked command in '/home/yumasgmt/ros2_ws/build/my_package' returned '0': CMAKE_PREFIX_PATH=/opt/ros/humble /usr/bin/cmake --build /home/yumasgmt/ros2_ws/build/my_package -- -j4 -l4
[14.525s] Invoking command in '/home/yumasgmt/ros2_ws/build/my_package': CMAKE_PREFIX_PATH=/opt/ros/humble /usr/bin/cmake --install /home/yumasgmt/ros2_ws/build/my_package
[14.540s] -- Install configuration: ""
[14.543s] -- Installing: /home/yumasgmt/ros2_ws/install/my_package/share/ament_index/resource_index/package_run_dependencies/my_package
[14.546s] -- Installing: /home/yumasgmt/ros2_ws/install/my_package/share/ament_index/resource_index/parent_prefix_path/my_package
[14.549s] -- Installing: /home/yumasgmt/ros2_ws/install/my_package/share/my_package/environment/ament_prefix_path.sh
[14.551s] -- Installing: /home/yumasgmt/ros2_ws/install/my_package/share/my_package/environment/ament_prefix_path.dsv
[14.554s] -- Installing: /home/yumasgmt/ros2_ws/install/my_package/share/my_package/environment/path.sh
[14.555s] -- Installing: /home/yumasgmt/ros2_ws/install/my_package/share/my_package/environment/path.dsv
[14.558s] -- Installing: /home/yumasgmt/ros2_ws/install/my_package/share/my_package/local_setup.bash
[14.560s] -- Installing: /home/yumasgmt/ros2_ws/install/my_package/share/my_package/local_setup.sh
[14.561s] -- Installing: /home/yumasgmt/ros2_ws/install/my_package/share/my_package/local_setup.zsh
[14.563s] -- Installing: /home/yumasgmt/ros2_ws/install/my_package/share/my_package/local_setup.dsv
[14.565s] -- Installing: /home/yumasgmt/ros2_ws/install/my_package/share/my_package/package.dsv
[14.566s] -- Installing: /home/yumasgmt/ros2_ws/install/my_package/share/ament_index/resource_index/packages/my_package
[14.568s] -- Installing: /home/yumasgmt/ros2_ws/install/my_package/share/my_package/cmake/my_packageConfig.cmake
[14.568s] -- Installing: /home/yumasgmt/ros2_ws/install/my_package/share/my_package/cmake/my_packageConfig-version.cmake
[14.569s] -- Installing: /home/yumasgmt/ros2_ws/install/my_package/share/my_package/package.xml
[14.583s] Invoked command in '/home/yumasgmt/ros2_ws/build/my_package' returned '0': CMAKE_PREFIX_PATH=/opt/ros/humble /usr/bin/cmake --install /home/yumasgmt/ros2_ws/build/my_package
