[  3%] Built target can_plugins2__cpp
[ 12%] Built target can_plugins2__rosidl_generator_c
[ 12%] Built target ament_cmake_python_copy_can_plugins2
[ 21%] Built target can_plugins2__rosidl_typesupport_cpp
[ 30%] Built target can_plugins2__rosidl_typesupport_introspection_cpp
[ 39%] Built target can_plugins2__rosidl_typesupport_fastrtps_cpp
[ 48%] Built target can_plugins2__rosidl_typesupport_fastrtps_c
[ 57%] Built target can_plugins2__rosidl_typesupport_c
[ 66%] Built target can_plugins2__rosidl_typesupport_introspection_c
[35m[1mConsolidate compiler generated dependencies of target slcan_bridge[0m
[ 66%] Built target can_plugins2
[ 69%] Built target can_plugins2__py
[ 72%] [32mBuilding CXX object CMakeFiles/slcan_bridge.dir/src/slcan_bridge.cpp.o[0m
[ 78%] Built target can_plugins2__rosidl_generator_py
[ 84%] Built target can_plugins2__rosidl_typesupport_fastrtps_c__pyext
[ 90%] Built target can_plugins2__rosidl_typesupport_introspection_c__pyext
[ 96%] Built target can_plugins2__rosidl_typesupport_c__pyext
running egg_info
writing can_plugins2.egg-info/PKG-INFO
writing dependency_links to can_plugins2.egg-info/dependency_links.txt
writing top-level names to can_plugins2.egg-info/top_level.txt
reading manifest file 'can_plugins2.egg-info/SOURCES.txt'
writing manifest file 'can_plugins2.egg-info/SOURCES.txt'
[ 96%] Built target ament_cmake_python_build_can_plugins2_egg
[100%] [32m[1mLinking CXX shared library libslcan_bridge.so[0m
[100%] Built target slcan_bridge
