[0.460s] Invoking command in '/home/yumasgmt/ros2_ws/build/can_plugins2': CMAKE_PREFIX_PATH=${CMAKE_PREFIX_PATH}:/opt/ros/humble /usr/bin/cmake --build /home/yumasgmt/ros2_ws/build/can_plugins2 -- -j4 -l4
[0.572s] [  3%] Built target can_plugins2__cpp
[0.577s] [ 12%] Built target can_plugins2__rosidl_generator_c
[0.611s] [ 12%] Built target ament_cmake_python_copy_can_plugins2
[0.631s] [ 21%] Built target can_plugins2__rosidl_typesupport_cpp
[0.650s] [ 30%] Built target can_plugins2__rosidl_typesupport_introspection_cpp
[0.667s] [ 39%] Built target can_plugins2__rosidl_typesupport_fastrtps_cpp
[0.673s] [ 48%] Built target can_plugins2__rosidl_typesupport_fastrtps_c
[0.705s] [ 57%] Built target can_plugins2__rosidl_typesupport_c
[0.714s] [ 66%] Built target can_plugins2__rosidl_typesupport_introspection_c
[0.731s] [35m[1mConsolidate compiler generated dependencies of target slcan_bridge[0m
[0.756s] [ 66%] Built target can_plugins2
[0.792s] [ 69%] Built target can_plugins2__py
[0.802s] [ 72%] [32mBuilding CXX object CMakeFiles/slcan_bridge.dir/src/slcan_bridge.cpp.o[0m
[0.841s] [ 78%] Built target can_plugins2__rosidl_generator_py
[0.974s] [ 84%] Built target can_plugins2__rosidl_typesupport_fastrtps_c__pyext
[1.029s] [ 90%] Built target can_plugins2__rosidl_typesupport_introspection_c__pyext
[1.054s] [ 96%] Built target can_plugins2__rosidl_typesupport_c__pyext
[1.693s] running egg_info
[1.698s] writing can_plugins2.egg-info/PKG-INFO
[1.700s] writing dependency_links to can_plugins2.egg-info/dependency_links.txt
[1.705s] writing top-level names to can_plugins2.egg-info/top_level.txt
[1.720s] reading manifest file 'can_plugins2.egg-info/SOURCES.txt'
[1.723s] writing manifest file 'can_plugins2.egg-info/SOURCES.txt'
[1.815s] [ 96%] Built target ament_cmake_python_build_can_plugins2_egg
[31.195s] [100%] [32m[1mLinking CXX shared library libslcan_bridge.so[0m
[32.411s] [100%] Built target slcan_bridge
