[0.076s] Invoking command in '/home/yumasgmt/ros2_ws/build/cpp_pubsub': CMAKE_PREFIX_PATH=/opt/ros/humble /usr/bin/cmake --build /home/yumasgmt/ros2_ws/build/cpp_pubsub -- -j4 -l4
[0.099s] -- Found ament_cmake: 1.3.5 (/opt/ros/humble/share/ament_cmake/cmake)
[0.343s] -- Found rclcpp: 16.0.6 (/opt/ros/humble/share/rclcpp/cmake)
[0.526s] -- Found rosidl_generator_c: 3.1.5 (/opt/ros/humble/share/rosidl_generator_c/cmake)
[0.532s] -- Found rosidl_adapter: 3.1.5 (/opt/ros/humble/share/rosidl_adapter/cmake)
[0.538s] -- Found rosidl_generator_cpp: 3.1.5 (/opt/ros/humble/share/rosidl_generator_cpp/cmake)
[0.553s] -- Using all available rosidl_typesupport_c: rosidl_typesupport_fastrtps_c;rosidl_typesupport_introspection_c
[0.574s] -- Using all available rosidl_typesupport_cpp: rosidl_typesupport_fastrtps_cpp;rosidl_typesupport_introspection_cpp
[0.659s] -- Found rmw_implementation_cmake: 6.1.1 (/opt/ros/humble/share/rmw_implementation_cmake/cmake)
[0.660s] -- Found rmw_fastrtps_cpp: 6.2.4 (/opt/ros/humble/share/rmw_fastrtps_cpp/cmake)
[5.481s] -- Using RMW implementation 'rmw_fastrtps_cpp' as default
[5.704s] -- Found sensor_msgs: 4.2.3 (/opt/ros/humble/share/sensor_msgs/cmake)
[5.871s] [31mCMake Error at CMakeLists.txt:18 (add_executable):
[5.871s]   add_executable cannot create target "talker" because another target with
[5.871s]   the same name already exists.  The existing target is an executable created
[5.871s]   in source directory "/home/yumasgmt/ros2_ws/src/cpp_pubsub".  See
[5.871s]   documentation for policy CMP0002 for more details.
[5.871s] 
[5.872s] [0m
[5.961s] -- Configuring incomplete, errors occurred!
[5.961s] See also "/home/yumasgmt/ros2_ws/build/cpp_pubsub/CMakeFiles/CMakeOutput.log".
[5.972s] gmake: *** [Makefile:308: cmake_check_build_system] Error 1
[5.975s] Invoked command in '/home/yumasgmt/ros2_ws/build/cpp_pubsub' returned '2': CMAKE_PREFIX_PATH=/opt/ros/humble /usr/bin/cmake --build /home/yumasgmt/ros2_ws/build/cpp_pubsub -- -j4 -l4
