-- The C compiler identification is GNU 11.4.0
-- The CXX compiler identification is GNU 11.4.0
-- Detecting C compiler ABI info
-- Detecting C compiler ABI info - done
-- Check for working C compiler: /usr/bin/cc - skipped
-- Detecting C compile features
-- Detecting C compile features - done
-- Detecting CXX compiler ABI info
-- Detecting CXX compiler ABI info - done
-- Check for working CXX compiler: /usr/bin/c++ - skipped
-- Detecting CXX compile features
-- Detecting CXX compile features - done
-- Found ament_cmake: 1.3.5 (/opt/ros/humble/share/ament_cmake/cmake)
-- Found Python3: /usr/bin/python3.10 (found version "3.10.12") found components: Interpreter 
-- Found rclcpp: 16.0.6 (/opt/ros/humble/share/rclcpp/cmake)
-- Found rosidl_generator_c: 3.1.5 (/opt/ros/humble/share/rosidl_generator_c/cmake)
-- Found rosidl_adapter: 3.1.5 (/opt/ros/humble/share/rosidl_adapter/cmake)
-- Found rosidl_generator_cpp: 3.1.5 (/opt/ros/humble/share/rosidl_generator_cpp/cmake)
-- Using all available rosidl_typesupport_c: rosidl_typesupport_fastrtps_c;rosidl_typesupport_introspection_c
-- Using all available rosidl_typesupport_cpp: rosidl_typesupport_fastrtps_cpp;rosidl_typesupport_introspection_cpp
-- Found rmw_implementation_cmake: 6.1.1 (/opt/ros/humble/share/rmw_implementation_cmake/cmake)
-- Found rmw_fastrtps_cpp: 6.2.4 (/opt/ros/humble/share/rmw_fastrtps_cpp/cmake)
-- Found OpenSSL: /usr/lib/x86_64-linux-gnu/libcrypto.so (found version "3.0.2")  
-- Found FastRTPS: /opt/ros/humble/include  
-- Using RMW implementation 'rmw_fastrtps_cpp' as default
-- Looking for pthread.h
-- Looking for pthread.h - found
-- Performing Test CMAKE_HAVE_LIBC_PTHREAD
-- Performing Test CMAKE_HAVE_LIBC_PTHREAD - Success
-- Found Threads: TRUE  
-- Found rosidl_default_generators: 1.2.0 (/opt/ros/humble/share/rosidl_default_generators/cmake)
-- Found rclcpp_components: 16.0.6 (/opt/ros/humble/share/rclcpp_components/cmake)
-- Found Boost: /usr/lib/x86_64-linux-gnu/cmake/Boost-1.74.0/BoostConfig.cmake (found version "1.74.0") found components: thread 
-- Found ament_cmake_ros: 0.10.0 (/opt/ros/humble/share/ament_cmake_ros/cmake)
-- Using all available rosidl_typesupport_c: rosidl_typesupport_fastrtps_c;rosidl_typesupport_introspection_c
-- Using all available rosidl_typesupport_cpp: rosidl_typesupport_fastrtps_cpp;rosidl_typesupport_introspection_cpp
-- Found PythonInterp: /usr/bin/python3 (found suitable version "3.10.12", minimum required is "3.6") 
-- Found python_cmake_module: 0.10.0 (/opt/ros/humble/share/python_cmake_module/cmake)
-- Found PythonLibs: /usr/lib/x86_64-linux-gnu/libpython3.10.so (found suitable version "3.10.12", minimum required is "3.5") 
-- Using PYTHON_EXECUTABLE: /usr/bin/python3
-- Using PYTHON_INCLUDE_DIRS: /usr/include/python3.10
-- Using PYTHON_LIBRARIES: /usr/lib/x86_64-linux-gnu/libpython3.10.so
-- Found PythonExtra: .so  
-- Found ament_lint_auto: 0.12.8 (/opt/ros/humble/share/ament_lint_auto/cmake)
-- Added test 'cppcheck' to perform static code analysis on C / C++ code
-- Configured cppcheck include dirs: /home/yumasgmt/ros2_ws/src/can_plugins2/include
-- Configured cppcheck exclude dirs and/or files: 
-- Added test 'lint_cmake' to check CMake code style
-- Added test 'uncrustify' to check C / C++ code style
-- Configured uncrustify additional arguments: 
-- Added test 'xmllint' to check XML markup files
-- Configuring done
-- Generating done
-- Build files have been written to: /home/yumasgmt/ros2_ws/build/can_plugins2
[  3%] [34m[1mGenerating C code for ROS interfaces[0m
[  6%] [34m[1mGenerating C++ code for ROS interfaces[0m
[  6%] Built target ament_cmake_python_copy_can_plugins2
[  6%] Built target can_plugins2__cpp
[  9%] [34m[1mGenerating C++ type support for eProsima Fast-RTPS[0m
[ 12%] [34m[1mGenerating C++ type support dispatch for ROS interfaces[0m
running egg_info
creating can_plugins2.egg-info
writing can_plugins2.egg-info/PKG-INFO
writing dependency_links to can_plugins2.egg-info/dependency_links.txt
writing top-level names to can_plugins2.egg-info/top_level.txt
writing manifest file 'can_plugins2.egg-info/SOURCES.txt'
reading manifest file 'can_plugins2.egg-info/SOURCES.txt'
writing manifest file 'can_plugins2.egg-info/SOURCES.txt'
[ 12%] Built target ament_cmake_python_build_can_plugins2_egg
[ 15%] [34m[1mGenerating C++ introspection for ROS interfaces[0m
[ 18%] [32mBuilding C object CMakeFiles/can_plugins2__rosidl_generator_c.dir/rosidl_generator_c/can_plugins2/msg/detail/frame__functions.c.o[0m
[ 21%] [32m[1mLinking C shared library libcan_plugins2__rosidl_generator_c.so[0m
[ 24%] [32mBuilding CXX object CMakeFiles/can_plugins2__rosidl_typesupport_cpp.dir/rosidl_typesupport_cpp/can_plugins2/msg/frame__type_support.cpp.o[0m
[ 24%] Built target can_plugins2__rosidl_generator_c
[ 27%] [34m[1mGenerating C type support for eProsima Fast-RTPS[0m
[ 30%] [32mBuilding CXX object CMakeFiles/can_plugins2__rosidl_typesupport_fastrtps_cpp.dir/rosidl_typesupport_fastrtps_cpp/can_plugins2/msg/detail/dds_fastrtps/frame__type_support.cpp.o[0m
[ 33%] [32mBuilding CXX object CMakeFiles/can_plugins2__rosidl_typesupport_introspection_cpp.dir/rosidl_typesupport_introspection_cpp/can_plugins2/msg/detail/frame__type_support.cpp.o[0m
[ 36%] [32m[1mLinking CXX shared library libcan_plugins2__rosidl_typesupport_cpp.so[0m
[ 36%] Built target can_plugins2__rosidl_typesupport_cpp
[ 39%] [34m[1mGenerating C introspection for ROS interfaces[0m
[ 42%] [32mBuilding CXX object CMakeFiles/can_plugins2__rosidl_typesupport_fastrtps_c.dir/rosidl_typesupport_fastrtps_c/can_plugins2/msg/detail/frame__type_support_c.cpp.o[0m
[ 45%] [32m[1mLinking CXX shared library libcan_plugins2__rosidl_typesupport_introspection_cpp.so[0m
[ 48%] [32m[1mLinking CXX shared library libcan_plugins2__rosidl_typesupport_fastrtps_cpp.so[0m
[ 51%] [32mBuilding C object CMakeFiles/can_plugins2__rosidl_typesupport_introspection_c.dir/rosidl_typesupport_introspection_c/can_plugins2/msg/detail/frame__type_support.c.o[0m
[ 51%] Built target can_plugins2__rosidl_typesupport_introspection_cpp
[ 51%] Built target can_plugins2__rosidl_typesupport_fastrtps_cpp
[ 54%] [34m[1mGenerating C type support dispatch for ROS interfaces[0m
[ 57%] [32m[1mLinking C shared library libcan_plugins2__rosidl_typesupport_introspection_c.so[0m
[ 60%] [32mBuilding CXX object CMakeFiles/slcan_bridge.dir/src/slcan_bridge.cpp.o[0m
[ 60%] Built target can_plugins2__rosidl_typesupport_introspection_c
[ 63%] [32m[1mLinking CXX shared library libcan_plugins2__rosidl_typesupport_fastrtps_c.so[0m
[ 66%] [32mBuilding CXX object CMakeFiles/can_plugins2__rosidl_typesupport_c.dir/rosidl_typesupport_c/can_plugins2/msg/frame__type_support.cpp.o[0m
[ 66%] Built target can_plugins2__rosidl_typesupport_fastrtps_c
[ 69%] [32m[1mLinking CXX shared library libcan_plugins2__rosidl_typesupport_c.so[0m
[ 69%] Built target can_plugins2__rosidl_typesupport_c
[ 69%] Built target can_plugins2
[ 72%] [34m[1mGenerating Python code for ROS interfaces[0m
[ 72%] Built target can_plugins2__py
[ 75%] [32mBuilding C object CMakeFiles/can_plugins2__rosidl_generator_py.dir/rosidl_generator_py/can_plugins2/msg/_frame_s.c.o[0m
[ 78%] [32m[1mLinking C shared library rosidl_generator_py/can_plugins2/libcan_plugins2__rosidl_generator_py.so[0m
[ 78%] Built target can_plugins2__rosidl_generator_py
[ 81%] [32mBuilding C object CMakeFiles/can_plugins2__rosidl_typesupport_c__pyext.dir/rosidl_generator_py/can_plugins2/_can_plugins2_s.ep.rosidl_typesupport_c.c.o[0m
[ 84%] [32mBuilding C object CMakeFiles/can_plugins2__rosidl_typesupport_fastrtps_c__pyext.dir/rosidl_generator_py/can_plugins2/_can_plugins2_s.ep.rosidl_typesupport_fastrtps_c.c.o[0m
[ 87%] [32mBuilding C object CMakeFiles/can_plugins2__rosidl_typesupport_introspection_c__pyext.dir/rosidl_generator_py/can_plugins2/_can_plugins2_s.ep.rosidl_typesupport_introspection_c.c.o[0m
[ 90%] [32m[1mLinking C shared library rosidl_generator_py/can_plugins2/can_plugins2_s__rosidl_typesupport_c.cpython-310-x86_64-linux-gnu.so[0m
[ 93%] [32m[1mLinking C shared library rosidl_generator_py/can_plugins2/can_plugins2_s__rosidl_typesupport_introspection_c.cpython-310-x86_64-linux-gnu.so[0m
[ 96%] [32m[1mLinking C shared library rosidl_generator_py/can_plugins2/can_plugins2_s__rosidl_typesupport_fastrtps_c.cpython-310-x86_64-linux-gnu.so[0m
[ 96%] Built target can_plugins2__rosidl_typesupport_fastrtps_c__pyext
[ 96%] Built target can_plugins2__rosidl_typesupport_introspection_c__pyext
[ 96%] Built target can_plugins2__rosidl_typesupport_c__pyext
[100%] [32m[1mLinking CXX shared library libslcan_bridge.so[0m
[100%] Built target slcan_bridge
-- Install configuration: ""
-- Installing: /home/yumasgmt/ros2_ws/install/can_plugins2/share/ament_index/resource_index/rosidl_interfaces/can_plugins2
-- Installing: /home/yumasgmt/ros2_ws/install/can_plugins2/include/can_plugins2/can_plugins2
-- Installing: /home/yumasgmt/ros2_ws/install/can_plugins2/include/can_plugins2/can_plugins2/msg
-- Installing: /home/yumasgmt/ros2_ws/install/can_plugins2/include/can_plugins2/can_plugins2/msg/frame.h
-- Installing: /home/yumasgmt/ros2_ws/install/can_plugins2/include/can_plugins2/can_plugins2/msg/rosidl_generator_c__visibility_control.h
-- Installing: /home/yumasgmt/ros2_ws/install/can_plugins2/include/can_plugins2/can_plugins2/msg/detail
-- Installing: /home/yumasgmt/ros2_ws/install/can_plugins2/include/can_plugins2/can_plugins2/msg/detail/frame__functions.h
-- Installing: /home/yumasgmt/ros2_ws/install/can_plugins2/include/can_plugins2/can_plugins2/msg/detail/frame__type_support.h
-- Installing: /home/yumasgmt/ros2_ws/install/can_plugins2/include/can_plugins2/can_plugins2/msg/detail/frame__struct.h
-- Installing: /home/yumasgmt/ros2_ws/install/can_plugins2/include/can_plugins2/can_plugins2/msg/detail/frame__functions.c
-- Installing: /home/yumasgmt/ros2_ws/install/can_plugins2/share/can_plugins2/environment/library_path.sh
-- Installing: /home/yumasgmt/ros2_ws/install/can_plugins2/share/can_plugins2/environment/library_path.dsv
-- Installing: /home/yumasgmt/ros2_ws/install/can_plugins2/lib/libcan_plugins2__rosidl_generator_c.so
-- Set runtime path of "/home/yumasgmt/ros2_ws/install/can_plugins2/lib/libcan_plugins2__rosidl_generator_c.so" to ""
-- Up-to-date: /home/yumasgmt/ros2_ws/install/can_plugins2/include/can_plugins2/can_plugins2
-- Up-to-date: /home/yumasgmt/ros2_ws/install/can_plugins2/include/can_plugins2/can_plugins2/msg
-- Installing: /home/yumasgmt/ros2_ws/install/can_plugins2/include/can_plugins2/can_plugins2/msg/rosidl_typesupport_fastrtps_c__visibility_control.h
-- Up-to-date: /home/yumasgmt/ros2_ws/install/can_plugins2/include/can_plugins2/can_plugins2/msg/detail
-- Installing: /home/yumasgmt/ros2_ws/install/can_plugins2/include/can_plugins2/can_plugins2/msg/detail/frame__rosidl_typesupport_fastrtps_c.h
-- Installing: /home/yumasgmt/ros2_ws/install/can_plugins2/lib/libcan_plugins2__rosidl_typesupport_fastrtps_c.so
-- Set runtime path of "/home/yumasgmt/ros2_ws/install/can_plugins2/lib/libcan_plugins2__rosidl_typesupport_fastrtps_c.so" to ""
-- Up-to-date: /home/yumasgmt/ros2_ws/install/can_plugins2/include/can_plugins2/can_plugins2
-- Up-to-date: /home/yumasgmt/ros2_ws/install/can_plugins2/include/can_plugins2/can_plugins2/msg
-- Installing: /home/yumasgmt/ros2_ws/install/can_plugins2/include/can_plugins2/can_plugins2/msg/frame.hpp
-- Up-to-date: /home/yumasgmt/ros2_ws/install/can_plugins2/include/can_plugins2/can_plugins2/msg/detail
-- Installing: /home/yumasgmt/ros2_ws/install/can_plugins2/include/can_plugins2/can_plugins2/msg/detail/frame__traits.hpp
-- Installing: /home/yumasgmt/ros2_ws/install/can_plugins2/include/can_plugins2/can_plugins2/msg/detail/frame__struct.hpp
-- Installing: /home/yumasgmt/ros2_ws/install/can_plugins2/include/can_plugins2/can_plugins2/msg/detail/frame__builder.hpp
-- Up-to-date: /home/yumasgmt/ros2_ws/install/can_plugins2/include/can_plugins2/can_plugins2
-- Up-to-date: /home/yumasgmt/ros2_ws/install/can_plugins2/include/can_plugins2/can_plugins2/msg
-- Installing: /home/yumasgmt/ros2_ws/install/can_plugins2/include/can_plugins2/can_plugins2/msg/rosidl_typesupport_fastrtps_cpp__visibility_control.h
-- Up-to-date: /home/yumasgmt/ros2_ws/install/can_plugins2/include/can_plugins2/can_plugins2/msg/detail
-- Installing: /home/yumasgmt/ros2_ws/install/can_plugins2/include/can_plugins2/can_plugins2/msg/detail/dds_fastrtps
-- Installing: /home/yumasgmt/ros2_ws/install/can_plugins2/include/can_plugins2/can_plugins2/msg/detail/frame__rosidl_typesupport_fastrtps_cpp.hpp
-- Installing: /home/yumasgmt/ros2_ws/install/can_plugins2/lib/libcan_plugins2__rosidl_typesupport_fastrtps_cpp.so
-- Set runtime path of "/home/yumasgmt/ros2_ws/install/can_plugins2/lib/libcan_plugins2__rosidl_typesupport_fastrtps_cpp.so" to ""
-- Up-to-date: /home/yumasgmt/ros2_ws/install/can_plugins2/include/can_plugins2/can_plugins2
-- Up-to-date: /home/yumasgmt/ros2_ws/install/can_plugins2/include/can_plugins2/can_plugins2/msg
-- Installing: /home/yumasgmt/ros2_ws/install/can_plugins2/include/can_plugins2/can_plugins2/msg/rosidl_typesupport_introspection_c__visibility_control.h
-- Up-to-date: /home/yumasgmt/ros2_ws/install/can_plugins2/include/can_plugins2/can_plugins2/msg/detail
-- Installing: /home/yumasgmt/ros2_ws/install/can_plugins2/include/can_plugins2/can_plugins2/msg/detail/frame__type_support.c
-- Installing: /home/yumasgmt/ros2_ws/install/can_plugins2/include/can_plugins2/can_plugins2/msg/detail/frame__rosidl_typesupport_introspection_c.h
-- Installing: /home/yumasgmt/ros2_ws/install/can_plugins2/lib/libcan_plugins2__rosidl_typesupport_introspection_c.so
-- Set runtime path of "/home/yumasgmt/ros2_ws/install/can_plugins2/lib/libcan_plugins2__rosidl_typesupport_introspection_c.so" to ""
-- Installing: /home/yumasgmt/ros2_ws/install/can_plugins2/lib/libcan_plugins2__rosidl_typesupport_c.so
-- Set runtime path of "/home/yumasgmt/ros2_ws/install/can_plugins2/lib/libcan_plugins2__rosidl_typesupport_c.so" to ""
-- Up-to-date: /home/yumasgmt/ros2_ws/install/can_plugins2/include/can_plugins2/can_plugins2
-- Up-to-date: /home/yumasgmt/ros2_ws/install/can_plugins2/include/can_plugins2/can_plugins2/msg
-- Up-to-date: /home/yumasgmt/ros2_ws/install/can_plugins2/include/can_plugins2/can_plugins2/msg/detail
-- Installing: /home/yumasgmt/ros2_ws/install/can_plugins2/include/can_plugins2/can_plugins2/msg/detail/frame__type_support.cpp
-- Installing: /home/yumasgmt/ros2_ws/install/can_plugins2/include/can_plugins2/can_plugins2/msg/detail/frame__rosidl_typesupport_introspection_cpp.hpp
-- Installing: /home/yumasgmt/ros2_ws/install/can_plugins2/lib/libcan_plugins2__rosidl_typesupport_introspection_cpp.so
-- Set runtime path of "/home/yumasgmt/ros2_ws/install/can_plugins2/lib/libcan_plugins2__rosidl_typesupport_introspection_cpp.so" to ""
-- Installing: /home/yumasgmt/ros2_ws/install/can_plugins2/lib/libcan_plugins2__rosidl_typesupport_cpp.so
-- Set runtime path of "/home/yumasgmt/ros2_ws/install/can_plugins2/lib/libcan_plugins2__rosidl_typesupport_cpp.so" to ""
-- Installing: /home/yumasgmt/ros2_ws/install/can_plugins2/share/can_plugins2/environment/pythonpath.sh
-- Installing: /home/yumasgmt/ros2_ws/install/can_plugins2/share/can_plugins2/environment/pythonpath.dsv
-- Installing: /home/yumasgmt/ros2_ws/install/can_plugins2/local/lib/python3.10/dist-packages/can_plugins2-0.0.1-py3.10.egg-info
-- Installing: /home/yumasgmt/ros2_ws/install/can_plugins2/local/lib/python3.10/dist-packages/can_plugins2-0.0.1-py3.10.egg-info/top_level.txt
-- Installing: /home/yumasgmt/ros2_ws/install/can_plugins2/local/lib/python3.10/dist-packages/can_plugins2-0.0.1-py3.10.egg-info/dependency_links.txt
-- Installing: /home/yumasgmt/ros2_ws/install/can_plugins2/local/lib/python3.10/dist-packages/can_plugins2-0.0.1-py3.10.egg-info/SOURCES.txt
-- Installing: /home/yumasgmt/ros2_ws/install/can_plugins2/local/lib/python3.10/dist-packages/can_plugins2-0.0.1-py3.10.egg-info/PKG-INFO
-- Installing: /home/yumasgmt/ros2_ws/install/can_plugins2/local/lib/python3.10/dist-packages/can_plugins2
-- Installing: /home/yumasgmt/ros2_ws/install/can_plugins2/local/lib/python3.10/dist-packages/can_plugins2/can_plugins2_s__rosidl_typesupport_introspection_c.cpython-310-x86_64-linux-gnu.so
-- Installing: /home/yumasgmt/ros2_ws/install/can_plugins2/local/lib/python3.10/dist-packages/can_plugins2/_can_plugins2_s.ep.rosidl_typesupport_introspection_c.c
-- Installing: /home/yumasgmt/ros2_ws/install/can_plugins2/local/lib/python3.10/dist-packages/can_plugins2/msg
-- Installing: /home/yumasgmt/ros2_ws/install/can_plugins2/local/lib/python3.10/dist-packages/can_plugins2/msg/_frame_s.c
-- Installing: /home/yumasgmt/ros2_ws/install/can_plugins2/local/lib/python3.10/dist-packages/can_plugins2/msg/_frame.py
-- Installing: /home/yumasgmt/ros2_ws/install/can_plugins2/local/lib/python3.10/dist-packages/can_plugins2/msg/__init__.py
-- Installing: /home/yumasgmt/ros2_ws/install/can_plugins2/local/lib/python3.10/dist-packages/can_plugins2/_can_plugins2_s.ep.rosidl_typesupport_fastrtps_c.c
-- Installing: /home/yumasgmt/ros2_ws/install/can_plugins2/local/lib/python3.10/dist-packages/can_plugins2/can_plugins2_s__rosidl_typesupport_fastrtps_c.cpython-310-x86_64-linux-gnu.so
-- Installing: /home/yumasgmt/ros2_ws/install/can_plugins2/local/lib/python3.10/dist-packages/can_plugins2/__init__.py
-- Installing: /home/yumasgmt/ros2_ws/install/can_plugins2/local/lib/python3.10/dist-packages/can_plugins2/_can_plugins2_s.ep.rosidl_typesupport_c.c
-- Installing: /home/yumasgmt/ros2_ws/install/can_plugins2/local/lib/python3.10/dist-packages/can_plugins2/libcan_plugins2__rosidl_generator_py.so
-- Installing: /home/yumasgmt/ros2_ws/install/can_plugins2/local/lib/python3.10/dist-packages/can_plugins2/can_plugins2_s__rosidl_typesupport_c.cpython-310-x86_64-linux-gnu.so
Listing '/home/yumasgmt/ros2_ws/install/can_plugins2/local/lib/python3.10/dist-packages/can_plugins2'...
Compiling '/home/yumasgmt/ros2_ws/install/can_plugins2/local/lib/python3.10/dist-packages/can_plugins2/__init__.py'...
Listing '/home/yumasgmt/ros2_ws/install/can_plugins2/local/lib/python3.10/dist-packages/can_plugins2/msg'...
Compiling '/home/yumasgmt/ros2_ws/install/can_plugins2/local/lib/python3.10/dist-packages/can_plugins2/msg/__init__.py'...
Compiling '/home/yumasgmt/ros2_ws/install/can_plugins2/local/lib/python3.10/dist-packages/can_plugins2/msg/_frame.py'...
-- Installing: /home/yumasgmt/ros2_ws/install/can_plugins2/local/lib/python3.10/dist-packages/can_plugins2/can_plugins2_s__rosidl_typesupport_fastrtps_c.cpython-310-x86_64-linux-gnu.so
-- Set runtime path of "/home/yumasgmt/ros2_ws/install/can_plugins2/local/lib/python3.10/dist-packages/can_plugins2/can_plugins2_s__rosidl_typesupport_fastrtps_c.cpython-310-x86_64-linux-gnu.so" to ""
-- Installing: /home/yumasgmt/ros2_ws/install/can_plugins2/local/lib/python3.10/dist-packages/can_plugins2/can_plugins2_s__rosidl_typesupport_introspection_c.cpython-310-x86_64-linux-gnu.so
-- Set runtime path of "/home/yumasgmt/ros2_ws/install/can_plugins2/local/lib/python3.10/dist-packages/can_plugins2/can_plugins2_s__rosidl_typesupport_introspection_c.cpython-310-x86_64-linux-gnu.so" to ""
-- Installing: /home/yumasgmt/ros2_ws/install/can_plugins2/local/lib/python3.10/dist-packages/can_plugins2/can_plugins2_s__rosidl_typesupport_c.cpython-310-x86_64-linux-gnu.so
-- Set runtime path of "/home/yumasgmt/ros2_ws/install/can_plugins2/local/lib/python3.10/dist-packages/can_plugins2/can_plugins2_s__rosidl_typesupport_c.cpython-310-x86_64-linux-gnu.so" to ""
-- Installing: /home/yumasgmt/ros2_ws/install/can_plugins2/lib/libcan_plugins2__rosidl_generator_py.so
-- Set runtime path of "/home/yumasgmt/ros2_ws/install/can_plugins2/lib/libcan_plugins2__rosidl_generator_py.so" to ""
-- Installing: /home/yumasgmt/ros2_ws/install/can_plugins2/share/can_plugins2/msg/Frame.idl
-- Installing: /home/yumasgmt/ros2_ws/install/can_plugins2/share/can_plugins2/msg/Frame.msg
-- Up-to-date: /home/yumasgmt/ros2_ws/install/can_plugins2/include
-- Installing: /home/yumasgmt/ros2_ws/install/can_plugins2/include/can_utils.hpp
-- Installing: /home/yumasgmt/ros2_ws/install/can_plugins2/include/cobs.hpp
-- Installing: /home/yumasgmt/ros2_ws/install/can_plugins2/include/slcan_bridge.hpp
-- Installing: /home/yumasgmt/ros2_ws/install/can_plugins2/include/safe_array.hpp
-- Installing: /home/yumasgmt/ros2_ws/install/can_plugins2/include/test.hpp
-- Installing: /home/yumasgmt/ros2_ws/install/can_plugins2/lib/libslcan_bridge.so
-- Set runtime path of "/home/yumasgmt/ros2_ws/install/can_plugins2/lib/libslcan_bridge.so" to ""
-- Installing: /home/yumasgmt/ros2_ws/install/can_plugins2/share/can_plugins2/launch
-- Installing: /home/yumasgmt/ros2_ws/install/can_plugins2/share/can_plugins2/launch/slcan_bridge_launch.xml
-- Installing: /home/yumasgmt/ros2_ws/install/can_plugins2/share/can_plugins2/launch/bufferd_slcan_bridge_launch.xml
-- Installing: /home/yumasgmt/ros2_ws/install/can_plugins2/share/ament_index/resource_index/package_run_dependencies/can_plugins2
-- Installing: /home/yumasgmt/ros2_ws/install/can_plugins2/share/ament_index/resource_index/parent_prefix_path/can_plugins2
-- Installing: /home/yumasgmt/ros2_ws/install/can_plugins2/share/can_plugins2/environment/ament_prefix_path.sh
-- Installing: /home/yumasgmt/ros2_ws/install/can_plugins2/share/can_plugins2/environment/ament_prefix_path.dsv
-- Installing: /home/yumasgmt/ros2_ws/install/can_plugins2/share/can_plugins2/environment/path.sh
-- Installing: /home/yumasgmt/ros2_ws/install/can_plugins2/share/can_plugins2/environment/path.dsv
-- Installing: /home/yumasgmt/ros2_ws/install/can_plugins2/share/can_plugins2/local_setup.bash
-- Installing: /home/yumasgmt/ros2_ws/install/can_plugins2/share/can_plugins2/local_setup.sh
-- Installing: /home/yumasgmt/ros2_ws/install/can_plugins2/share/can_plugins2/local_setup.zsh
-- Installing: /home/yumasgmt/ros2_ws/install/can_plugins2/share/can_plugins2/local_setup.dsv
-- Installing: /home/yumasgmt/ros2_ws/install/can_plugins2/share/can_plugins2/package.dsv
-- Installing: /home/yumasgmt/ros2_ws/install/can_plugins2/share/ament_index/resource_index/packages/can_plugins2
-- Installing: /home/yumasgmt/ros2_ws/install/can_plugins2/share/can_plugins2/cmake/export_can_plugins2__rosidl_generator_cExport.cmake
-- Installing: /home/yumasgmt/ros2_ws/install/can_plugins2/share/can_plugins2/cmake/export_can_plugins2__rosidl_generator_cExport-noconfig.cmake
-- Installing: /home/yumasgmt/ros2_ws/install/can_plugins2/share/can_plugins2/cmake/export_can_plugins2__rosidl_typesupport_fastrtps_cExport.cmake
-- Installing: /home/yumasgmt/ros2_ws/install/can_plugins2/share/can_plugins2/cmake/export_can_plugins2__rosidl_typesupport_fastrtps_cExport-noconfig.cmake
-- Installing: /home/yumasgmt/ros2_ws/install/can_plugins2/share/can_plugins2/cmake/export_can_plugins2__rosidl_generator_cppExport.cmake
-- Installing: /home/yumasgmt/ros2_ws/install/can_plugins2/share/can_plugins2/cmake/export_can_plugins2__rosidl_typesupport_fastrtps_cppExport.cmake
-- Installing: /home/yumasgmt/ros2_ws/install/can_plugins2/share/can_plugins2/cmake/export_can_plugins2__rosidl_typesupport_fastrtps_cppExport-noconfig.cmake
-- Installing: /home/yumasgmt/ros2_ws/install/can_plugins2/share/can_plugins2/cmake/can_plugins2__rosidl_typesupport_introspection_cExport.cmake
-- Installing: /home/yumasgmt/ros2_ws/install/can_plugins2/share/can_plugins2/cmake/can_plugins2__rosidl_typesupport_introspection_cExport-noconfig.cmake
-- Installing: /home/yumasgmt/ros2_ws/install/can_plugins2/share/can_plugins2/cmake/can_plugins2__rosidl_typesupport_cExport.cmake
-- Installing: /home/yumasgmt/ros2_ws/install/can_plugins2/share/can_plugins2/cmake/can_plugins2__rosidl_typesupport_cExport-noconfig.cmake
-- Installing: /home/yumasgmt/ros2_ws/install/can_plugins2/share/can_plugins2/cmake/can_plugins2__rosidl_typesupport_introspection_cppExport.cmake
-- Installing: /home/yumasgmt/ros2_ws/install/can_plugins2/share/can_plugins2/cmake/can_plugins2__rosidl_typesupport_introspection_cppExport-noconfig.cmake
-- Installing: /home/yumasgmt/ros2_ws/install/can_plugins2/share/can_plugins2/cmake/can_plugins2__rosidl_typesupport_cppExport.cmake
-- Installing: /home/yumasgmt/ros2_ws/install/can_plugins2/share/can_plugins2/cmake/can_plugins2__rosidl_typesupport_cppExport-noconfig.cmake
-- Installing: /home/yumasgmt/ros2_ws/install/can_plugins2/share/can_plugins2/cmake/export_can_plugins2__rosidl_generator_pyExport.cmake
-- Installing: /home/yumasgmt/ros2_ws/install/can_plugins2/share/can_plugins2/cmake/export_can_plugins2__rosidl_generator_pyExport-noconfig.cmake
-- Installing: /home/yumasgmt/ros2_ws/install/can_plugins2/share/ament_index/resource_index/rclcpp_components/can_plugins2
-- Installing: /home/yumasgmt/ros2_ws/install/can_plugins2/share/can_plugins2/cmake/rosidl_cmake-extras.cmake
-- Installing: /home/yumasgmt/ros2_ws/install/can_plugins2/share/can_plugins2/cmake/ament_cmake_export_dependencies-extras.cmake
-- Installing: /home/yumasgmt/ros2_ws/install/can_plugins2/share/can_plugins2/cmake/ament_cmake_export_include_directories-extras.cmake
-- Installing: /home/yumasgmt/ros2_ws/install/can_plugins2/share/can_plugins2/cmake/ament_cmake_export_libraries-extras.cmake
-- Installing: /home/yumasgmt/ros2_ws/install/can_plugins2/share/can_plugins2/cmake/ament_cmake_export_targets-extras.cmake
-- Installing: /home/yumasgmt/ros2_ws/install/can_plugins2/share/can_plugins2/cmake/rosidl_cmake_export_typesupport_targets-extras.cmake
-- Installing: /home/yumasgmt/ros2_ws/install/can_plugins2/share/can_plugins2/cmake/rosidl_cmake_export_typesupport_libraries-extras.cmake
-- Installing: /home/yumasgmt/ros2_ws/install/can_plugins2/share/can_plugins2/cmake/can_plugins2Config.cmake
-- Installing: /home/yumasgmt/ros2_ws/install/can_plugins2/share/can_plugins2/cmake/can_plugins2Config-version.cmake
-- Installing: /home/yumasgmt/ros2_ws/install/can_plugins2/share/can_plugins2/package.xml
