[0.221s] Invoking command in '/home/yumasgmt/ros2_ws/build/can_plugins2': CMAKE_PREFIX_PATH=/opt/ros/humble /usr/bin/cmake /home/yumasgmt/ros2_ws/src/can_plugins2 -DCMAKE_INSTALL_PREFIX=/home/yumasgmt/ros2_ws/install/can_plugins2
[0.422s] -- The C compiler identification is GNU 11.4.0
[1.358s] -- The CXX compiler identification is GNU 11.4.0
[1.765s] -- Detecting C compiler ABI info
[2.155s] -- Detecting C compiler ABI info - done
[2.176s] -- Check for working C compiler: /usr/bin/cc - skipped
[2.180s] -- Detecting C compile features
[2.180s] -- Detecting C compile features - done
[2.187s] -- Detecting CXX compiler ABI info
[2.662s] -- Detecting CXX compiler ABI info - done
[2.690s] -- Check for working CXX compiler: /usr/bin/c++ - skipped
[2.693s] -- Detecting CXX compile features
[2.694s] -- Detecting CXX compile features - done
[2.697s] -- Found ament_cmake: 1.3.5 (/opt/ros/humble/share/ament_cmake/cmake)
[3.417s] -- Found Python3: /usr/bin/python3.10 (found version "3.10.12") found components: Interpreter 
[3.701s] -- Found rclcpp: 16.0.6 (/opt/ros/humble/share/rclcpp/cmake)
[4.109s] -- Found rosidl_generator_c: 3.1.5 (/opt/ros/humble/share/rosidl_generator_c/cmake)
[4.117s] -- Found rosidl_adapter: 3.1.5 (/opt/ros/humble/share/rosidl_adapter/cmake)
[4.140s] -- Found rosidl_generator_cpp: 3.1.5 (/opt/ros/humble/share/rosidl_generator_cpp/cmake)
[4.187s] -- Using all available rosidl_typesupport_c: rosidl_typesupport_fastrtps_c;rosidl_typesupport_introspection_c
[4.253s] -- Using all available rosidl_typesupport_cpp: rosidl_typesupport_fastrtps_cpp;rosidl_typesupport_introspection_cpp
[4.506s] -- Found rmw_implementation_cmake: 6.1.1 (/opt/ros/humble/share/rmw_implementation_cmake/cmake)
[4.513s] -- Found rmw_fastrtps_cpp: 6.2.4 (/opt/ros/humble/share/rmw_fastrtps_cpp/cmake)
[6.223s] -- Found OpenSSL: /usr/lib/x86_64-linux-gnu/libcrypto.so (found version "3.0.2")  
[7.440s] -- Found FastRTPS: /opt/ros/humble/include  
[10.905s] -- Using RMW implementation 'rmw_fastrtps_cpp' as default
[10.940s] -- Looking for pthread.h
[11.269s] -- Looking for pthread.h - found
[11.269s] -- Performing Test CMAKE_HAVE_LIBC_PTHREAD
[11.669s] -- Performing Test CMAKE_HAVE_LIBC_PTHREAD - Success
[11.674s] -- Found Threads: TRUE  
[12.375s] -- Found rosidl_default_generators: 1.2.0 (/opt/ros/humble/share/rosidl_default_generators/cmake)
[12.421s] -- Found rclcpp_components: 16.0.6 (/opt/ros/humble/share/rclcpp_components/cmake)
[12.667s] -- Found Boost: /usr/lib/x86_64-linux-gnu/cmake/Boost-1.74.0/BoostConfig.cmake (found version "1.74.0") found components: thread 
[13.770s] -- Found ament_cmake_ros: 0.10.0 (/opt/ros/humble/share/ament_cmake_ros/cmake)
[15.007s] -- Using all available rosidl_typesupport_c: rosidl_typesupport_fastrtps_c;rosidl_typesupport_introspection_c
[15.371s] -- Using all available rosidl_typesupport_cpp: rosidl_typesupport_fastrtps_cpp;rosidl_typesupport_introspection_cpp
[15.691s] -- Found PythonInterp: /usr/bin/python3 (found suitable version "3.10.12", minimum required is "3.6") 
[15.693s] -- Found python_cmake_module: 0.10.0 (/opt/ros/humble/share/python_cmake_module/cmake)
[16.561s] -- Found PythonLibs: /usr/lib/x86_64-linux-gnu/libpython3.10.so (found suitable version "3.10.12", minimum required is "3.5") 
[16.561s] -- Using PYTHON_EXECUTABLE: /usr/bin/python3
[16.561s] -- Using PYTHON_INCLUDE_DIRS: /usr/include/python3.10
[16.562s] -- Using PYTHON_LIBRARIES: /usr/lib/x86_64-linux-gnu/libpython3.10.so
[16.668s] -- Found PythonExtra: .so  
[16.970s] -- Found ament_lint_auto: 0.12.8 (/opt/ros/humble/share/ament_lint_auto/cmake)
[17.007s] -- Added test 'cppcheck' to perform static code analysis on C / C++ code
[17.010s] -- Configured cppcheck include dirs: /home/yumasgmt/ros2_ws/src/can_plugins2/include
[17.010s] -- Configured cppcheck exclude dirs and/or files: 
[17.013s] -- Added test 'lint_cmake' to check CMake code style
[17.020s] -- Added test 'uncrustify' to check C / C++ code style
[17.021s] -- Configured uncrustify additional arguments: 
[17.022s] -- Added test 'xmllint' to check XML markup files
[17.030s] -- Configuring done
[17.157s] -- Generating done
[17.175s] -- Build files have been written to: /home/yumasgmt/ros2_ws/build/can_plugins2
[17.266s] Invoked command in '/home/yumasgmt/ros2_ws/build/can_plugins2' returned '0': CMAKE_PREFIX_PATH=/opt/ros/humble /usr/bin/cmake /home/yumasgmt/ros2_ws/src/can_plugins2 -DCMAKE_INSTALL_PREFIX=/home/yumasgmt/ros2_ws/install/can_plugins2
[17.276s] Invoking command in '/home/yumasgmt/ros2_ws/build/can_plugins2': CMAKE_PREFIX_PATH=/opt/ros/humble /usr/bin/cmake --build /home/yumasgmt/ros2_ws/build/can_plugins2 -- -j4 -l4
[17.462s] [  3%] [34m[1mGenerating C code for ROS interfaces[0m
[17.545s] [  6%] [34m[1mGenerating C++ code for ROS interfaces[0m
[17.545s] [  6%] Built target ament_cmake_python_copy_can_plugins2
[18.371s] [  6%] Built target can_plugins2__cpp
[18.456s] [  9%] [34m[1mGenerating C++ type support for eProsima Fast-RTPS[0m
[18.458s] [ 12%] [34m[1mGenerating C++ type support dispatch for ROS interfaces[0m
[18.572s] running egg_info
[18.574s] creating can_plugins2.egg-info
[18.575s] writing can_plugins2.egg-info/PKG-INFO
[18.575s] writing dependency_links to can_plugins2.egg-info/dependency_links.txt
[18.576s] writing top-level names to can_plugins2.egg-info/top_level.txt
[18.577s] writing manifest file 'can_plugins2.egg-info/SOURCES.txt'
[18.591s] reading manifest file 'can_plugins2.egg-info/SOURCES.txt'
[18.592s] writing manifest file 'can_plugins2.egg-info/SOURCES.txt'
[18.728s] [ 12%] Built target ament_cmake_python_build_can_plugins2_egg
[18.746s] [ 15%] [34m[1mGenerating C++ introspection for ROS interfaces[0m
[18.890s] [ 18%] [32mBuilding C object CMakeFiles/can_plugins2__rosidl_generator_c.dir/rosidl_generator_c/can_plugins2/msg/detail/frame__functions.c.o[0m
[19.109s] [ 21%] [32m[1mLinking C shared library libcan_plugins2__rosidl_generator_c.so[0m
[19.274s] [ 24%] [32mBuilding CXX object CMakeFiles/can_plugins2__rosidl_typesupport_cpp.dir/rosidl_typesupport_cpp/can_plugins2/msg/frame__type_support.cpp.o[0m
[19.428s] [ 24%] Built target can_plugins2__rosidl_generator_c
[19.509s] [ 27%] [34m[1mGenerating C type support for eProsima Fast-RTPS[0m
[19.609s] [ 30%] [32mBuilding CXX object CMakeFiles/can_plugins2__rosidl_typesupport_fastrtps_cpp.dir/rosidl_typesupport_fastrtps_cpp/can_plugins2/msg/detail/dds_fastrtps/frame__type_support.cpp.o[0m
[19.677s] [ 33%] [32mBuilding CXX object CMakeFiles/can_plugins2__rosidl_typesupport_introspection_cpp.dir/rosidl_typesupport_introspection_cpp/can_plugins2/msg/detail/frame__type_support.cpp.o[0m
[20.428s] [ 36%] [32m[1mLinking CXX shared library libcan_plugins2__rosidl_typesupport_cpp.so[0m
[20.757s] [ 36%] Built target can_plugins2__rosidl_typesupport_cpp
[20.787s] [ 39%] [34m[1mGenerating C introspection for ROS interfaces[0m
[20.809s] [ 42%] [32mBuilding CXX object CMakeFiles/can_plugins2__rosidl_typesupport_fastrtps_c.dir/rosidl_typesupport_fastrtps_c/can_plugins2/msg/detail/frame__type_support_c.cpp.o[0m
[21.499s] [ 45%] [32m[1mLinking CXX shared library libcan_plugins2__rosidl_typesupport_introspection_cpp.so[0m
[21.550s] [ 48%] [32m[1mLinking CXX shared library libcan_plugins2__rosidl_typesupport_fastrtps_cpp.so[0m
[22.020s] [ 51%] [32mBuilding C object CMakeFiles/can_plugins2__rosidl_typesupport_introspection_c.dir/rosidl_typesupport_introspection_c/can_plugins2/msg/detail/frame__type_support.c.o[0m
[22.092s] [ 51%] Built target can_plugins2__rosidl_typesupport_introspection_cpp
[22.168s] [ 51%] Built target can_plugins2__rosidl_typesupport_fastrtps_cpp
[22.191s] [ 54%] [34m[1mGenerating C type support dispatch for ROS interfaces[0m
[22.220s] [ 57%] [32m[1mLinking C shared library libcan_plugins2__rosidl_typesupport_introspection_c.so[0m
[22.345s] [ 60%] [32mBuilding CXX object CMakeFiles/slcan_bridge.dir/src/slcan_bridge.cpp.o[0m
[22.509s] [ 60%] Built target can_plugins2__rosidl_typesupport_introspection_c
[22.778s] [ 63%] [32m[1mLinking CXX shared library libcan_plugins2__rosidl_typesupport_fastrtps_c.so[0m
[23.179s] [ 66%] [32mBuilding CXX object CMakeFiles/can_plugins2__rosidl_typesupport_c.dir/rosidl_typesupport_c/can_plugins2/msg/frame__type_support.cpp.o[0m
[23.257s] [ 66%] Built target can_plugins2__rosidl_typesupport_fastrtps_c
[23.265s] [ 69%] [32m[1mLinking CXX shared library libcan_plugins2__rosidl_typesupport_c.so[0m
[23.579s] [ 69%] Built target can_plugins2__rosidl_typesupport_c
[23.691s] [ 69%] Built target can_plugins2
[23.822s] [ 72%] [34m[1mGenerating Python code for ROS interfaces[0m
[25.243s] [ 72%] Built target can_plugins2__py
[25.282s] [ 75%] [32mBuilding C object CMakeFiles/can_plugins2__rosidl_generator_py.dir/rosidl_generator_py/can_plugins2/msg/_frame_s.c.o[0m
[25.583s] [ 78%] [32m[1mLinking C shared library rosidl_generator_py/can_plugins2/libcan_plugins2__rosidl_generator_py.so[0m
[26.061s] [ 78%] Built target can_plugins2__rosidl_generator_py
[26.266s] [ 81%] [32mBuilding C object CMakeFiles/can_plugins2__rosidl_typesupport_c__pyext.dir/rosidl_generator_py/can_plugins2/_can_plugins2_s.ep.rosidl_typesupport_c.c.o[0m
[26.266s] [ 84%] [32mBuilding C object CMakeFiles/can_plugins2__rosidl_typesupport_fastrtps_c__pyext.dir/rosidl_generator_py/can_plugins2/_can_plugins2_s.ep.rosidl_typesupport_fastrtps_c.c.o[0m
[26.287s] [ 87%] [32mBuilding C object CMakeFiles/can_plugins2__rosidl_typesupport_introspection_c__pyext.dir/rosidl_generator_py/can_plugins2/_can_plugins2_s.ep.rosidl_typesupport_introspection_c.c.o[0m
[26.915s] [ 90%] [32m[1mLinking C shared library rosidl_generator_py/can_plugins2/can_plugins2_s__rosidl_typesupport_c.cpython-310-x86_64-linux-gnu.so[0m
[26.975s] [ 93%] [32m[1mLinking C shared library rosidl_generator_py/can_plugins2/can_plugins2_s__rosidl_typesupport_introspection_c.cpython-310-x86_64-linux-gnu.so[0m
[26.976s] [ 96%] [32m[1mLinking C shared library rosidl_generator_py/can_plugins2/can_plugins2_s__rosidl_typesupport_fastrtps_c.cpython-310-x86_64-linux-gnu.so[0m
[27.449s] [ 96%] Built target can_plugins2__rosidl_typesupport_fastrtps_c__pyext
[27.458s] [ 96%] Built target can_plugins2__rosidl_typesupport_introspection_c__pyext
[27.530s] [ 96%] Built target can_plugins2__rosidl_typesupport_c__pyext
[50.497s] [100%] [32m[1mLinking CXX shared library libslcan_bridge.so[0m
[51.454s] [100%] Built target slcan_bridge
[51.470s] Invoked command in '/home/yumasgmt/ros2_ws/build/can_plugins2' returned '0': CMAKE_PREFIX_PATH=/opt/ros/humble /usr/bin/cmake --build /home/yumasgmt/ros2_ws/build/can_plugins2 -- -j4 -l4
[51.572s] Invoking command in '/home/yumasgmt/ros2_ws/build/can_plugins2': CMAKE_PREFIX_PATH=/opt/ros/humble /usr/bin/cmake --install /home/yumasgmt/ros2_ws/build/can_plugins2
[51.586s] -- Install configuration: ""
[51.590s] -- Installing: /home/yumasgmt/ros2_ws/install/can_plugins2/share/ament_index/resource_index/rosidl_interfaces/can_plugins2
[51.590s] -- Installing: /home/yumasgmt/ros2_ws/install/can_plugins2/include/can_plugins2/can_plugins2
[51.594s] -- Installing: /home/yumasgmt/ros2_ws/install/can_plugins2/include/can_plugins2/can_plugins2/msg
[51.595s] -- Installing: /home/yumasgmt/ros2_ws/install/can_plugins2/include/can_plugins2/can_plugins2/msg/frame.h
[51.595s] -- Installing: /home/yumasgmt/ros2_ws/install/can_plugins2/include/can_plugins2/can_plugins2/msg/rosidl_generator_c__visibility_control.h
[51.596s] -- Installing: /home/yumasgmt/ros2_ws/install/can_plugins2/include/can_plugins2/can_plugins2/msg/detail
[51.596s] -- Installing: /home/yumasgmt/ros2_ws/install/can_plugins2/include/can_plugins2/can_plugins2/msg/detail/frame__functions.h
[51.596s] -- Installing: /home/yumasgmt/ros2_ws/install/can_plugins2/include/can_plugins2/can_plugins2/msg/detail/frame__type_support.h
[51.597s] -- Installing: /home/yumasgmt/ros2_ws/install/can_plugins2/include/can_plugins2/can_plugins2/msg/detail/frame__struct.h
[51.597s] -- Installing: /home/yumasgmt/ros2_ws/install/can_plugins2/include/can_plugins2/can_plugins2/msg/detail/frame__functions.c
[51.597s] -- Installing: /home/yumasgmt/ros2_ws/install/can_plugins2/share/can_plugins2/environment/library_path.sh
[51.598s] -- Installing: /home/yumasgmt/ros2_ws/install/can_plugins2/share/can_plugins2/environment/library_path.dsv
[51.599s] -- Installing: /home/yumasgmt/ros2_ws/install/can_plugins2/lib/libcan_plugins2__rosidl_generator_c.so
[51.599s] -- Set runtime path of "/home/yumasgmt/ros2_ws/install/can_plugins2/lib/libcan_plugins2__rosidl_generator_c.so" to ""
[51.600s] -- Up-to-date: /home/yumasgmt/ros2_ws/install/can_plugins2/include/can_plugins2/can_plugins2
[51.601s] -- Up-to-date: /home/yumasgmt/ros2_ws/install/can_plugins2/include/can_plugins2/can_plugins2/msg
[51.601s] -- Installing: /home/yumasgmt/ros2_ws/install/can_plugins2/include/can_plugins2/can_plugins2/msg/rosidl_typesupport_fastrtps_c__visibility_control.h
[51.601s] -- Up-to-date: /home/yumasgmt/ros2_ws/install/can_plugins2/include/can_plugins2/can_plugins2/msg/detail
[51.602s] -- Installing: /home/yumasgmt/ros2_ws/install/can_plugins2/include/can_plugins2/can_plugins2/msg/detail/frame__rosidl_typesupport_fastrtps_c.h
[51.602s] -- Installing: /home/yumasgmt/ros2_ws/install/can_plugins2/lib/libcan_plugins2__rosidl_typesupport_fastrtps_c.so
[51.602s] -- Set runtime path of "/home/yumasgmt/ros2_ws/install/can_plugins2/lib/libcan_plugins2__rosidl_typesupport_fastrtps_c.so" to ""
[51.603s] -- Up-to-date: /home/yumasgmt/ros2_ws/install/can_plugins2/include/can_plugins2/can_plugins2
[51.618s] -- Up-to-date: /home/yumasgmt/ros2_ws/install/can_plugins2/include/can_plugins2/can_plugins2/msg
[51.619s] -- Installing: /home/yumasgmt/ros2_ws/install/can_plugins2/include/can_plugins2/can_plugins2/msg/frame.hpp
[51.619s] -- Up-to-date: /home/yumasgmt/ros2_ws/install/can_plugins2/include/can_plugins2/can_plugins2/msg/detail
[51.619s] -- Installing: /home/yumasgmt/ros2_ws/install/can_plugins2/include/can_plugins2/can_plugins2/msg/detail/frame__traits.hpp
[51.619s] -- Installing: /home/yumasgmt/ros2_ws/install/can_plugins2/include/can_plugins2/can_plugins2/msg/detail/frame__struct.hpp
[51.620s] -- Installing: /home/yumasgmt/ros2_ws/install/can_plugins2/include/can_plugins2/can_plugins2/msg/detail/frame__builder.hpp
[51.620s] -- Up-to-date: /home/yumasgmt/ros2_ws/install/can_plugins2/include/can_plugins2/can_plugins2
[51.620s] -- Up-to-date: /home/yumasgmt/ros2_ws/install/can_plugins2/include/can_plugins2/can_plugins2/msg
[51.621s] -- Installing: /home/yumasgmt/ros2_ws/install/can_plugins2/include/can_plugins2/can_plugins2/msg/rosidl_typesupport_fastrtps_cpp__visibility_control.h
[51.621s] -- Up-to-date: /home/yumasgmt/ros2_ws/install/can_plugins2/include/can_plugins2/can_plugins2/msg/detail
[51.621s] -- Installing: /home/yumasgmt/ros2_ws/install/can_plugins2/include/can_plugins2/can_plugins2/msg/detail/dds_fastrtps
[51.622s] -- Installing: /home/yumasgmt/ros2_ws/install/can_plugins2/include/can_plugins2/can_plugins2/msg/detail/frame__rosidl_typesupport_fastrtps_cpp.hpp
[51.622s] -- Installing: /home/yumasgmt/ros2_ws/install/can_plugins2/lib/libcan_plugins2__rosidl_typesupport_fastrtps_cpp.so
[51.622s] -- Set runtime path of "/home/yumasgmt/ros2_ws/install/can_plugins2/lib/libcan_plugins2__rosidl_typesupport_fastrtps_cpp.so" to ""
[51.622s] -- Up-to-date: /home/yumasgmt/ros2_ws/install/can_plugins2/include/can_plugins2/can_plugins2
[51.623s] -- Up-to-date: /home/yumasgmt/ros2_ws/install/can_plugins2/include/can_plugins2/can_plugins2/msg
[51.623s] -- Installing: /home/yumasgmt/ros2_ws/install/can_plugins2/include/can_plugins2/can_plugins2/msg/rosidl_typesupport_introspection_c__visibility_control.h
[51.623s] -- Up-to-date: /home/yumasgmt/ros2_ws/install/can_plugins2/include/can_plugins2/can_plugins2/msg/detail
[51.624s] -- Installing: /home/yumasgmt/ros2_ws/install/can_plugins2/include/can_plugins2/can_plugins2/msg/detail/frame__type_support.c
[51.624s] -- Installing: /home/yumasgmt/ros2_ws/install/can_plugins2/include/can_plugins2/can_plugins2/msg/detail/frame__rosidl_typesupport_introspection_c.h
[51.625s] -- Installing: /home/yumasgmt/ros2_ws/install/can_plugins2/lib/libcan_plugins2__rosidl_typesupport_introspection_c.so
[51.629s] -- Set runtime path of "/home/yumasgmt/ros2_ws/install/can_plugins2/lib/libcan_plugins2__rosidl_typesupport_introspection_c.so" to ""
[51.629s] -- Installing: /home/yumasgmt/ros2_ws/install/can_plugins2/lib/libcan_plugins2__rosidl_typesupport_c.so
[51.630s] -- Set runtime path of "/home/yumasgmt/ros2_ws/install/can_plugins2/lib/libcan_plugins2__rosidl_typesupport_c.so" to ""
[51.631s] -- Up-to-date: /home/yumasgmt/ros2_ws/install/can_plugins2/include/can_plugins2/can_plugins2
[51.632s] -- Up-to-date: /home/yumasgmt/ros2_ws/install/can_plugins2/include/can_plugins2/can_plugins2/msg
[51.633s] -- Up-to-date: /home/yumasgmt/ros2_ws/install/can_plugins2/include/can_plugins2/can_plugins2/msg/detail
[51.634s] -- Installing: /home/yumasgmt/ros2_ws/install/can_plugins2/include/can_plugins2/can_plugins2/msg/detail/frame__type_support.cpp
[51.634s] -- Installing: /home/yumasgmt/ros2_ws/install/can_plugins2/include/can_plugins2/can_plugins2/msg/detail/frame__rosidl_typesupport_introspection_cpp.hpp
[51.634s] -- Installing: /home/yumasgmt/ros2_ws/install/can_plugins2/lib/libcan_plugins2__rosidl_typesupport_introspection_cpp.so
[51.635s] -- Set runtime path of "/home/yumasgmt/ros2_ws/install/can_plugins2/lib/libcan_plugins2__rosidl_typesupport_introspection_cpp.so" to ""
[51.635s] -- Installing: /home/yumasgmt/ros2_ws/install/can_plugins2/lib/libcan_plugins2__rosidl_typesupport_cpp.so
[51.635s] -- Set runtime path of "/home/yumasgmt/ros2_ws/install/can_plugins2/lib/libcan_plugins2__rosidl_typesupport_cpp.so" to ""
[51.635s] -- Installing: /home/yumasgmt/ros2_ws/install/can_plugins2/share/can_plugins2/environment/pythonpath.sh
[51.636s] -- Installing: /home/yumasgmt/ros2_ws/install/can_plugins2/share/can_plugins2/environment/pythonpath.dsv
[51.636s] -- Installing: /home/yumasgmt/ros2_ws/install/can_plugins2/local/lib/python3.10/dist-packages/can_plugins2-0.0.1-py3.10.egg-info
[51.636s] -- Installing: /home/yumasgmt/ros2_ws/install/can_plugins2/local/lib/python3.10/dist-packages/can_plugins2-0.0.1-py3.10.egg-info/top_level.txt
[51.636s] -- Installing: /home/yumasgmt/ros2_ws/install/can_plugins2/local/lib/python3.10/dist-packages/can_plugins2-0.0.1-py3.10.egg-info/dependency_links.txt
[51.636s] -- Installing: /home/yumasgmt/ros2_ws/install/can_plugins2/local/lib/python3.10/dist-packages/can_plugins2-0.0.1-py3.10.egg-info/SOURCES.txt
[51.636s] -- Installing: /home/yumasgmt/ros2_ws/install/can_plugins2/local/lib/python3.10/dist-packages/can_plugins2-0.0.1-py3.10.egg-info/PKG-INFO
[51.637s] -- Installing: /home/yumasgmt/ros2_ws/install/can_plugins2/local/lib/python3.10/dist-packages/can_plugins2
[51.637s] -- Installing: /home/yumasgmt/ros2_ws/install/can_plugins2/local/lib/python3.10/dist-packages/can_plugins2/can_plugins2_s__rosidl_typesupport_introspection_c.cpython-310-x86_64-linux-gnu.so
[51.637s] -- Installing: /home/yumasgmt/ros2_ws/install/can_plugins2/local/lib/python3.10/dist-packages/can_plugins2/_can_plugins2_s.ep.rosidl_typesupport_introspection_c.c
[51.637s] -- Installing: /home/yumasgmt/ros2_ws/install/can_plugins2/local/lib/python3.10/dist-packages/can_plugins2/msg
[51.637s] -- Installing: /home/yumasgmt/ros2_ws/install/can_plugins2/local/lib/python3.10/dist-packages/can_plugins2/msg/_frame_s.c
[51.637s] -- Installing: /home/yumasgmt/ros2_ws/install/can_plugins2/local/lib/python3.10/dist-packages/can_plugins2/msg/_frame.py
[51.637s] -- Installing: /home/yumasgmt/ros2_ws/install/can_plugins2/local/lib/python3.10/dist-packages/can_plugins2/msg/__init__.py
[51.637s] -- Installing: /home/yumasgmt/ros2_ws/install/can_plugins2/local/lib/python3.10/dist-packages/can_plugins2/_can_plugins2_s.ep.rosidl_typesupport_fastrtps_c.c
[51.638s] -- Installing: /home/yumasgmt/ros2_ws/install/can_plugins2/local/lib/python3.10/dist-packages/can_plugins2/can_plugins2_s__rosidl_typesupport_fastrtps_c.cpython-310-x86_64-linux-gnu.so
[51.638s] -- Installing: /home/yumasgmt/ros2_ws/install/can_plugins2/local/lib/python3.10/dist-packages/can_plugins2/__init__.py
[51.638s] -- Installing: /home/yumasgmt/ros2_ws/install/can_plugins2/local/lib/python3.10/dist-packages/can_plugins2/_can_plugins2_s.ep.rosidl_typesupport_c.c
[51.638s] -- Installing: /home/yumasgmt/ros2_ws/install/can_plugins2/local/lib/python3.10/dist-packages/can_plugins2/libcan_plugins2__rosidl_generator_py.so
[51.638s] -- Installing: /home/yumasgmt/ros2_ws/install/can_plugins2/local/lib/python3.10/dist-packages/can_plugins2/can_plugins2_s__rosidl_typesupport_c.cpython-310-x86_64-linux-gnu.so
[51.681s] Listing '/home/yumasgmt/ros2_ws/install/can_plugins2/local/lib/python3.10/dist-packages/can_plugins2'...
[51.681s] Compiling '/home/yumasgmt/ros2_ws/install/can_plugins2/local/lib/python3.10/dist-packages/can_plugins2/__init__.py'...
[51.681s] Listing '/home/yumasgmt/ros2_ws/install/can_plugins2/local/lib/python3.10/dist-packages/can_plugins2/msg'...
[51.682s] Compiling '/home/yumasgmt/ros2_ws/install/can_plugins2/local/lib/python3.10/dist-packages/can_plugins2/msg/__init__.py'...
[51.682s] Compiling '/home/yumasgmt/ros2_ws/install/can_plugins2/local/lib/python3.10/dist-packages/can_plugins2/msg/_frame.py'...
[51.690s] -- Installing: /home/yumasgmt/ros2_ws/install/can_plugins2/local/lib/python3.10/dist-packages/can_plugins2/can_plugins2_s__rosidl_typesupport_fastrtps_c.cpython-310-x86_64-linux-gnu.so
[51.690s] -- Set runtime path of "/home/yumasgmt/ros2_ws/install/can_plugins2/local/lib/python3.10/dist-packages/can_plugins2/can_plugins2_s__rosidl_typesupport_fastrtps_c.cpython-310-x86_64-linux-gnu.so" to ""
[51.691s] -- Installing: /home/yumasgmt/ros2_ws/install/can_plugins2/local/lib/python3.10/dist-packages/can_plugins2/can_plugins2_s__rosidl_typesupport_introspection_c.cpython-310-x86_64-linux-gnu.so
[51.692s] -- Set runtime path of "/home/yumasgmt/ros2_ws/install/can_plugins2/local/lib/python3.10/dist-packages/can_plugins2/can_plugins2_s__rosidl_typesupport_introspection_c.cpython-310-x86_64-linux-gnu.so" to ""
[51.693s] -- Installing: /home/yumasgmt/ros2_ws/install/can_plugins2/local/lib/python3.10/dist-packages/can_plugins2/can_plugins2_s__rosidl_typesupport_c.cpython-310-x86_64-linux-gnu.so
[51.693s] -- Set runtime path of "/home/yumasgmt/ros2_ws/install/can_plugins2/local/lib/python3.10/dist-packages/can_plugins2/can_plugins2_s__rosidl_typesupport_c.cpython-310-x86_64-linux-gnu.so" to ""
[51.694s] -- Installing: /home/yumasgmt/ros2_ws/install/can_plugins2/lib/libcan_plugins2__rosidl_generator_py.so
[51.694s] -- Set runtime path of "/home/yumasgmt/ros2_ws/install/can_plugins2/lib/libcan_plugins2__rosidl_generator_py.so" to ""
[51.695s] -- Installing: /home/yumasgmt/ros2_ws/install/can_plugins2/share/can_plugins2/msg/Frame.idl
[51.695s] -- Installing: /home/yumasgmt/ros2_ws/install/can_plugins2/share/can_plugins2/msg/Frame.msg
[51.696s] -- Up-to-date: /home/yumasgmt/ros2_ws/install/can_plugins2/include
[51.696s] -- Installing: /home/yumasgmt/ros2_ws/install/can_plugins2/include/can_utils.hpp
[51.697s] -- Installing: /home/yumasgmt/ros2_ws/install/can_plugins2/include/cobs.hpp
[51.697s] -- Installing: /home/yumasgmt/ros2_ws/install/can_plugins2/include/slcan_bridge.hpp
[51.697s] -- Installing: /home/yumasgmt/ros2_ws/install/can_plugins2/include/safe_array.hpp
[51.698s] -- Installing: /home/yumasgmt/ros2_ws/install/can_plugins2/include/test.hpp
[51.698s] -- Installing: /home/yumasgmt/ros2_ws/install/can_plugins2/lib/libslcan_bridge.so
[51.707s] -- Set runtime path of "/home/yumasgmt/ros2_ws/install/can_plugins2/lib/libslcan_bridge.so" to ""
[51.707s] -- Installing: /home/yumasgmt/ros2_ws/install/can_plugins2/share/can_plugins2/launch
[51.707s] -- Installing: /home/yumasgmt/ros2_ws/install/can_plugins2/share/can_plugins2/launch/slcan_bridge_launch.xml
[51.708s] -- Installing: /home/yumasgmt/ros2_ws/install/can_plugins2/share/can_plugins2/launch/bufferd_slcan_bridge_launch.xml
[51.709s] -- Installing: /home/yumasgmt/ros2_ws/install/can_plugins2/share/ament_index/resource_index/package_run_dependencies/can_plugins2
[51.709s] -- Installing: /home/yumasgmt/ros2_ws/install/can_plugins2/share/ament_index/resource_index/parent_prefix_path/can_plugins2
[51.709s] -- Installing: /home/yumasgmt/ros2_ws/install/can_plugins2/share/can_plugins2/environment/ament_prefix_path.sh
[51.709s] -- Installing: /home/yumasgmt/ros2_ws/install/can_plugins2/share/can_plugins2/environment/ament_prefix_path.dsv
[51.710s] -- Installing: /home/yumasgmt/ros2_ws/install/can_plugins2/share/can_plugins2/environment/path.sh
[51.710s] -- Installing: /home/yumasgmt/ros2_ws/install/can_plugins2/share/can_plugins2/environment/path.dsv
[51.710s] -- Installing: /home/yumasgmt/ros2_ws/install/can_plugins2/share/can_plugins2/local_setup.bash
[51.710s] -- Installing: /home/yumasgmt/ros2_ws/install/can_plugins2/share/can_plugins2/local_setup.sh
[51.710s] -- Installing: /home/yumasgmt/ros2_ws/install/can_plugins2/share/can_plugins2/local_setup.zsh
[51.710s] -- Installing: /home/yumasgmt/ros2_ws/install/can_plugins2/share/can_plugins2/local_setup.dsv
[51.711s] -- Installing: /home/yumasgmt/ros2_ws/install/can_plugins2/share/can_plugins2/package.dsv
[51.711s] -- Installing: /home/yumasgmt/ros2_ws/install/can_plugins2/share/ament_index/resource_index/packages/can_plugins2
[51.712s] -- Installing: /home/yumasgmt/ros2_ws/install/can_plugins2/share/can_plugins2/cmake/export_can_plugins2__rosidl_generator_cExport.cmake
[51.712s] -- Installing: /home/yumasgmt/ros2_ws/install/can_plugins2/share/can_plugins2/cmake/export_can_plugins2__rosidl_generator_cExport-noconfig.cmake
[51.712s] -- Installing: /home/yumasgmt/ros2_ws/install/can_plugins2/share/can_plugins2/cmake/export_can_plugins2__rosidl_typesupport_fastrtps_cExport.cmake
[51.712s] -- Installing: /home/yumasgmt/ros2_ws/install/can_plugins2/share/can_plugins2/cmake/export_can_plugins2__rosidl_typesupport_fastrtps_cExport-noconfig.cmake
[51.712s] -- Installing: /home/yumasgmt/ros2_ws/install/can_plugins2/share/can_plugins2/cmake/export_can_plugins2__rosidl_generator_cppExport.cmake
[51.713s] -- Installing: /home/yumasgmt/ros2_ws/install/can_plugins2/share/can_plugins2/cmake/export_can_plugins2__rosidl_typesupport_fastrtps_cppExport.cmake
[51.713s] -- Installing: /home/yumasgmt/ros2_ws/install/can_plugins2/share/can_plugins2/cmake/export_can_plugins2__rosidl_typesupport_fastrtps_cppExport-noconfig.cmake
[51.713s] -- Installing: /home/yumasgmt/ros2_ws/install/can_plugins2/share/can_plugins2/cmake/can_plugins2__rosidl_typesupport_introspection_cExport.cmake
[51.714s] -- Installing: /home/yumasgmt/ros2_ws/install/can_plugins2/share/can_plugins2/cmake/can_plugins2__rosidl_typesupport_introspection_cExport-noconfig.cmake
[51.714s] -- Installing: /home/yumasgmt/ros2_ws/install/can_plugins2/share/can_plugins2/cmake/can_plugins2__rosidl_typesupport_cExport.cmake
[51.714s] -- Installing: /home/yumasgmt/ros2_ws/install/can_plugins2/share/can_plugins2/cmake/can_plugins2__rosidl_typesupport_cExport-noconfig.cmake
[51.714s] -- Installing: /home/yumasgmt/ros2_ws/install/can_plugins2/share/can_plugins2/cmake/can_plugins2__rosidl_typesupport_introspection_cppExport.cmake
[51.714s] -- Installing: /home/yumasgmt/ros2_ws/install/can_plugins2/share/can_plugins2/cmake/can_plugins2__rosidl_typesupport_introspection_cppExport-noconfig.cmake
[51.715s] -- Installing: /home/yumasgmt/ros2_ws/install/can_plugins2/share/can_plugins2/cmake/can_plugins2__rosidl_typesupport_cppExport.cmake
[51.715s] -- Installing: /home/yumasgmt/ros2_ws/install/can_plugins2/share/can_plugins2/cmake/can_plugins2__rosidl_typesupport_cppExport-noconfig.cmake
[51.715s] -- Installing: /home/yumasgmt/ros2_ws/install/can_plugins2/share/can_plugins2/cmake/export_can_plugins2__rosidl_generator_pyExport.cmake
[51.716s] -- Installing: /home/yumasgmt/ros2_ws/install/can_plugins2/share/can_plugins2/cmake/export_can_plugins2__rosidl_generator_pyExport-noconfig.cmake
[51.716s] -- Installing: /home/yumasgmt/ros2_ws/install/can_plugins2/share/ament_index/resource_index/rclcpp_components/can_plugins2
[51.716s] -- Installing: /home/yumasgmt/ros2_ws/install/can_plugins2/share/can_plugins2/cmake/rosidl_cmake-extras.cmake
[51.717s] -- Installing: /home/yumasgmt/ros2_ws/install/can_plugins2/share/can_plugins2/cmake/ament_cmake_export_dependencies-extras.cmake
[51.717s] -- Installing: /home/yumasgmt/ros2_ws/install/can_plugins2/share/can_plugins2/cmake/ament_cmake_export_include_directories-extras.cmake
[51.717s] -- Installing: /home/yumasgmt/ros2_ws/install/can_plugins2/share/can_plugins2/cmake/ament_cmake_export_libraries-extras.cmake
[51.717s] -- Installing: /home/yumasgmt/ros2_ws/install/can_plugins2/share/can_plugins2/cmake/ament_cmake_export_targets-extras.cmake
[51.718s] -- Installing: /home/yumasgmt/ros2_ws/install/can_plugins2/share/can_plugins2/cmake/rosidl_cmake_export_typesupport_targets-extras.cmake
[51.718s] -- Installing: /home/yumasgmt/ros2_ws/install/can_plugins2/share/can_plugins2/cmake/rosidl_cmake_export_typesupport_libraries-extras.cmake
[51.718s] -- Installing: /home/yumasgmt/ros2_ws/install/can_plugins2/share/can_plugins2/cmake/can_plugins2Config.cmake
[51.718s] -- Installing: /home/yumasgmt/ros2_ws/install/can_plugins2/share/can_plugins2/cmake/can_plugins2Config-version.cmake
[51.718s] -- Installing: /home/yumasgmt/ros2_ws/install/can_plugins2/share/can_plugins2/package.xml
[51.722s] Invoked command in '/home/yumasgmt/ros2_ws/build/can_plugins2' returned '0': CMAKE_PREFIX_PATH=/opt/ros/humble /usr/bin/cmake --install /home/yumasgmt/ros2_ws/build/can_plugins2
