[0.254s] Invoking command in '/home/yumasgmt/ros2_ws/build/omni_4': AMENT_PREFIX_PATH=/home/yumasgmt/ros2_ws/install/can_plugins2:${AMENT_PREFIX_PATH} CMAKE_PREFIX_PATH=/home/yumasgmt/ros2_ws/install/can_plugins2:/opt/ros/humble LD_LIBRARY_PATH=/home/yumasgmt/ros2_ws/install/can_plugins2/lib:${LD_LIBRARY_PATH} PYTHONPATH=/home/yumasgmt/ros2_ws/install/can_plugins2/local/lib/python3.10/dist-packages:${PYTHONPATH} /usr/bin/cmake /home/yumasgmt/ros2_ws/src/omni_4 -DCMAKE_INSTALL_PREFIX=/home/yumasgmt/ros2_ws/install/omni_4
[0.873s] -- The C compiler identification is GNU 11.4.0
[1.599s] -- The CXX compiler identification is GNU 11.4.0
[2.119s] -- Detecting C compiler ABI info
[2.366s] -- Detecting C compiler ABI info - done
[2.384s] -- Check for working C compiler: /usr/bin/cc - skipped
[2.386s] -- Detecting C compile features
[2.388s] -- Detecting C compile features - done
[2.395s] -- Detecting CXX compiler ABI info
[2.628s] -- Detecting CXX compiler ABI info - done
[2.646s] -- Check for working CXX compiler: /usr/bin/c++ - skipped
[2.647s] -- Detecting CXX compile features
[2.648s] -- Detecting CXX compile features - done
[2.670s] -- Found ament_cmake: 1.3.6 (/opt/ros/humble/share/ament_cmake/cmake)
[3.069s] -- Found Python3: /usr/bin/python3.10 (found version "3.10.12") found components: Interpreter 
[3.286s] -- Found rclcpp: 16.0.7 (/opt/ros/humble/share/rclcpp/cmake)
[3.920s] -- Found rosidl_generator_c: 3.1.5 (/opt/ros/humble/share/rosidl_generator_c/cmake)
[3.938s] -- Found rosidl_adapter: 3.1.5 (/opt/ros/humble/share/rosidl_adapter/cmake)
[3.976s] -- Found rosidl_generator_cpp: 3.1.5 (/opt/ros/humble/share/rosidl_generator_cpp/cmake)
[4.056s] -- Using all available rosidl_typesupport_c: rosidl_typesupport_fastrtps_c;rosidl_typesupport_introspection_c
[4.127s] -- Using all available rosidl_typesupport_cpp: rosidl_typesupport_fastrtps_cpp;rosidl_typesupport_introspection_cpp
[4.278s] -- Found rmw_implementation_cmake: 6.1.1 (/opt/ros/humble/share/rmw_implementation_cmake/cmake)
[4.288s] -- Found rmw_fastrtps_cpp: 6.2.5 (/opt/ros/humble/share/rmw_fastrtps_cpp/cmake)
[5.982s] -- Found OpenSSL: /usr/lib/x86_64-linux-gnu/libcrypto.so (found version "3.0.2")  
[7.454s] -- Found FastRTPS: /opt/ros/humble/include  
[10.225s] -- Using RMW implementation 'rmw_fastrtps_cpp' as default
[10.245s] -- Looking for pthread.h
[10.412s] -- Looking for pthread.h - found
[10.413s] -- Performing Test CMAKE_HAVE_LIBC_PTHREAD
[10.608s] -- Performing Test CMAKE_HAVE_LIBC_PTHREAD - Success
[10.609s] -- Found Threads: TRUE  
[11.116s] -- Found can_plugins2: 0.0.1 (/home/yumasgmt/ros2_ws/install/can_plugins2/share/can_plugins2/cmake)
[11.207s] -- Found sensor_msgs: 4.2.3 (/opt/ros/humble/share/sensor_msgs/cmake)
[11.438s] -- Found ament_lint_auto: 0.12.9 (/opt/ros/humble/share/ament_lint_auto/cmake)
[11.635s] -- Added test 'cppcheck' to perform static code analysis on C / C++ code
[11.635s] -- Configured cppcheck include dirs: 
[11.635s] -- Configured cppcheck exclude dirs and/or files: 
[11.638s] -- Added test 'lint_cmake' to check CMake code style
[11.641s] -- Added test 'uncrustify' to check C / C++ code style
[11.641s] -- Configured uncrustify additional arguments: 
[11.643s] -- Added test 'xmllint' to check XML markup files
[11.649s] -- Configuring done
[11.655s] [31mCMake Error at CMakeLists.txt:18 (add_executable):
[11.655s]   Cannot find source file:
[11.655s] 
[11.655s]     src/OMNI4ros2.cpp
[11.656s] 
[11.656s]   Tried extensions .c .C .c++ .cc .cpp .cxx .cu .mpp .m .M .mm .ixx .cppm .h
[11.656s]   .hh .h++ .hm .hpp .hxx .in .txx .f .F .for .f77 .f90 .f95 .f03 .hip .ispc
[11.656s] 
[11.656s] [0m
[11.658s] [31mCMake Error at CMakeLists.txt:18 (add_executable):
[11.658s]   No SOURCES given to target: talker
[11.658s] 
[11.658s] [0m
[11.658s] [0mCMake Generate step failed.  Build files cannot be regenerated correctly.[0m
[11.715s] Invoked command in '/home/yumasgmt/ros2_ws/build/omni_4' returned '1': AMENT_PREFIX_PATH=/home/yumasgmt/ros2_ws/install/can_plugins2:${AMENT_PREFIX_PATH} CMAKE_PREFIX_PATH=/home/yumasgmt/ros2_ws/install/can_plugins2:/opt/ros/humble LD_LIBRARY_PATH=/home/yumasgmt/ros2_ws/install/can_plugins2/lib:${LD_LIBRARY_PATH} PYTHONPATH=/home/yumasgmt/ros2_ws/install/can_plugins2/local/lib/python3.10/dist-packages:${PYTHONPATH} /usr/bin/cmake /home/yumasgmt/ros2_ws/src/omni_4 -DCMAKE_INSTALL_PREFIX=/home/yumasgmt/ros2_ws/install/omni_4
