[2.028s] DEBUG:colcon:Command line arguments: ['/usr/bin/colcon', 'build', '--packages-select', 'cpp_pubsub']
[2.028s] DEBUG:colcon:Parsed command line arguments: Namespace(log_base=None, log_level=None, verb_name='build', build_base='build', install_base='install', merge_install=False, symlink_install=False, test_result_base=None, continue_on_error=False, executor='parallel', parallel_workers=4, event_handlers=None, ignore_user_meta=False, metas=['./colcon.meta'], base_paths=['.'], packages_ignore=None, packages_ignore_regex=None, paths=None, packages_up_to=None, packages_up_to_regex=None, packages_above=None, packages_above_and_dependencies=None, packages_above_depth=None, packages_select_by_dep=None, packages_skip_by_dep=None, packages_skip_up_to=None, packages_select_build_failed=False, packages_skip_build_finished=False, packages_select_test_failures=False, packages_skip_test_passed=False, packages_select=['cpp_pubsub'], packages_skip=None, packages_select_regex=None, packages_skip_regex=None, packages_start=None, packages_end=None, allow_overriding=[], cmake_args=None, cmake_target=None, cmake_target_skip_unavailable=False, cmake_clean_cache=False, cmake_clean_first=False, cmake_force_configure=False, ament_cmake_args=None, catkin_cmake_args=None, catkin_skip_building_tests=False, verb_parser=<colcon_defaults.argument_parser.defaults.DefaultArgumentsDecorator object at 0x7f64206a27a0>, verb_extension=<colcon_core.verb.build.BuildVerb object at 0x7f64209318a0>, main=<bound method BuildVerb.main of <colcon_core.verb.build.BuildVerb object at 0x7f64209318a0>>)
[2.184s] Level 1:colcon.colcon_core.package_discovery:discover_packages(colcon_meta) check parameters
[2.184s] Level 1:colcon.colcon_core.package_discovery:discover_packages(recursive) check parameters
[2.184s] Level 1:colcon.colcon_core.package_discovery:discover_packages(ignore) check parameters
[2.184s] Level 1:colcon.colcon_core.package_discovery:discover_packages(path) check parameters
[2.184s] Level 1:colcon.colcon_core.package_discovery:discover_packages(colcon_meta) discover
[2.184s] Level 1:colcon.colcon_core.package_discovery:discover_packages(recursive) discover
[2.185s] INFO:colcon.colcon_core.package_discovery:Crawling recursively for packages in '/home/yumasgmt/ros2_ws'
[2.185s] Level 1:colcon.colcon_core.package_identification:_identify(.) by extensions ['ignore', 'ignore_ament_install']
[2.185s] Level 1:colcon.colcon_core.package_identification:_identify(.) by extension 'ignore'
[2.185s] Level 1:colcon.colcon_core.package_identification:_identify(.) by extension 'ignore_ament_install'
[2.185s] Level 1:colcon.colcon_core.package_identification:_identify(.) by extensions ['colcon_pkg']
[2.185s] Level 1:colcon.colcon_core.package_identification:_identify(.) by extension 'colcon_pkg'
[2.185s] Level 1:colcon.colcon_core.package_identification:_identify(.) by extensions ['colcon_meta']
[2.185s] Level 1:colcon.colcon_core.package_identification:_identify(.) by extension 'colcon_meta'
[2.186s] Level 1:colcon.colcon_core.package_identification:_identify(.) by extensions ['ros']
[2.186s] Level 1:colcon.colcon_core.package_identification:_identify(.) by extension 'ros'
[2.211s] Level 1:colcon.colcon_core.package_identification:_identify(.) by extensions ['cmake', 'python']
[2.211s] Level 1:colcon.colcon_core.package_identification:_identify(.) by extension 'cmake'
[2.211s] Level 1:colcon.colcon_core.package_identification:_identify(.) by extension 'python'
[2.211s] Level 1:colcon.colcon_core.package_identification:_identify(.) by extensions ['python_setup_py']
[2.211s] Level 1:colcon.colcon_core.package_identification:_identify(.) by extension 'python_setup_py'
[2.212s] Level 1:colcon.colcon_core.package_identification:_identify(build) by extensions ['ignore', 'ignore_ament_install']
[2.212s] Level 1:colcon.colcon_core.package_identification:_identify(build) by extension 'ignore'
[2.212s] Level 1:colcon.colcon_core.package_identification:_identify(build) ignored
[2.212s] Level 1:colcon.colcon_core.package_identification:_identify(install) by extensions ['ignore', 'ignore_ament_install']
[2.213s] Level 1:colcon.colcon_core.package_identification:_identify(install) by extension 'ignore'
[2.213s] Level 1:colcon.colcon_core.package_identification:_identify(install) ignored
[2.213s] Level 1:colcon.colcon_core.package_identification:_identify(log) by extensions ['ignore', 'ignore_ament_install']
[2.213s] Level 1:colcon.colcon_core.package_identification:_identify(log) by extension 'ignore'
[2.213s] Level 1:colcon.colcon_core.package_identification:_identify(log) ignored
[2.213s] Level 1:colcon.colcon_core.package_identification:_identify(src) by extensions ['ignore', 'ignore_ament_install']
[2.214s] Level 1:colcon.colcon_core.package_identification:_identify(src) by extension 'ignore'
[2.214s] Level 1:colcon.colcon_core.package_identification:_identify(src) by extension 'ignore_ament_install'
[2.214s] Level 1:colcon.colcon_core.package_identification:_identify(src) by extensions ['colcon_pkg']
[2.214s] Level 1:colcon.colcon_core.package_identification:_identify(src) by extension 'colcon_pkg'
[2.214s] Level 1:colcon.colcon_core.package_identification:_identify(src) by extensions ['colcon_meta']
[2.214s] Level 1:colcon.colcon_core.package_identification:_identify(src) by extension 'colcon_meta'
[2.214s] Level 1:colcon.colcon_core.package_identification:_identify(src) by extensions ['ros']
[2.214s] Level 1:colcon.colcon_core.package_identification:_identify(src) by extension 'ros'
[2.214s] Level 1:colcon.colcon_core.package_identification:_identify(src) by extensions ['cmake', 'python']
[2.215s] Level 1:colcon.colcon_core.package_identification:_identify(src) by extension 'cmake'
[2.215s] Level 1:colcon.colcon_core.package_identification:_identify(src) by extension 'python'
[2.215s] Level 1:colcon.colcon_core.package_identification:_identify(src) by extensions ['python_setup_py']
[2.215s] Level 1:colcon.colcon_core.package_identification:_identify(src) by extension 'python_setup_py'
[2.215s] Level 1:colcon.colcon_core.package_identification:_identify(src/can_plugins2) by extensions ['ignore', 'ignore_ament_install']
[2.215s] Level 1:colcon.colcon_core.package_identification:_identify(src/can_plugins2) by extension 'ignore'
[2.215s] Level 1:colcon.colcon_core.package_identification:_identify(src/can_plugins2) by extension 'ignore_ament_install'
[2.215s] Level 1:colcon.colcon_core.package_identification:_identify(src/can_plugins2) by extensions ['colcon_pkg']
[2.216s] Level 1:colcon.colcon_core.package_identification:_identify(src/can_plugins2) by extension 'colcon_pkg'
[2.216s] Level 1:colcon.colcon_core.package_identification:_identify(src/can_plugins2) by extensions ['colcon_meta']
[2.216s] Level 1:colcon.colcon_core.package_identification:_identify(src/can_plugins2) by extension 'colcon_meta'
[2.216s] Level 1:colcon.colcon_core.package_identification:_identify(src/can_plugins2) by extensions ['ros']
[2.216s] Level 1:colcon.colcon_core.package_identification:_identify(src/can_plugins2) by extension 'ros'
[2.222s] DEBUG:colcon.colcon_core.package_identification:Package 'src/can_plugins2' with type 'ros.ament_cmake' and name 'can_plugins2'
[2.223s] Level 1:colcon.colcon_core.package_identification:_identify(src/cpp_pubsub) by extensions ['ignore', 'ignore_ament_install']
[2.223s] Level 1:colcon.colcon_core.package_identification:_identify(src/cpp_pubsub) by extension 'ignore'
[2.223s] Level 1:colcon.colcon_core.package_identification:_identify(src/cpp_pubsub) by extension 'ignore_ament_install'
[2.223s] Level 1:colcon.colcon_core.package_identification:_identify(src/cpp_pubsub) by extensions ['colcon_pkg']
[2.223s] Level 1:colcon.colcon_core.package_identification:_identify(src/cpp_pubsub) by extension 'colcon_pkg'
[2.224s] Level 1:colcon.colcon_core.package_identification:_identify(src/cpp_pubsub) by extensions ['colcon_meta']
[2.224s] Level 1:colcon.colcon_core.package_identification:_identify(src/cpp_pubsub) by extension 'colcon_meta'
[2.224s] Level 1:colcon.colcon_core.package_identification:_identify(src/cpp_pubsub) by extensions ['ros']
[2.224s] Level 1:colcon.colcon_core.package_identification:_identify(src/cpp_pubsub) by extension 'ros'
[2.225s] DEBUG:colcon.colcon_core.package_identification:Package 'src/cpp_pubsub' with type 'ros.ament_cmake' and name 'cpp_pubsub'
[2.225s] Level 1:colcon.colcon_core.package_identification:_identify(src/my_package) by extensions ['ignore', 'ignore_ament_install']
[2.226s] Level 1:colcon.colcon_core.package_identification:_identify(src/my_package) by extension 'ignore'
[2.226s] Level 1:colcon.colcon_core.package_identification:_identify(src/my_package) by extension 'ignore_ament_install'
[2.226s] Level 1:colcon.colcon_core.package_identification:_identify(src/my_package) by extensions ['colcon_pkg']
[2.226s] Level 1:colcon.colcon_core.package_identification:_identify(src/my_package) by extension 'colcon_pkg'
[2.226s] Level 1:colcon.colcon_core.package_identification:_identify(src/my_package) by extensions ['colcon_meta']
[2.226s] Level 1:colcon.colcon_core.package_identification:_identify(src/my_package) by extension 'colcon_meta'
[2.226s] Level 1:colcon.colcon_core.package_identification:_identify(src/my_package) by extensions ['ros']
[2.227s] Level 1:colcon.colcon_core.package_identification:_identify(src/my_package) by extension 'ros'
[2.228s] DEBUG:colcon.colcon_core.package_identification:Package 'src/my_package' with type 'ros.ament_cmake' and name 'my_package'
[2.228s] Level 1:colcon.colcon_core.package_identification:_identify(tmp_src) by extensions ['ignore', 'ignore_ament_install']
[2.228s] Level 1:colcon.colcon_core.package_identification:_identify(tmp_src) by extension 'ignore'
[2.229s] Level 1:colcon.colcon_core.package_identification:_identify(tmp_src) by extension 'ignore_ament_install'
[2.229s] Level 1:colcon.colcon_core.package_identification:_identify(tmp_src) by extensions ['colcon_pkg']
[2.229s] Level 1:colcon.colcon_core.package_identification:_identify(tmp_src) by extension 'colcon_pkg'
[2.229s] Level 1:colcon.colcon_core.package_identification:_identify(tmp_src) by extensions ['colcon_meta']
[2.229s] Level 1:colcon.colcon_core.package_identification:_identify(tmp_src) by extension 'colcon_meta'
[2.229s] Level 1:colcon.colcon_core.package_identification:_identify(tmp_src) by extensions ['ros']
[2.229s] Level 1:colcon.colcon_core.package_identification:_identify(tmp_src) by extension 'ros'
[2.229s] Level 1:colcon.colcon_core.package_identification:_identify(tmp_src) by extensions ['cmake', 'python']
[2.229s] Level 1:colcon.colcon_core.package_identification:_identify(tmp_src) by extension 'cmake'
[2.229s] Level 1:colcon.colcon_core.package_identification:_identify(tmp_src) by extension 'python'
[2.229s] Level 1:colcon.colcon_core.package_identification:_identify(tmp_src) by extensions ['python_setup_py']
[2.230s] Level 1:colcon.colcon_core.package_identification:_identify(tmp_src) by extension 'python_setup_py'
[2.230s] Level 1:colcon.colcon_core.package_identification:_identify(tmp_src/underc_package) by extensions ['ignore', 'ignore_ament_install']
[2.230s] Level 1:colcon.colcon_core.package_identification:_identify(tmp_src/underc_package) by extension 'ignore'
[2.230s] Level 1:colcon.colcon_core.package_identification:_identify(tmp_src/underc_package) by extension 'ignore_ament_install'
[2.230s] Level 1:colcon.colcon_core.package_identification:_identify(tmp_src/underc_package) by extensions ['colcon_pkg']
[2.230s] Level 1:colcon.colcon_core.package_identification:_identify(tmp_src/underc_package) by extension 'colcon_pkg'
[2.230s] Level 1:colcon.colcon_core.package_identification:_identify(tmp_src/underc_package) by extensions ['colcon_meta']
[2.231s] Level 1:colcon.colcon_core.package_identification:_identify(tmp_src/underc_package) by extension 'colcon_meta'
[2.231s] Level 1:colcon.colcon_core.package_identification:_identify(tmp_src/underc_package) by extensions ['ros']
[2.231s] Level 1:colcon.colcon_core.package_identification:_identify(tmp_src/underc_package) by extension 'ros'
[2.232s] DEBUG:colcon.colcon_core.package_identification:Package 'tmp_src/underc_package' with type 'ros.ament_cmake' and name 'underc_package'
[2.232s] Level 1:colcon.colcon_core.package_discovery:discover_packages(recursive) using defaults
[2.232s] Level 1:colcon.colcon_core.package_discovery:discover_packages(ignore) discover
[2.232s] Level 1:colcon.colcon_core.package_discovery:discover_packages(ignore) using defaults
[2.232s] Level 1:colcon.colcon_core.package_discovery:discover_packages(path) discover
[2.232s] Level 1:colcon.colcon_core.package_discovery:discover_packages(path) using defaults
[2.343s] INFO:colcon.colcon_core.package_selection:Skipping not selected package 'can_plugins2' in 'src/can_plugins2'
[2.343s] INFO:colcon.colcon_core.package_selection:Skipping not selected package 'my_package' in 'src/my_package'
[2.343s] INFO:colcon.colcon_core.package_selection:Skipping not selected package 'underc_package' in 'tmp_src/underc_package'
[2.376s] Level 1:colcon.colcon_core.package_discovery:discover_packages(prefix_path) check parameters
[2.376s] Level 1:colcon.colcon_core.package_discovery:discover_packages(prefix_path) discover
[2.419s] DEBUG:colcon.colcon_installed_package_information.package_discovery:Found 284 installed packages in /opt/ros/humble
[2.421s] Level 1:colcon.colcon_core.package_discovery:discover_packages(prefix_path) using defaults
[2.534s] Level 5:colcon.colcon_core.verb:set package 'cpp_pubsub' build argument 'cmake_args' from command line to 'None'
[2.534s] Level 5:colcon.colcon_core.verb:set package 'cpp_pubsub' build argument 'cmake_target' from command line to 'None'
[2.534s] Level 5:colcon.colcon_core.verb:set package 'cpp_pubsub' build argument 'cmake_target_skip_unavailable' from command line to 'False'
[2.534s] Level 5:colcon.colcon_core.verb:set package 'cpp_pubsub' build argument 'cmake_clean_cache' from command line to 'False'
[2.534s] Level 5:colcon.colcon_core.verb:set package 'cpp_pubsub' build argument 'cmake_clean_first' from command line to 'False'
[2.534s] Level 5:colcon.colcon_core.verb:set package 'cpp_pubsub' build argument 'cmake_force_configure' from command line to 'False'
[2.534s] Level 5:colcon.colcon_core.verb:set package 'cpp_pubsub' build argument 'ament_cmake_args' from command line to 'None'
[2.534s] Level 5:colcon.colcon_core.verb:set package 'cpp_pubsub' build argument 'catkin_cmake_args' from command line to 'None'
[2.534s] Level 5:colcon.colcon_core.verb:set package 'cpp_pubsub' build argument 'catkin_skip_building_tests' from command line to 'False'
[2.534s] DEBUG:colcon.colcon_core.verb:Building package 'cpp_pubsub' with the following arguments: {'ament_cmake_args': None, 'build_base': '/home/yumasgmt/ros2_ws/build/cpp_pubsub', 'catkin_cmake_args': None, 'catkin_skip_building_tests': False, 'cmake_args': None, 'cmake_clean_cache': False, 'cmake_clean_first': False, 'cmake_force_configure': False, 'cmake_target': None, 'cmake_target_skip_unavailable': False, 'install_base': '/home/yumasgmt/ros2_ws/install/cpp_pubsub', 'merge_install': False, 'path': '/home/yumasgmt/ros2_ws/src/cpp_pubsub', 'symlink_install': False, 'test_result_base': None}
[2.547s] INFO:colcon.colcon_core.executor:Executing jobs using 'parallel' executor
[2.565s] DEBUG:colcon.colcon_parallel_executor.executor.parallel:run_until_complete
[2.565s] INFO:colcon.colcon_ros.task.ament_cmake.build:Building ROS package in '/home/yumasgmt/ros2_ws/src/cpp_pubsub' with build type 'ament_cmake'
[2.565s] INFO:colcon.colcon_cmake.task.cmake.build:Building CMake package in '/home/yumasgmt/ros2_ws/src/cpp_pubsub'
[2.602s] INFO:colcon.colcon_core.plugin_system:Skipping extension 'colcon_core.shell.bat': Not used on non-Windows systems
[2.603s] INFO:colcon.colcon_core.shell:Skip shell extension 'powershell' for command environment: Not usable outside of PowerShell
[2.603s] DEBUG:colcon.colcon_core.shell:Skip shell extension 'dsv' for command environment
[2.779s] DEBUG:colcon.colcon_core.event_handler.log_command:Invoking command in '/home/yumasgmt/ros2_ws/build/cpp_pubsub': AMENT_PREFIX_PATH=/home/yumasgmt/ros2_ws/install/can_plugins2:${AMENT_PREFIX_PATH} CMAKE_PREFIX_PATH=/home/yumasgmt/ros2_ws/install/can_plugins2:/opt/ros/humble LD_LIBRARY_PATH=/home/yumasgmt/ros2_ws/install/can_plugins2/lib:${LD_LIBRARY_PATH} PYTHONPATH=/home/yumasgmt/ros2_ws/install/can_plugins2/local/lib/python3.10/dist-packages:${PYTHONPATH} /usr/bin/cmake --build /home/yumasgmt/ros2_ws/build/cpp_pubsub -- -j4 -l4
[3.039s] DEBUG:colcon.colcon_core.event_handler.log_command:Invoked command in '/home/yumasgmt/ros2_ws/build/cpp_pubsub' returned '0': AMENT_PREFIX_PATH=/home/yumasgmt/ros2_ws/install/can_plugins2:${AMENT_PREFIX_PATH} CMAKE_PREFIX_PATH=/home/yumasgmt/ros2_ws/install/can_plugins2:/opt/ros/humble LD_LIBRARY_PATH=/home/yumasgmt/ros2_ws/install/can_plugins2/lib:${LD_LIBRARY_PATH} PYTHONPATH=/home/yumasgmt/ros2_ws/install/can_plugins2/local/lib/python3.10/dist-packages:${PYTHONPATH} /usr/bin/cmake --build /home/yumasgmt/ros2_ws/build/cpp_pubsub -- -j4 -l4
[3.092s] DEBUG:colcon.colcon_core.event_handler.log_command:Invoking command in '/home/yumasgmt/ros2_ws/build/cpp_pubsub': AMENT_PREFIX_PATH=/home/yumasgmt/ros2_ws/install/can_plugins2:${AMENT_PREFIX_PATH} CMAKE_PREFIX_PATH=/home/yumasgmt/ros2_ws/install/can_plugins2:/opt/ros/humble LD_LIBRARY_PATH=/home/yumasgmt/ros2_ws/install/can_plugins2/lib:${LD_LIBRARY_PATH} PYTHONPATH=/home/yumasgmt/ros2_ws/install/can_plugins2/local/lib/python3.10/dist-packages:${PYTHONPATH} /usr/bin/cmake --install /home/yumasgmt/ros2_ws/build/cpp_pubsub
[3.135s] Level 1:colcon.colcon_core.environment:create_environment_scripts_only(cpp_pubsub)
[3.140s] DEBUG:colcon.colcon_core.event_handler.log_command:Invoked command in '/home/yumasgmt/ros2_ws/build/cpp_pubsub' returned '0': AMENT_PREFIX_PATH=/home/yumasgmt/ros2_ws/install/can_plugins2:${AMENT_PREFIX_PATH} CMAKE_PREFIX_PATH=/home/yumasgmt/ros2_ws/install/can_plugins2:/opt/ros/humble LD_LIBRARY_PATH=/home/yumasgmt/ros2_ws/install/can_plugins2/lib:${LD_LIBRARY_PATH} PYTHONPATH=/home/yumasgmt/ros2_ws/install/can_plugins2/local/lib/python3.10/dist-packages:${PYTHONPATH} /usr/bin/cmake --install /home/yumasgmt/ros2_ws/build/cpp_pubsub
[3.236s] Level 1:colcon.colcon_core.environment:checking '/home/yumasgmt/ros2_ws/install/cpp_pubsub' for CMake module files
[3.237s] Level 1:colcon.colcon_core.environment:checking '/home/yumasgmt/ros2_ws/install/cpp_pubsub' for CMake config files
[3.238s] Level 1:colcon.colcon_core.shell:create_environment_hook('cpp_pubsub', 'cmake_prefix_path')
[3.270s] INFO:colcon.colcon_core.shell:Creating environment hook '/home/yumasgmt/ros2_ws/install/cpp_pubsub/share/cpp_pubsub/hook/cmake_prefix_path.ps1'
[3.275s] INFO:colcon.colcon_core.shell:Creating environment descriptor '/home/yumasgmt/ros2_ws/install/cpp_pubsub/share/cpp_pubsub/hook/cmake_prefix_path.dsv'
[3.285s] INFO:colcon.colcon_core.shell:Creating environment hook '/home/yumasgmt/ros2_ws/install/cpp_pubsub/share/cpp_pubsub/hook/cmake_prefix_path.sh'
[3.289s] Level 1:colcon.colcon_core.environment:checking '/home/yumasgmt/ros2_ws/install/cpp_pubsub/lib'
[3.290s] Level 1:colcon.colcon_core.environment:checking '/home/yumasgmt/ros2_ws/install/cpp_pubsub/bin'
[3.290s] Level 1:colcon.colcon_core.environment:checking '/home/yumasgmt/ros2_ws/install/cpp_pubsub/lib/pkgconfig/cpp_pubsub.pc'
[3.290s] Level 1:colcon.colcon_core.environment:checking '/home/yumasgmt/ros2_ws/install/cpp_pubsub/lib/python3.10/site-packages'
[3.291s] Level 1:colcon.colcon_core.environment:checking '/home/yumasgmt/ros2_ws/install/cpp_pubsub/bin'
[3.341s] INFO:colcon.colcon_core.shell:Creating package script '/home/yumasgmt/ros2_ws/install/cpp_pubsub/share/cpp_pubsub/package.ps1'
[3.350s] INFO:colcon.colcon_core.shell:Creating package descriptor '/home/yumasgmt/ros2_ws/install/cpp_pubsub/share/cpp_pubsub/package.dsv'
[3.359s] INFO:colcon.colcon_core.shell:Creating package script '/home/yumasgmt/ros2_ws/install/cpp_pubsub/share/cpp_pubsub/package.sh'
[3.367s] INFO:colcon.colcon_core.shell:Creating package script '/home/yumasgmt/ros2_ws/install/cpp_pubsub/share/cpp_pubsub/package.bash'
[3.369s] INFO:colcon.colcon_core.shell:Creating package script '/home/yumasgmt/ros2_ws/install/cpp_pubsub/share/cpp_pubsub/package.zsh'
[3.376s] Level 1:colcon.colcon_core.environment:create_file_with_runtime_dependencies(/home/yumasgmt/ros2_ws/install/cpp_pubsub/share/colcon-core/packages/cpp_pubsub)
[3.480s] Level 1:colcon.colcon_core.environment:create_environment_scripts_only(cpp_pubsub)
[3.500s] Level 1:colcon.colcon_core.environment:checking '/home/yumasgmt/ros2_ws/install/cpp_pubsub' for CMake module files
[3.501s] Level 1:colcon.colcon_core.environment:checking '/home/yumasgmt/ros2_ws/install/cpp_pubsub' for CMake config files
[3.501s] Level 1:colcon.colcon_core.shell:create_environment_hook('cpp_pubsub', 'cmake_prefix_path')
[3.534s] INFO:colcon.colcon_core.shell:Creating environment hook '/home/yumasgmt/ros2_ws/install/cpp_pubsub/share/cpp_pubsub/hook/cmake_prefix_path.ps1'
[3.535s] INFO:colcon.colcon_core.shell:Creating environment descriptor '/home/yumasgmt/ros2_ws/install/cpp_pubsub/share/cpp_pubsub/hook/cmake_prefix_path.dsv'
[3.536s] INFO:colcon.colcon_core.shell:Creating environment hook '/home/yumasgmt/ros2_ws/install/cpp_pubsub/share/cpp_pubsub/hook/cmake_prefix_path.sh'
[3.538s] Level 1:colcon.colcon_core.environment:checking '/home/yumasgmt/ros2_ws/install/cpp_pubsub/lib'
[3.538s] Level 1:colcon.colcon_core.environment:checking '/home/yumasgmt/ros2_ws/install/cpp_pubsub/bin'
[3.538s] Level 1:colcon.colcon_core.environment:checking '/home/yumasgmt/ros2_ws/install/cpp_pubsub/lib/pkgconfig/cpp_pubsub.pc'
[3.539s] Level 1:colcon.colcon_core.environment:checking '/home/yumasgmt/ros2_ws/install/cpp_pubsub/lib/python3.10/site-packages'
[3.539s] Level 1:colcon.colcon_core.environment:checking '/home/yumasgmt/ros2_ws/install/cpp_pubsub/bin'
[3.570s] INFO:colcon.colcon_core.shell:Creating package script '/home/yumasgmt/ros2_ws/install/cpp_pubsub/share/cpp_pubsub/package.ps1'
[3.572s] INFO:colcon.colcon_core.shell:Creating package descriptor '/home/yumasgmt/ros2_ws/install/cpp_pubsub/share/cpp_pubsub/package.dsv'
[3.572s] INFO:colcon.colcon_core.shell:Creating package script '/home/yumasgmt/ros2_ws/install/cpp_pubsub/share/cpp_pubsub/package.sh'
[3.574s] INFO:colcon.colcon_core.shell:Creating package script '/home/yumasgmt/ros2_ws/install/cpp_pubsub/share/cpp_pubsub/package.bash'
[3.575s] INFO:colcon.colcon_core.shell:Creating package script '/home/yumasgmt/ros2_ws/install/cpp_pubsub/share/cpp_pubsub/package.zsh'
[3.576s] Level 1:colcon.colcon_core.environment:create_file_with_runtime_dependencies(/home/yumasgmt/ros2_ws/install/cpp_pubsub/share/colcon-core/packages/cpp_pubsub)
[3.577s] DEBUG:colcon.colcon_parallel_executor.executor.parallel:closing loop
[3.578s] DEBUG:colcon.colcon_parallel_executor.executor.parallel:loop closed
[3.580s] DEBUG:colcon.colcon_parallel_executor.executor.parallel:run_until_complete finished with '0'
[3.580s] DEBUG:colcon.colcon_core.event_reactor:joining thread
[3.700s] INFO:colcon.colcon_core.plugin_system:Skipping extension 'colcon_notification.desktop_notification.notify_send': Could not find 'notify-send'
[3.700s] INFO:colcon.colcon_core.plugin_system:Skipping extension 'colcon_notification.desktop_notification.terminal_notifier': Not used on non-Darwin systems
[3.700s] INFO:colcon.colcon_core.plugin_system:Skipping extension 'colcon_notification.desktop_notification.win32': Not used on non-Windows systems
[3.700s] INFO:colcon.colcon_notification.desktop_notification:Sending desktop notification using 'notify2'
[132.977s] DEBUG:colcon.colcon_notification.desktop_notification.notify2:Failed to initialize notify2: org.freedesktop.DBus.Error.Spawn.ExecFailed: /usr/bin/dbus-launch terminated abnormally with the following error: Autolaunch error: X11 initialization failed.

[132.979s] DEBUG:colcon.colcon_core.event_reactor:joined thread
[133.024s] INFO:colcon.colcon_core.shell:Creating prefix script '/home/yumasgmt/ros2_ws/install/local_setup.ps1'
[133.027s] INFO:colcon.colcon_core.shell:Creating prefix util module '/home/yumasgmt/ros2_ws/install/_local_setup_util_ps1.py'
[133.030s] INFO:colcon.colcon_core.shell:Creating prefix chain script '/home/yumasgmt/ros2_ws/install/setup.ps1'
[133.047s] INFO:colcon.colcon_core.shell:Creating prefix script '/home/yumasgmt/ros2_ws/install/local_setup.sh'
[133.048s] INFO:colcon.colcon_core.shell:Creating prefix util module '/home/yumasgmt/ros2_ws/install/_local_setup_util_sh.py'
[133.049s] INFO:colcon.colcon_core.shell:Creating prefix chain script '/home/yumasgmt/ros2_ws/install/setup.sh'
[133.067s] INFO:colcon.colcon_core.shell:Creating prefix script '/home/yumasgmt/ros2_ws/install/local_setup.bash'
[133.069s] INFO:colcon.colcon_core.shell:Creating prefix chain script '/home/yumasgmt/ros2_ws/install/setup.bash'
[133.085s] INFO:colcon.colcon_core.shell:Creating prefix script '/home/yumasgmt/ros2_ws/install/local_setup.zsh'
[133.087s] INFO:colcon.colcon_core.shell:Creating prefix chain script '/home/yumasgmt/ros2_ws/install/setup.zsh'
