[ 12%] Built target can_plugins2__cpp
[ 12%] Built target can_plugins2__rosidl_generator_c
[ 12%] Built target ament_cmake_python_copy_can_plugins2
[ 21%] Built target can_plugins2__rosidl_typesupport_cpp
[ 30%] Built target can_plugins2__rosidl_typesupport_fastrtps_c
[ 39%] Built target can_plugins2__rosidl_typesupport_fastrtps_cpp
[ 48%] Built target can_plugins2__rosidl_typesupport_introspection_c
[ 57%] Built target can_plugins2__rosidl_typesupport_c
[ 66%] Built target can_plugins2__rosidl_typesupport_introspection_cpp
[ 66%] Built target can_plugins2
[ 69%] [32mBuilding CXX object CMakeFiles/slcan_bridge.dir/src/slcan_bridge.cpp.o[0m
[ 72%] Built target can_plugins2__py
[35m[1mConsolidate compiler generated dependencies of target can_plugins2__rosidl_generator_py[0m
[ 78%] Built target can_plugins2__rosidl_generator_py
[35m[1mConsolidate compiler generated dependencies of target can_plugins2__rosidl_typesupport_introspection_c__pyext[0m
[35m[1mConsolidate compiler generated dependencies of target can_plugins2__rosidl_typesupport_fastrtps_c__pyext[0m
[ 84%] Built target can_plugins2__rosidl_typesupport_introspection_c__pyext
[ 90%] Built target can_plugins2__rosidl_typesupport_fastrtps_c__pyext
[35m[1mConsolidate compiler generated dependencies of target can_plugins2__rosidl_typesupport_c__pyext[0m
[ 96%] Built target can_plugins2__rosidl_typesupport_c__pyext
running egg_info
writing can_plugins2.egg-info/PKG-INFO
writing dependency_links to can_plugins2.egg-info/dependency_links.txt
writing top-level names to can_plugins2.egg-info/top_level.txt
reading manifest file 'can_plugins2.egg-info/SOURCES.txt'
writing manifest file 'can_plugins2.egg-info/SOURCES.txt'
[ 96%] Built target ament_cmake_python_build_can_plugins2_egg
[100%] [32m[1mLinking CXX shared library libslcan_bridge.so[0m
[100%] Built target slcan_bridge
-- Install configuration: ""
-- Up-to-date: /home/yumasgmt/ros2_ws/install/can_plugins2/share/ament_index/resource_index/rosidl_interfaces/can_plugins2
-- Up-to-date: /home/yumasgmt/ros2_ws/install/can_plugins2/include/can_plugins2/can_plugins2
-- Up-to-date: /home/yumasgmt/ros2_ws/install/can_plugins2/include/can_plugins2/can_plugins2/msg
-- Up-to-date: /home/yumasgmt/ros2_ws/install/can_plugins2/include/can_plugins2/can_plugins2/msg/frame.h
-- Up-to-date: /home/yumasgmt/ros2_ws/install/can_plugins2/include/can_plugins2/can_plugins2/msg/rosidl_generator_c__visibility_control.h
-- Up-to-date: /home/yumasgmt/ros2_ws/install/can_plugins2/include/can_plugins2/can_plugins2/msg/detail
-- Up-to-date: /home/yumasgmt/ros2_ws/install/can_plugins2/include/can_plugins2/can_plugins2/msg/detail/frame__functions.h
-- Up-to-date: /home/yumasgmt/ros2_ws/install/can_plugins2/include/can_plugins2/can_plugins2/msg/detail/frame__type_support.h
-- Up-to-date: /home/yumasgmt/ros2_ws/install/can_plugins2/include/can_plugins2/can_plugins2/msg/detail/frame__struct.h
-- Up-to-date: /home/yumasgmt/ros2_ws/install/can_plugins2/include/can_plugins2/can_plugins2/msg/detail/frame__functions.c
-- Up-to-date: /home/yumasgmt/ros2_ws/install/can_plugins2/share/can_plugins2/environment/library_path.sh
-- Up-to-date: /home/yumasgmt/ros2_ws/install/can_plugins2/share/can_plugins2/environment/library_path.dsv
-- Up-to-date: /home/yumasgmt/ros2_ws/install/can_plugins2/lib/libcan_plugins2__rosidl_generator_c.so
-- Up-to-date: /home/yumasgmt/ros2_ws/install/can_plugins2/include/can_plugins2/can_plugins2
-- Up-to-date: /home/yumasgmt/ros2_ws/install/can_plugins2/include/can_plugins2/can_plugins2/msg
-- Up-to-date: /home/yumasgmt/ros2_ws/install/can_plugins2/include/can_plugins2/can_plugins2/msg/rosidl_typesupport_fastrtps_c__visibility_control.h
-- Up-to-date: /home/yumasgmt/ros2_ws/install/can_plugins2/include/can_plugins2/can_plugins2/msg/detail
-- Up-to-date: /home/yumasgmt/ros2_ws/install/can_plugins2/include/can_plugins2/can_plugins2/msg/detail/frame__rosidl_typesupport_fastrtps_c.h
-- Up-to-date: /home/yumasgmt/ros2_ws/install/can_plugins2/lib/libcan_plugins2__rosidl_typesupport_fastrtps_c.so
-- Up-to-date: /home/yumasgmt/ros2_ws/install/can_plugins2/include/can_plugins2/can_plugins2
-- Up-to-date: /home/yumasgmt/ros2_ws/install/can_plugins2/include/can_plugins2/can_plugins2/msg
-- Up-to-date: /home/yumasgmt/ros2_ws/install/can_plugins2/include/can_plugins2/can_plugins2/msg/frame.hpp
-- Up-to-date: /home/yumasgmt/ros2_ws/install/can_plugins2/include/can_plugins2/can_plugins2/msg/detail
-- Up-to-date: /home/yumasgmt/ros2_ws/install/can_plugins2/include/can_plugins2/can_plugins2/msg/detail/frame__traits.hpp
-- Up-to-date: /home/yumasgmt/ros2_ws/install/can_plugins2/include/can_plugins2/can_plugins2/msg/detail/frame__struct.hpp
-- Up-to-date: /home/yumasgmt/ros2_ws/install/can_plugins2/include/can_plugins2/can_plugins2/msg/detail/frame__builder.hpp
-- Up-to-date: /home/yumasgmt/ros2_ws/install/can_plugins2/include/can_plugins2/can_plugins2
-- Up-to-date: /home/yumasgmt/ros2_ws/install/can_plugins2/include/can_plugins2/can_plugins2/msg
-- Up-to-date: /home/yumasgmt/ros2_ws/install/can_plugins2/include/can_plugins2/can_plugins2/msg/rosidl_typesupport_fastrtps_cpp__visibility_control.h
-- Up-to-date: /home/yumasgmt/ros2_ws/install/can_plugins2/include/can_plugins2/can_plugins2/msg/detail
-- Up-to-date: /home/yumasgmt/ros2_ws/install/can_plugins2/include/can_plugins2/can_plugins2/msg/detail/dds_fastrtps
-- Up-to-date: /home/yumasgmt/ros2_ws/install/can_plugins2/include/can_plugins2/can_plugins2/msg/detail/frame__rosidl_typesupport_fastrtps_cpp.hpp
-- Up-to-date: /home/yumasgmt/ros2_ws/install/can_plugins2/lib/libcan_plugins2__rosidl_typesupport_fastrtps_cpp.so
-- Up-to-date: /home/yumasgmt/ros2_ws/install/can_plugins2/include/can_plugins2/can_plugins2
-- Up-to-date: /home/yumasgmt/ros2_ws/install/can_plugins2/include/can_plugins2/can_plugins2/msg
-- Up-to-date: /home/yumasgmt/ros2_ws/install/can_plugins2/include/can_plugins2/can_plugins2/msg/rosidl_typesupport_introspection_c__visibility_control.h
-- Up-to-date: /home/yumasgmt/ros2_ws/install/can_plugins2/include/can_plugins2/can_plugins2/msg/detail
-- Up-to-date: /home/yumasgmt/ros2_ws/install/can_plugins2/include/can_plugins2/can_plugins2/msg/detail/frame__type_support.c
-- Up-to-date: /home/yumasgmt/ros2_ws/install/can_plugins2/include/can_plugins2/can_plugins2/msg/detail/frame__rosidl_typesupport_introspection_c.h
-- Up-to-date: /home/yumasgmt/ros2_ws/install/can_plugins2/lib/libcan_plugins2__rosidl_typesupport_introspection_c.so
-- Up-to-date: /home/yumasgmt/ros2_ws/install/can_plugins2/lib/libcan_plugins2__rosidl_typesupport_c.so
-- Up-to-date: /home/yumasgmt/ros2_ws/install/can_plugins2/include/can_plugins2/can_plugins2
-- Up-to-date: /home/yumasgmt/ros2_ws/install/can_plugins2/include/can_plugins2/can_plugins2/msg
-- Up-to-date: /home/yumasgmt/ros2_ws/install/can_plugins2/include/can_plugins2/can_plugins2/msg/detail
-- Up-to-date: /home/yumasgmt/ros2_ws/install/can_plugins2/include/can_plugins2/can_plugins2/msg/detail/frame__type_support.cpp
-- Up-to-date: /home/yumasgmt/ros2_ws/install/can_plugins2/include/can_plugins2/can_plugins2/msg/detail/frame__rosidl_typesupport_introspection_cpp.hpp
-- Up-to-date: /home/yumasgmt/ros2_ws/install/can_plugins2/lib/libcan_plugins2__rosidl_typesupport_introspection_cpp.so
-- Up-to-date: /home/yumasgmt/ros2_ws/install/can_plugins2/lib/libcan_plugins2__rosidl_typesupport_cpp.so
-- Up-to-date: /home/yumasgmt/ros2_ws/install/can_plugins2/share/can_plugins2/environment/pythonpath.sh
-- Up-to-date: /home/yumasgmt/ros2_ws/install/can_plugins2/share/can_plugins2/environment/pythonpath.dsv
-- Up-to-date: /home/yumasgmt/ros2_ws/install/can_plugins2/local/lib/python3.10/dist-packages/can_plugins2-0.0.1-py3.10.egg-info
-- Installing: /home/yumasgmt/ros2_ws/install/can_plugins2/local/lib/python3.10/dist-packages/can_plugins2-0.0.1-py3.10.egg-info/top_level.txt
-- Installing: /home/yumasgmt/ros2_ws/install/can_plugins2/local/lib/python3.10/dist-packages/can_plugins2-0.0.1-py3.10.egg-info/dependency_links.txt
-- Installing: /home/yumasgmt/ros2_ws/install/can_plugins2/local/lib/python3.10/dist-packages/can_plugins2-0.0.1-py3.10.egg-info/SOURCES.txt
-- Installing: /home/yumasgmt/ros2_ws/install/can_plugins2/local/lib/python3.10/dist-packages/can_plugins2-0.0.1-py3.10.egg-info/PKG-INFO
-- Up-to-date: /home/yumasgmt/ros2_ws/install/can_plugins2/local/lib/python3.10/dist-packages/can_plugins2
-- Up-to-date: /home/yumasgmt/ros2_ws/install/can_plugins2/local/lib/python3.10/dist-packages/can_plugins2/can_plugins2_s__rosidl_typesupport_introspection_c.cpython-310-x86_64-linux-gnu.so
-- Up-to-date: /home/yumasgmt/ros2_ws/install/can_plugins2/local/lib/python3.10/dist-packages/can_plugins2/_can_plugins2_s.ep.rosidl_typesupport_introspection_c.c
-- Up-to-date: /home/yumasgmt/ros2_ws/install/can_plugins2/local/lib/python3.10/dist-packages/can_plugins2/msg
-- Up-to-date: /home/yumasgmt/ros2_ws/install/can_plugins2/local/lib/python3.10/dist-packages/can_plugins2/msg/_frame_s.c
-- Up-to-date: /home/yumasgmt/ros2_ws/install/can_plugins2/local/lib/python3.10/dist-packages/can_plugins2/msg/_frame.py
-- Up-to-date: /home/yumasgmt/ros2_ws/install/can_plugins2/local/lib/python3.10/dist-packages/can_plugins2/msg/__init__.py
-- Up-to-date: /home/yumasgmt/ros2_ws/install/can_plugins2/local/lib/python3.10/dist-packages/can_plugins2/_can_plugins2_s.ep.rosidl_typesupport_fastrtps_c.c
-- Up-to-date: /home/yumasgmt/ros2_ws/install/can_plugins2/local/lib/python3.10/dist-packages/can_plugins2/can_plugins2_s__rosidl_typesupport_fastrtps_c.cpython-310-x86_64-linux-gnu.so
-- Up-to-date: /home/yumasgmt/ros2_ws/install/can_plugins2/local/lib/python3.10/dist-packages/can_plugins2/__init__.py
-- Up-to-date: /home/yumasgmt/ros2_ws/install/can_plugins2/local/lib/python3.10/dist-packages/can_plugins2/_can_plugins2_s.ep.rosidl_typesupport_c.c
-- Up-to-date: /home/yumasgmt/ros2_ws/install/can_plugins2/local/lib/python3.10/dist-packages/can_plugins2/libcan_plugins2__rosidl_generator_py.so
-- Up-to-date: /home/yumasgmt/ros2_ws/install/can_plugins2/local/lib/python3.10/dist-packages/can_plugins2/can_plugins2_s__rosidl_typesupport_c.cpython-310-x86_64-linux-gnu.so
Listing '/home/yumasgmt/ros2_ws/install/can_plugins2/local/lib/python3.10/dist-packages/can_plugins2'...
Listing '/home/yumasgmt/ros2_ws/install/can_plugins2/local/lib/python3.10/dist-packages/can_plugins2/msg'...
-- Up-to-date: /home/yumasgmt/ros2_ws/install/can_plugins2/local/lib/python3.10/dist-packages/can_plugins2/can_plugins2_s__rosidl_typesupport_fastrtps_c.cpython-310-x86_64-linux-gnu.so
-- Up-to-date: /home/yumasgmt/ros2_ws/install/can_plugins2/local/lib/python3.10/dist-packages/can_plugins2/can_plugins2_s__rosidl_typesupport_introspection_c.cpython-310-x86_64-linux-gnu.so
-- Up-to-date: /home/yumasgmt/ros2_ws/install/can_plugins2/local/lib/python3.10/dist-packages/can_plugins2/can_plugins2_s__rosidl_typesupport_c.cpython-310-x86_64-linux-gnu.so
-- Up-to-date: /home/yumasgmt/ros2_ws/install/can_plugins2/lib/libcan_plugins2__rosidl_generator_py.so
-- Up-to-date: /home/yumasgmt/ros2_ws/install/can_plugins2/share/can_plugins2/msg/Frame.idl
-- Up-to-date: /home/yumasgmt/ros2_ws/install/can_plugins2/share/can_plugins2/msg/Frame.msg
-- Up-to-date: /home/yumasgmt/ros2_ws/install/can_plugins2/include
-- Up-to-date: /home/yumasgmt/ros2_ws/install/can_plugins2/include/can_plugins2
-- Up-to-date: /home/yumasgmt/ros2_ws/install/can_plugins2/include/can_plugins2/can_utils.hpp
-- Installing: /home/yumasgmt/ros2_ws/install/can_plugins2/include/can_plugins2/cobs.hpp
-- Installing: /home/yumasgmt/ros2_ws/install/can_plugins2/include/can_plugins2/slcan_bridge.hpp
-- Installing: /home/yumasgmt/ros2_ws/install/can_plugins2/include/can_plugins2/safe_array.hpp
-- Installing: /home/yumasgmt/ros2_ws/install/can_plugins2/include/can_plugins2/test.hpp
-- Installing: /home/yumasgmt/ros2_ws/install/can_plugins2/lib/libslcan_bridge.so
-- Set runtime path of "/home/yumasgmt/ros2_ws/install/can_plugins2/lib/libslcan_bridge.so" to ""
-- Up-to-date: /home/yumasgmt/ros2_ws/install/can_plugins2/share/can_plugins2/launch
-- Up-to-date: /home/yumasgmt/ros2_ws/install/can_plugins2/share/can_plugins2/launch/slcan_bridge_launch.xml
-- Up-to-date: /home/yumasgmt/ros2_ws/install/can_plugins2/share/can_plugins2/launch/bufferd_slcan_bridge_launch.xml
-- Up-to-date: /home/yumasgmt/ros2_ws/install/can_plugins2/share/ament_index/resource_index/package_run_dependencies/can_plugins2
-- Up-to-date: /home/yumasgmt/ros2_ws/install/can_plugins2/share/ament_index/resource_index/parent_prefix_path/can_plugins2
-- Up-to-date: /home/yumasgmt/ros2_ws/install/can_plugins2/share/can_plugins2/environment/ament_prefix_path.sh
-- Up-to-date: /home/yumasgmt/ros2_ws/install/can_plugins2/share/can_plugins2/environment/ament_prefix_path.dsv
-- Up-to-date: /home/yumasgmt/ros2_ws/install/can_plugins2/share/can_plugins2/environment/path.sh
-- Up-to-date: /home/yumasgmt/ros2_ws/install/can_plugins2/share/can_plugins2/environment/path.dsv
-- Up-to-date: /home/yumasgmt/ros2_ws/install/can_plugins2/share/can_plugins2/local_setup.bash
-- Up-to-date: /home/yumasgmt/ros2_ws/install/can_plugins2/share/can_plugins2/local_setup.sh
-- Up-to-date: /home/yumasgmt/ros2_ws/install/can_plugins2/share/can_plugins2/local_setup.zsh
-- Up-to-date: /home/yumasgmt/ros2_ws/install/can_plugins2/share/can_plugins2/local_setup.dsv
-- Installing: /home/yumasgmt/ros2_ws/install/can_plugins2/share/can_plugins2/package.dsv
-- Up-to-date: /home/yumasgmt/ros2_ws/install/can_plugins2/share/ament_index/resource_index/packages/can_plugins2
-- Up-to-date: /home/yumasgmt/ros2_ws/install/can_plugins2/share/can_plugins2/cmake/export_can_plugins2__rosidl_generator_cExport.cmake
-- Up-to-date: /home/yumasgmt/ros2_ws/install/can_plugins2/share/can_plugins2/cmake/export_can_plugins2__rosidl_generator_cExport-noconfig.cmake
-- Up-to-date: /home/yumasgmt/ros2_ws/install/can_plugins2/share/can_plugins2/cmake/export_can_plugins2__rosidl_typesupport_fastrtps_cExport.cmake
-- Up-to-date: /home/yumasgmt/ros2_ws/install/can_plugins2/share/can_plugins2/cmake/export_can_plugins2__rosidl_typesupport_fastrtps_cExport-noconfig.cmake
-- Up-to-date: /home/yumasgmt/ros2_ws/install/can_plugins2/share/can_plugins2/cmake/export_can_plugins2__rosidl_generator_cppExport.cmake
-- Up-to-date: /home/yumasgmt/ros2_ws/install/can_plugins2/share/can_plugins2/cmake/export_can_plugins2__rosidl_typesupport_fastrtps_cppExport.cmake
-- Up-to-date: /home/yumasgmt/ros2_ws/install/can_plugins2/share/can_plugins2/cmake/export_can_plugins2__rosidl_typesupport_fastrtps_cppExport-noconfig.cmake
-- Up-to-date: /home/yumasgmt/ros2_ws/install/can_plugins2/share/can_plugins2/cmake/can_plugins2__rosidl_typesupport_introspection_cExport.cmake
-- Up-to-date: /home/yumasgmt/ros2_ws/install/can_plugins2/share/can_plugins2/cmake/can_plugins2__rosidl_typesupport_introspection_cExport-noconfig.cmake
-- Up-to-date: /home/yumasgmt/ros2_ws/install/can_plugins2/share/can_plugins2/cmake/can_plugins2__rosidl_typesupport_cExport.cmake
-- Up-to-date: /home/yumasgmt/ros2_ws/install/can_plugins2/share/can_plugins2/cmake/can_plugins2__rosidl_typesupport_cExport-noconfig.cmake
-- Up-to-date: /home/yumasgmt/ros2_ws/install/can_plugins2/share/can_plugins2/cmake/can_plugins2__rosidl_typesupport_introspection_cppExport.cmake
-- Up-to-date: /home/yumasgmt/ros2_ws/install/can_plugins2/share/can_plugins2/cmake/can_plugins2__rosidl_typesupport_introspection_cppExport-noconfig.cmake
-- Up-to-date: /home/yumasgmt/ros2_ws/install/can_plugins2/share/can_plugins2/cmake/can_plugins2__rosidl_typesupport_cppExport.cmake
-- Up-to-date: /home/yumasgmt/ros2_ws/install/can_plugins2/share/can_plugins2/cmake/can_plugins2__rosidl_typesupport_cppExport-noconfig.cmake
-- Up-to-date: /home/yumasgmt/ros2_ws/install/can_plugins2/share/can_plugins2/cmake/export_can_plugins2__rosidl_generator_pyExport.cmake
-- Up-to-date: /home/yumasgmt/ros2_ws/install/can_plugins2/share/can_plugins2/cmake/export_can_plugins2__rosidl_generator_pyExport-noconfig.cmake
-- Up-to-date: /home/yumasgmt/ros2_ws/install/can_plugins2/share/ament_index/resource_index/rclcpp_components/can_plugins2
-- Up-to-date: /home/yumasgmt/ros2_ws/install/can_plugins2/share/can_plugins2/cmake/rosidl_cmake-extras.cmake
-- Up-to-date: /home/yumasgmt/ros2_ws/install/can_plugins2/share/can_plugins2/cmake/ament_cmake_export_dependencies-extras.cmake
-- Up-to-date: /home/yumasgmt/ros2_ws/install/can_plugins2/share/can_plugins2/cmake/ament_cmake_export_include_directories-extras.cmake
-- Up-to-date: /home/yumasgmt/ros2_ws/install/can_plugins2/share/can_plugins2/cmake/ament_cmake_export_libraries-extras.cmake
-- Up-to-date: /home/yumasgmt/ros2_ws/install/can_plugins2/share/can_plugins2/cmake/ament_cmake_export_targets-extras.cmake
-- Up-to-date: /home/yumasgmt/ros2_ws/install/can_plugins2/share/can_plugins2/cmake/rosidl_cmake_export_typesupport_targets-extras.cmake
-- Up-to-date: /home/yumasgmt/ros2_ws/install/can_plugins2/share/can_plugins2/cmake/rosidl_cmake_export_typesupport_libraries-extras.cmake
-- Up-to-date: /home/yumasgmt/ros2_ws/install/can_plugins2/share/can_plugins2/cmake/can_plugins2Config.cmake
-- Up-to-date: /home/yumasgmt/ros2_ws/install/can_plugins2/share/can_plugins2/cmake/can_plugins2Config-version.cmake
-- Up-to-date: /home/yumasgmt/ros2_ws/install/can_plugins2/share/can_plugins2/package.xml
