[0.242s] Invoking command in '/home/yumasgmt/ros2_ws/build/can_plugins2': CMAKE_PREFIX_PATH=/opt/ros/humble /usr/bin/cmake --build /home/yumasgmt/ros2_ws/build/can_plugins2 -- -j4 -l4
[0.370s] [ 12%] Built target can_plugins2__cpp
[0.371s] [ 12%] Built target can_plugins2__rosidl_generator_c
[0.421s] [ 12%] Built target ament_cmake_python_copy_can_plugins2
[0.424s] [ 21%] Built target can_plugins2__rosidl_typesupport_cpp
[0.441s] [ 30%] Built target can_plugins2__rosidl_typesupport_fastrtps_c
[0.458s] [ 39%] Built target can_plugins2__rosidl_typesupport_fastrtps_cpp
[0.479s] [ 48%] Built target can_plugins2__rosidl_typesupport_introspection_c
[0.519s] [ 57%] Built target can_plugins2__rosidl_typesupport_c
[0.545s] [ 66%] Built target can_plugins2__rosidl_typesupport_introspection_cpp
[0.577s] [ 66%] Built target can_plugins2
[0.588s] [ 69%] [32mBuilding CXX object CMakeFiles/slcan_bridge.dir/src/slcan_bridge.cpp.o[0m
[0.633s] [ 72%] Built target can_plugins2__py
[0.718s] [35m[1mConsolidate compiler generated dependencies of target can_plugins2__rosidl_generator_py[0m
[0.749s] [ 78%] Built target can_plugins2__rosidl_generator_py
[0.840s] [35m[1mConsolidate compiler generated dependencies of target can_plugins2__rosidl_typesupport_introspection_c__pyext[0m
[0.914s] [35m[1mConsolidate compiler generated dependencies of target can_plugins2__rosidl_typesupport_fastrtps_c__pyext[0m
[0.966s] [ 84%] Built target can_plugins2__rosidl_typesupport_introspection_c__pyext
[0.985s] [ 90%] Built target can_plugins2__rosidl_typesupport_fastrtps_c__pyext
[1.013s] [35m[1mConsolidate compiler generated dependencies of target can_plugins2__rosidl_typesupport_c__pyext[0m
[1.094s] [ 96%] Built target can_plugins2__rosidl_typesupport_c__pyext
[1.182s] running egg_info
[1.184s] writing can_plugins2.egg-info/PKG-INFO
[1.185s] writing dependency_links to can_plugins2.egg-info/dependency_links.txt
[1.186s] writing top-level names to can_plugins2.egg-info/top_level.txt
[1.191s] reading manifest file 'can_plugins2.egg-info/SOURCES.txt'
[1.192s] writing manifest file 'can_plugins2.egg-info/SOURCES.txt'
[1.259s] [ 96%] Built target ament_cmake_python_build_can_plugins2_egg
[23.987s] [100%] [32m[1mLinking CXX shared library libslcan_bridge.so[0m
[24.946s] [100%] Built target slcan_bridge
[24.960s] Invoked command in '/home/yumasgmt/ros2_ws/build/can_plugins2' returned '0': CMAKE_PREFIX_PATH=/opt/ros/humble /usr/bin/cmake --build /home/yumasgmt/ros2_ws/build/can_plugins2 -- -j4 -l4
[25.031s] Invoking command in '/home/yumasgmt/ros2_ws/build/can_plugins2': CMAKE_PREFIX_PATH=/opt/ros/humble /usr/bin/cmake --install /home/yumasgmt/ros2_ws/build/can_plugins2
[25.043s] -- Install configuration: ""
[25.043s] -- Up-to-date: /home/yumasgmt/ros2_ws/install/can_plugins2/share/ament_index/resource_index/rosidl_interfaces/can_plugins2
[25.043s] -- Up-to-date: /home/yumasgmt/ros2_ws/install/can_plugins2/include/can_plugins2/can_plugins2
[25.045s] -- Up-to-date: /home/yumasgmt/ros2_ws/install/can_plugins2/include/can_plugins2/can_plugins2/msg
[25.046s] -- Up-to-date: /home/yumasgmt/ros2_ws/install/can_plugins2/include/can_plugins2/can_plugins2/msg/frame.h
[25.046s] -- Up-to-date: /home/yumasgmt/ros2_ws/install/can_plugins2/include/can_plugins2/can_plugins2/msg/rosidl_generator_c__visibility_control.h
[25.046s] -- Up-to-date: /home/yumasgmt/ros2_ws/install/can_plugins2/include/can_plugins2/can_plugins2/msg/detail
[25.046s] -- Up-to-date: /home/yumasgmt/ros2_ws/install/can_plugins2/include/can_plugins2/can_plugins2/msg/detail/frame__functions.h
[25.047s] -- Up-to-date: /home/yumasgmt/ros2_ws/install/can_plugins2/include/can_plugins2/can_plugins2/msg/detail/frame__type_support.h
[25.047s] -- Up-to-date: /home/yumasgmt/ros2_ws/install/can_plugins2/include/can_plugins2/can_plugins2/msg/detail/frame__struct.h
[25.047s] -- Up-to-date: /home/yumasgmt/ros2_ws/install/can_plugins2/include/can_plugins2/can_plugins2/msg/detail/frame__functions.c
[25.047s] -- Up-to-date: /home/yumasgmt/ros2_ws/install/can_plugins2/share/can_plugins2/environment/library_path.sh
[25.048s] -- Up-to-date: /home/yumasgmt/ros2_ws/install/can_plugins2/share/can_plugins2/environment/library_path.dsv
[25.048s] -- Up-to-date: /home/yumasgmt/ros2_ws/install/can_plugins2/lib/libcan_plugins2__rosidl_generator_c.so
[25.048s] -- Up-to-date: /home/yumasgmt/ros2_ws/install/can_plugins2/include/can_plugins2/can_plugins2
[25.048s] -- Up-to-date: /home/yumasgmt/ros2_ws/install/can_plugins2/include/can_plugins2/can_plugins2/msg
[25.048s] -- Up-to-date: /home/yumasgmt/ros2_ws/install/can_plugins2/include/can_plugins2/can_plugins2/msg/rosidl_typesupport_fastrtps_c__visibility_control.h
[25.048s] -- Up-to-date: /home/yumasgmt/ros2_ws/install/can_plugins2/include/can_plugins2/can_plugins2/msg/detail
[25.048s] -- Up-to-date: /home/yumasgmt/ros2_ws/install/can_plugins2/include/can_plugins2/can_plugins2/msg/detail/frame__rosidl_typesupport_fastrtps_c.h
[25.052s] -- Up-to-date: /home/yumasgmt/ros2_ws/install/can_plugins2/lib/libcan_plugins2__rosidl_typesupport_fastrtps_c.so
[25.052s] -- Up-to-date: /home/yumasgmt/ros2_ws/install/can_plugins2/include/can_plugins2/can_plugins2
[25.053s] -- Up-to-date: /home/yumasgmt/ros2_ws/install/can_plugins2/include/can_plugins2/can_plugins2/msg
[25.053s] -- Up-to-date: /home/yumasgmt/ros2_ws/install/can_plugins2/include/can_plugins2/can_plugins2/msg/frame.hpp
[25.053s] -- Up-to-date: /home/yumasgmt/ros2_ws/install/can_plugins2/include/can_plugins2/can_plugins2/msg/detail
[25.054s] -- Up-to-date: /home/yumasgmt/ros2_ws/install/can_plugins2/include/can_plugins2/can_plugins2/msg/detail/frame__traits.hpp
[25.054s] -- Up-to-date: /home/yumasgmt/ros2_ws/install/can_plugins2/include/can_plugins2/can_plugins2/msg/detail/frame__struct.hpp
[25.056s] -- Up-to-date: /home/yumasgmt/ros2_ws/install/can_plugins2/include/can_plugins2/can_plugins2/msg/detail/frame__builder.hpp
[25.056s] -- Up-to-date: /home/yumasgmt/ros2_ws/install/can_plugins2/include/can_plugins2/can_plugins2
[25.056s] -- Up-to-date: /home/yumasgmt/ros2_ws/install/can_plugins2/include/can_plugins2/can_plugins2/msg
[25.056s] -- Up-to-date: /home/yumasgmt/ros2_ws/install/can_plugins2/include/can_plugins2/can_plugins2/msg/rosidl_typesupport_fastrtps_cpp__visibility_control.h
[25.057s] -- Up-to-date: /home/yumasgmt/ros2_ws/install/can_plugins2/include/can_plugins2/can_plugins2/msg/detail
[25.057s] -- Up-to-date: /home/yumasgmt/ros2_ws/install/can_plugins2/include/can_plugins2/can_plugins2/msg/detail/dds_fastrtps
[25.057s] -- Up-to-date: /home/yumasgmt/ros2_ws/install/can_plugins2/include/can_plugins2/can_plugins2/msg/detail/frame__rosidl_typesupport_fastrtps_cpp.hpp
[25.058s] -- Up-to-date: /home/yumasgmt/ros2_ws/install/can_plugins2/lib/libcan_plugins2__rosidl_typesupport_fastrtps_cpp.so
[25.058s] -- Up-to-date: /home/yumasgmt/ros2_ws/install/can_plugins2/include/can_plugins2/can_plugins2
[25.059s] -- Up-to-date: /home/yumasgmt/ros2_ws/install/can_plugins2/include/can_plugins2/can_plugins2/msg
[25.059s] -- Up-to-date: /home/yumasgmt/ros2_ws/install/can_plugins2/include/can_plugins2/can_plugins2/msg/rosidl_typesupport_introspection_c__visibility_control.h
[25.060s] -- Up-to-date: /home/yumasgmt/ros2_ws/install/can_plugins2/include/can_plugins2/can_plugins2/msg/detail
[25.060s] -- Up-to-date: /home/yumasgmt/ros2_ws/install/can_plugins2/include/can_plugins2/can_plugins2/msg/detail/frame__type_support.c
[25.061s] -- Up-to-date: /home/yumasgmt/ros2_ws/install/can_plugins2/include/can_plugins2/can_plugins2/msg/detail/frame__rosidl_typesupport_introspection_c.h
[25.061s] -- Up-to-date: /home/yumasgmt/ros2_ws/install/can_plugins2/lib/libcan_plugins2__rosidl_typesupport_introspection_c.so
[25.061s] -- Up-to-date: /home/yumasgmt/ros2_ws/install/can_plugins2/lib/libcan_plugins2__rosidl_typesupport_c.so
[25.061s] -- Up-to-date: /home/yumasgmt/ros2_ws/install/can_plugins2/include/can_plugins2/can_plugins2
[25.062s] -- Up-to-date: /home/yumasgmt/ros2_ws/install/can_plugins2/include/can_plugins2/can_plugins2/msg
[25.062s] -- Up-to-date: /home/yumasgmt/ros2_ws/install/can_plugins2/include/can_plugins2/can_plugins2/msg/detail
[25.063s] -- Up-to-date: /home/yumasgmt/ros2_ws/install/can_plugins2/include/can_plugins2/can_plugins2/msg/detail/frame__type_support.cpp
[25.063s] -- Up-to-date: /home/yumasgmt/ros2_ws/install/can_plugins2/include/can_plugins2/can_plugins2/msg/detail/frame__rosidl_typesupport_introspection_cpp.hpp
[25.063s] -- Up-to-date: /home/yumasgmt/ros2_ws/install/can_plugins2/lib/libcan_plugins2__rosidl_typesupport_introspection_cpp.so
[25.064s] -- Up-to-date: /home/yumasgmt/ros2_ws/install/can_plugins2/lib/libcan_plugins2__rosidl_typesupport_cpp.so
[25.065s] -- Up-to-date: /home/yumasgmt/ros2_ws/install/can_plugins2/share/can_plugins2/environment/pythonpath.sh
[25.065s] -- Up-to-date: /home/yumasgmt/ros2_ws/install/can_plugins2/share/can_plugins2/environment/pythonpath.dsv
[25.065s] -- Up-to-date: /home/yumasgmt/ros2_ws/install/can_plugins2/local/lib/python3.10/dist-packages/can_plugins2-0.0.1-py3.10.egg-info
[25.065s] -- Installing: /home/yumasgmt/ros2_ws/install/can_plugins2/local/lib/python3.10/dist-packages/can_plugins2-0.0.1-py3.10.egg-info/top_level.txt
[25.066s] -- Installing: /home/yumasgmt/ros2_ws/install/can_plugins2/local/lib/python3.10/dist-packages/can_plugins2-0.0.1-py3.10.egg-info/dependency_links.txt
[25.066s] -- Installing: /home/yumasgmt/ros2_ws/install/can_plugins2/local/lib/python3.10/dist-packages/can_plugins2-0.0.1-py3.10.egg-info/SOURCES.txt
[25.067s] -- Installing: /home/yumasgmt/ros2_ws/install/can_plugins2/local/lib/python3.10/dist-packages/can_plugins2-0.0.1-py3.10.egg-info/PKG-INFO
[25.067s] -- Up-to-date: /home/yumasgmt/ros2_ws/install/can_plugins2/local/lib/python3.10/dist-packages/can_plugins2
[25.068s] -- Up-to-date: /home/yumasgmt/ros2_ws/install/can_plugins2/local/lib/python3.10/dist-packages/can_plugins2/can_plugins2_s__rosidl_typesupport_introspection_c.cpython-310-x86_64-linux-gnu.so
[25.068s] -- Up-to-date: /home/yumasgmt/ros2_ws/install/can_plugins2/local/lib/python3.10/dist-packages/can_plugins2/_can_plugins2_s.ep.rosidl_typesupport_introspection_c.c
[25.068s] -- Up-to-date: /home/yumasgmt/ros2_ws/install/can_plugins2/local/lib/python3.10/dist-packages/can_plugins2/msg
[25.068s] -- Up-to-date: /home/yumasgmt/ros2_ws/install/can_plugins2/local/lib/python3.10/dist-packages/can_plugins2/msg/_frame_s.c
[25.069s] -- Up-to-date: /home/yumasgmt/ros2_ws/install/can_plugins2/local/lib/python3.10/dist-packages/can_plugins2/msg/_frame.py
[25.069s] -- Up-to-date: /home/yumasgmt/ros2_ws/install/can_plugins2/local/lib/python3.10/dist-packages/can_plugins2/msg/__init__.py
[25.069s] -- Up-to-date: /home/yumasgmt/ros2_ws/install/can_plugins2/local/lib/python3.10/dist-packages/can_plugins2/_can_plugins2_s.ep.rosidl_typesupport_fastrtps_c.c
[25.069s] -- Up-to-date: /home/yumasgmt/ros2_ws/install/can_plugins2/local/lib/python3.10/dist-packages/can_plugins2/can_plugins2_s__rosidl_typesupport_fastrtps_c.cpython-310-x86_64-linux-gnu.so
[25.069s] -- Up-to-date: /home/yumasgmt/ros2_ws/install/can_plugins2/local/lib/python3.10/dist-packages/can_plugins2/__init__.py
[25.069s] -- Up-to-date: /home/yumasgmt/ros2_ws/install/can_plugins2/local/lib/python3.10/dist-packages/can_plugins2/_can_plugins2_s.ep.rosidl_typesupport_c.c
[25.069s] -- Up-to-date: /home/yumasgmt/ros2_ws/install/can_plugins2/local/lib/python3.10/dist-packages/can_plugins2/libcan_plugins2__rosidl_generator_py.so
[25.071s] -- Up-to-date: /home/yumasgmt/ros2_ws/install/can_plugins2/local/lib/python3.10/dist-packages/can_plugins2/can_plugins2_s__rosidl_typesupport_c.cpython-310-x86_64-linux-gnu.so
[25.118s] Listing '/home/yumasgmt/ros2_ws/install/can_plugins2/local/lib/python3.10/dist-packages/can_plugins2'...
[25.118s] Listing '/home/yumasgmt/ros2_ws/install/can_plugins2/local/lib/python3.10/dist-packages/can_plugins2/msg'...
[25.127s] -- Up-to-date: /home/yumasgmt/ros2_ws/install/can_plugins2/local/lib/python3.10/dist-packages/can_plugins2/can_plugins2_s__rosidl_typesupport_fastrtps_c.cpython-310-x86_64-linux-gnu.so
[25.128s] -- Up-to-date: /home/yumasgmt/ros2_ws/install/can_plugins2/local/lib/python3.10/dist-packages/can_plugins2/can_plugins2_s__rosidl_typesupport_introspection_c.cpython-310-x86_64-linux-gnu.so
[25.129s] -- Up-to-date: /home/yumasgmt/ros2_ws/install/can_plugins2/local/lib/python3.10/dist-packages/can_plugins2/can_plugins2_s__rosidl_typesupport_c.cpython-310-x86_64-linux-gnu.so
[25.130s] -- Up-to-date: /home/yumasgmt/ros2_ws/install/can_plugins2/lib/libcan_plugins2__rosidl_generator_py.so
[25.130s] -- Up-to-date: /home/yumasgmt/ros2_ws/install/can_plugins2/share/can_plugins2/msg/Frame.idl
[25.130s] -- Up-to-date: /home/yumasgmt/ros2_ws/install/can_plugins2/share/can_plugins2/msg/Frame.msg
[25.131s] -- Up-to-date: /home/yumasgmt/ros2_ws/install/can_plugins2/include
[25.131s] -- Up-to-date: /home/yumasgmt/ros2_ws/install/can_plugins2/include/can_plugins2
[25.131s] -- Up-to-date: /home/yumasgmt/ros2_ws/install/can_plugins2/include/can_plugins2/can_utils.hpp
[25.131s] -- Installing: /home/yumasgmt/ros2_ws/install/can_plugins2/include/can_plugins2/cobs.hpp
[25.131s] -- Installing: /home/yumasgmt/ros2_ws/install/can_plugins2/include/can_plugins2/slcan_bridge.hpp
[25.131s] -- Installing: /home/yumasgmt/ros2_ws/install/can_plugins2/include/can_plugins2/safe_array.hpp
[25.132s] -- Installing: /home/yumasgmt/ros2_ws/install/can_plugins2/include/can_plugins2/test.hpp
[25.132s] -- Installing: /home/yumasgmt/ros2_ws/install/can_plugins2/lib/libslcan_bridge.so
[25.145s] -- Set runtime path of "/home/yumasgmt/ros2_ws/install/can_plugins2/lib/libslcan_bridge.so" to ""
[25.145s] -- Up-to-date: /home/yumasgmt/ros2_ws/install/can_plugins2/share/can_plugins2/launch
[25.146s] -- Up-to-date: /home/yumasgmt/ros2_ws/install/can_plugins2/share/can_plugins2/launch/slcan_bridge_launch.xml
[25.146s] -- Up-to-date: /home/yumasgmt/ros2_ws/install/can_plugins2/share/can_plugins2/launch/bufferd_slcan_bridge_launch.xml
[25.146s] -- Up-to-date: /home/yumasgmt/ros2_ws/install/can_plugins2/share/ament_index/resource_index/package_run_dependencies/can_plugins2
[25.146s] -- Up-to-date: /home/yumasgmt/ros2_ws/install/can_plugins2/share/ament_index/resource_index/parent_prefix_path/can_plugins2
[25.146s] -- Up-to-date: /home/yumasgmt/ros2_ws/install/can_plugins2/share/can_plugins2/environment/ament_prefix_path.sh
[25.146s] -- Up-to-date: /home/yumasgmt/ros2_ws/install/can_plugins2/share/can_plugins2/environment/ament_prefix_path.dsv
[25.146s] -- Up-to-date: /home/yumasgmt/ros2_ws/install/can_plugins2/share/can_plugins2/environment/path.sh
[25.146s] -- Up-to-date: /home/yumasgmt/ros2_ws/install/can_plugins2/share/can_plugins2/environment/path.dsv
[25.146s] -- Up-to-date: /home/yumasgmt/ros2_ws/install/can_plugins2/share/can_plugins2/local_setup.bash
[25.146s] -- Up-to-date: /home/yumasgmt/ros2_ws/install/can_plugins2/share/can_plugins2/local_setup.sh
[25.146s] -- Up-to-date: /home/yumasgmt/ros2_ws/install/can_plugins2/share/can_plugins2/local_setup.zsh
[25.147s] -- Up-to-date: /home/yumasgmt/ros2_ws/install/can_plugins2/share/can_plugins2/local_setup.dsv
[25.147s] -- Installing: /home/yumasgmt/ros2_ws/install/can_plugins2/share/can_plugins2/package.dsv
[25.151s] -- Up-to-date: /home/yumasgmt/ros2_ws/install/can_plugins2/share/ament_index/resource_index/packages/can_plugins2
[25.152s] -- Up-to-date: /home/yumasgmt/ros2_ws/install/can_plugins2/share/can_plugins2/cmake/export_can_plugins2__rosidl_generator_cExport.cmake
[25.152s] -- Up-to-date: /home/yumasgmt/ros2_ws/install/can_plugins2/share/can_plugins2/cmake/export_can_plugins2__rosidl_generator_cExport-noconfig.cmake
[25.153s] -- Up-to-date: /home/yumasgmt/ros2_ws/install/can_plugins2/share/can_plugins2/cmake/export_can_plugins2__rosidl_typesupport_fastrtps_cExport.cmake
[25.153s] -- Up-to-date: /home/yumasgmt/ros2_ws/install/can_plugins2/share/can_plugins2/cmake/export_can_plugins2__rosidl_typesupport_fastrtps_cExport-noconfig.cmake
[25.156s] -- Up-to-date: /home/yumasgmt/ros2_ws/install/can_plugins2/share/can_plugins2/cmake/export_can_plugins2__rosidl_generator_cppExport.cmake
[25.157s] -- Up-to-date: /home/yumasgmt/ros2_ws/install/can_plugins2/share/can_plugins2/cmake/export_can_plugins2__rosidl_typesupport_fastrtps_cppExport.cmake
[25.157s] -- Up-to-date: /home/yumasgmt/ros2_ws/install/can_plugins2/share/can_plugins2/cmake/export_can_plugins2__rosidl_typesupport_fastrtps_cppExport-noconfig.cmake
[25.158s] -- Up-to-date: /home/yumasgmt/ros2_ws/install/can_plugins2/share/can_plugins2/cmake/can_plugins2__rosidl_typesupport_introspection_cExport.cmake
[25.158s] -- Up-to-date: /home/yumasgmt/ros2_ws/install/can_plugins2/share/can_plugins2/cmake/can_plugins2__rosidl_typesupport_introspection_cExport-noconfig.cmake
[25.159s] -- Up-to-date: /home/yumasgmt/ros2_ws/install/can_plugins2/share/can_plugins2/cmake/can_plugins2__rosidl_typesupport_cExport.cmake
[25.159s] -- Up-to-date: /home/yumasgmt/ros2_ws/install/can_plugins2/share/can_plugins2/cmake/can_plugins2__rosidl_typesupport_cExport-noconfig.cmake
[25.160s] -- Up-to-date: /home/yumasgmt/ros2_ws/install/can_plugins2/share/can_plugins2/cmake/can_plugins2__rosidl_typesupport_introspection_cppExport.cmake
[25.160s] -- Up-to-date: /home/yumasgmt/ros2_ws/install/can_plugins2/share/can_plugins2/cmake/can_plugins2__rosidl_typesupport_introspection_cppExport-noconfig.cmake
[25.161s] -- Up-to-date: /home/yumasgmt/ros2_ws/install/can_plugins2/share/can_plugins2/cmake/can_plugins2__rosidl_typesupport_cppExport.cmake
[25.161s] -- Up-to-date: /home/yumasgmt/ros2_ws/install/can_plugins2/share/can_plugins2/cmake/can_plugins2__rosidl_typesupport_cppExport-noconfig.cmake
[25.161s] -- Up-to-date: /home/yumasgmt/ros2_ws/install/can_plugins2/share/can_plugins2/cmake/export_can_plugins2__rosidl_generator_pyExport.cmake
[25.162s] -- Up-to-date: /home/yumasgmt/ros2_ws/install/can_plugins2/share/can_plugins2/cmake/export_can_plugins2__rosidl_generator_pyExport-noconfig.cmake
[25.162s] -- Up-to-date: /home/yumasgmt/ros2_ws/install/can_plugins2/share/ament_index/resource_index/rclcpp_components/can_plugins2
[25.163s] -- Up-to-date: /home/yumasgmt/ros2_ws/install/can_plugins2/share/can_plugins2/cmake/rosidl_cmake-extras.cmake
[25.163s] -- Up-to-date: /home/yumasgmt/ros2_ws/install/can_plugins2/share/can_plugins2/cmake/ament_cmake_export_dependencies-extras.cmake
[25.163s] -- Up-to-date: /home/yumasgmt/ros2_ws/install/can_plugins2/share/can_plugins2/cmake/ament_cmake_export_include_directories-extras.cmake
[25.163s] -- Up-to-date: /home/yumasgmt/ros2_ws/install/can_plugins2/share/can_plugins2/cmake/ament_cmake_export_libraries-extras.cmake
[25.163s] -- Up-to-date: /home/yumasgmt/ros2_ws/install/can_plugins2/share/can_plugins2/cmake/ament_cmake_export_targets-extras.cmake
[25.163s] -- Up-to-date: /home/yumasgmt/ros2_ws/install/can_plugins2/share/can_plugins2/cmake/rosidl_cmake_export_typesupport_targets-extras.cmake
[25.163s] -- Up-to-date: /home/yumasgmt/ros2_ws/install/can_plugins2/share/can_plugins2/cmake/rosidl_cmake_export_typesupport_libraries-extras.cmake
[25.163s] -- Up-to-date: /home/yumasgmt/ros2_ws/install/can_plugins2/share/can_plugins2/cmake/can_plugins2Config.cmake
[25.164s] -- Up-to-date: /home/yumasgmt/ros2_ws/install/can_plugins2/share/can_plugins2/cmake/can_plugins2Config-version.cmake
[25.164s] -- Up-to-date: /home/yumasgmt/ros2_ws/install/can_plugins2/share/can_plugins2/package.xml
[25.166s] Invoked command in '/home/yumasgmt/ros2_ws/build/can_plugins2' returned '0': CMAKE_PREFIX_PATH=/opt/ros/humble /usr/bin/cmake --install /home/yumasgmt/ros2_ws/build/can_plugins2
